#
# There is insufficient memory for the Java Runtime Environment to continue.
# Native memory allocation (mmap) failed to map 62914560 bytes. Error detail: G1 virtual space
# Possible reasons:
#   The system is out of physical RAM or swap space
#   This process is running with CompressedOops enabled, and the Java Heap may be blocking the growth of the native heap
# Possible solutions:
#   Reduce memory load on the system
#   Increase physical memory or swap space
#   Check if swap backing store is full
#   Decrease Java heap size (-Xmx/-Xms)
#   Decrease number of Java threads
#   Decrease Java thread stack sizes (-Xss)
#   Set larger code cache with -XX:ReservedCodeCacheSize=
#   JVM is running with Unscaled Compressed Oops mode in which the Java heap is
#     placed in the first 4GB address space. The Java Heap base address is the
#     maximum limit for the native heap growth. Please use -XX:HeapBaseMinAddress
#     to set the Java Heap base and to place the Java Heap above 4GB virtual address.
# This output file may be truncated or incomplete.
#
#  Out of Memory Error (os_windows.cpp:3618), pid=20284, tid=5556
#
# JRE version: OpenJDK Runtime Environment Temurin-17.0.15+6 (17.0.15+6) (build 17.0.15+6)
# Java VM: OpenJDK 64-Bit Server VM Temurin-17.0.15+6 (17.0.15+6, mixed mode, sharing, tiered, compressed oops, compressed class ptrs, g1 gc, windows-amd64)
# No core dump will be written. Minidumps are not enabled by default on client versions of Windows
#

---------------  S U M M A R Y ------------

Command Line: --add-opens=java.base/java.util=ALL-UNNAMED --add-opens=java.base/java.lang=ALL-UNNAMED --add-opens=java.base/java.lang.invoke=ALL-UNNAMED --add-opens=java.prefs/java.util.prefs=ALL-UNNAMED --add-opens=java.base/java.nio.charset=ALL-UNNAMED --add-opens=java.base/java.net=ALL-UNNAMED --add-opens=java.base/java.util.concurrent.atomic=ALL-UNNAMED -Xmx2G -Dfile.encoding=windows-1252 -Duser.country=US -Duser.language=en -Duser.variant -javaagent:C:\Users\chill\.gradle\wrapper\dists\gradle-8.8-bin\dl7vupf4psengwqhwktix4v1\gradle-8.8\lib\agents\gradle-instrumentation-agent-8.8.jar org.gradle.launcher.daemon.bootstrap.GradleDaemon 8.8

Host: Intel(R) Core(TM) i5-8365U CPU @ 1.60GHz, 8 cores, 15G,  Windows 11 , 64 bit Build 26100 (10.0.26100.6725)
Time: Tue Feb 17 21:11:29 2026 SE Asia Standard Time elapsed time: 41.800088 seconds (0d 0h 0m 41s)

---------------  T H R E A D  ---------------

Current thread (0x000001d76e28b980):  VMThread "VM Thread" [stack: 0x00000056f8300000,0x00000056f8400000] [id=5556]

Stack: [0x00000056f8300000,0x00000056f8400000]
Native frames: (J=compiled Java code, j=interpreted, Vv=VM code, C=native code)
V  [jvm.dll+0x682fc9]
V  [jvm.dll+0x839878]
V  [jvm.dll+0x83b323]
V  [jvm.dll+0x83b993]
V  [jvm.dll+0x24725f]
V  [jvm.dll+0x67fda9]
V  [jvm.dll+0x674c9a]
V  [jvm.dll+0x304d06]
V  [jvm.dll+0x30c1c6]
V  [jvm.dll+0x35dd4e]
V  [jvm.dll+0x35df8d]
V  [jvm.dll+0x2dc0cc]
V  [jvm.dll+0x2da46f]
V  [jvm.dll+0x2d9bdc]
V  [jvm.dll+0x31d3bb]
V  [jvm.dll+0x8401cd]
V  [jvm.dll+0x840f03]
V  [jvm.dll+0x84142f]
V  [jvm.dll+0x841814]
V  [jvm.dll+0x8418de]
V  [jvm.dll+0x7e94dc]
V  [jvm.dll+0x681ea7]
C  [ucrtbase.dll+0x37b0]
C  [KERNEL32.DLL+0x2e8d7]
C  [ntdll.dll+0x8c53c]

VM_Operation (0x00000056fe8fa490): G1CollectForAllocation, mode: safepoint, requested by thread 0x000001d775a9c590


---------------  P R O C E S S  ---------------

Threads class SMR info:
_java_thread_list=0x000001d776bcb730, length=103, elements={
0x000001d74f591b10, 0x000001d76e292990, 0x000001d76e293e80, 0x000001d76e2c7ad0,
0x000001d76e2c7fb0, 0x000001d76e2c8490, 0x000001d76e2c8970, 0x000001d76e2d4930,
0x000001d76e2d6e60, 0x000001d76e3013b0, 0x000001d76e3c6840, 0x000001d76e4da090,
0x000001d7742ae010, 0x000001d773516c20, 0x000001d774054420, 0x000001d77410db00,
0x000001d7741c53f0, 0x000001d7740edbf0, 0x000001d7740ef030, 0x000001d7740eb880,
0x000001d7740ed6e0, 0x000001d7740ee610, 0x000001d7740ec2a0, 0x000001d7740eccc0,
0x000001d7740ebd90, 0x000001d7740ed1d0, 0x000001d7740eeb20, 0x000001d7740ee100,
0x000001d775660020, 0x000001d775660f50, 0x000001d77565e1c0, 0x000001d77565f600,
0x000001d775660530, 0x000001d77565ebe0, 0x000001d77565f0f0, 0x000001d77565d7a0,
0x000001d775661460, 0x000001d77565dcb0, 0x000001d775661970, 0x000001d775661e80,
0x000001d77565e6d0, 0x000001d775664c10, 0x000001d775662db0, 0x000001d7756637d0,
0x000001d7756628a0, 0x000001d7756632c0, 0x000001d775663ce0, 0x000001d775664700,
0x000001d7756641f0, 0x000001d775665120, 0x000001d774b72510, 0x000001d774b6fc90,
0x000001d774b72000, 0x000001d774b710d0, 0x000001d774b71af0, 0x000001d774b715e0,
0x000001d774b6f780, 0x000001d774b70bc0, 0x000001d774b701a0, 0x000001d774b6ed60,
0x000001d774b72a20, 0x000001d774b706b0, 0x000001d774b6f270, 0x000001d774b74370,
0x000001d774b74d90, 0x000001d774b72f30, 0x000001d774b761d0, 0x000001d774b74880,
0x000001d774b73440, 0x000001d774b73950, 0x000001d774b752a0, 0x000001d774b757b0,
0x000001d774b75cc0, 0x000001d774b73e60, 0x000001d775a9ac40, 0x000001d775a9caa0,
0x000001d775a9b150, 0x000001d775a9b660, 0x000001d775a9cfb0, 0x000001d775a9bb70,
0x000001d775a9c080, 0x000001d775a9d4c0, 0x000001d775a9d9d0, 0x000001d775a9a730,
0x000001d775a9e3f0, 0x000001d775a9dee0, 0x000001d775a9e900, 0x000001d775a9ee10,
0x000001d775a9f320, 0x000001d775a9f830, 0x000001d775a9fd40, 0x000001d775a9c590,
0x000001d775aa0250, 0x000001d775aa0760, 0x000001d775aa0c70, 0x000001d775aa1180,
0x000001d775aa1690, 0x000001d775aa1ba0, 0x000001d775aa20b0, 0x000001d7784a2ef0,
0x000001d7784a4d50, 0x000001d7784a3910, 0x000001d777d06850
}

Java Threads: ( => current thread )
  0x000001d74f591b10 JavaThread "main" [_thread_blocked, id=21936, stack(0x00000056f7d00000,0x00000056f7e00000)]
  0x000001d76e292990 JavaThread "Reference Handler" daemon [_thread_blocked, id=16372, stack(0x00000056f8400000,0x00000056f8500000)]
  0x000001d76e293e80 JavaThread "Finalizer" daemon [_thread_blocked, id=8356, stack(0x00000056f8500000,0x00000056f8600000)]
  0x000001d76e2c7ad0 JavaThread "Signal Dispatcher" daemon [_thread_blocked, id=15956, stack(0x00000056f8600000,0x00000056f8700000)]
  0x000001d76e2c7fb0 JavaThread "Attach Listener" daemon [_thread_blocked, id=11132, stack(0x00000056f8700000,0x00000056f8800000)]
  0x000001d76e2c8490 JavaThread "Service Thread" daemon [_thread_blocked, id=19128, stack(0x00000056f8800000,0x00000056f8900000)]
  0x000001d76e2c8970 JavaThread "Monitor Deflation Thread" daemon [_thread_blocked, id=17592, stack(0x00000056f8900000,0x00000056f8a00000)]
  0x000001d76e2d4930 JavaThread "C2 CompilerThread0" daemon [_thread_blocked, id=15156, stack(0x00000056f8a00000,0x00000056f8b00000)]
  0x000001d76e2d6e60 JavaThread "C1 CompilerThread0" daemon [_thread_blocked, id=1076, stack(0x00000056f8b00000,0x00000056f8c00000)]
  0x000001d76e3013b0 JavaThread "Sweeper thread" daemon [_thread_blocked, id=2184, stack(0x00000056f8c00000,0x00000056f8d00000)]
  0x000001d76e3c6840 JavaThread "Common-Cleaner" daemon [_thread_blocked, id=8592, stack(0x00000056f8d00000,0x00000056f8e00000)]
  0x000001d76e4da090 JavaThread "Notification Thread" daemon [_thread_blocked, id=12092, stack(0x00000056f8e00000,0x00000056f8f00000)]
  0x000001d7742ae010 JavaThread "Daemon health stats" [_thread_blocked, id=11496, stack(0x00000056f9100000,0x00000056f9200000)]
  0x000001d773516c20 JavaThread "Incoming local TCP Connector on port 61978" [_thread_in_native, id=7476, stack(0x00000056f9000000,0x00000056f9100000)]
  0x000001d774054420 JavaThread "Daemon periodic checks" [_thread_blocked, id=11628, stack(0x00000056f9700000,0x00000056f9800000)]
  0x000001d77410db00 JavaThread "Daemon" [_thread_blocked, id=11096, stack(0x00000056f9800000,0x00000056f9900000)]
  0x000001d7741c53f0 JavaThread "Handler for socket connection from /127.0.0.1:61978 to /127.0.0.1:61979" [_thread_in_native, id=21160, stack(0x00000056f9900000,0x00000056f9a00000)]
  0x000001d7740edbf0 JavaThread "Cancel handler" [_thread_blocked, id=16356, stack(0x00000056f9a00000,0x00000056f9b00000)]
  0x000001d7740ef030 JavaThread "Daemon worker" [_thread_blocked, id=23084, stack(0x00000056f9b00000,0x00000056f9c00000)]
  0x000001d7740eb880 JavaThread "Asynchronous log dispatcher for DefaultDaemonConnection: socket connection from /127.0.0.1:61978 to /127.0.0.1:61979" [_thread_blocked, id=9508, stack(0x00000056f9c00000,0x00000056f9d00000)]
  0x000001d7740ed6e0 JavaThread "Stdin handler" [_thread_blocked, id=17900, stack(0x00000056f9d00000,0x00000056f9e00000)]
  0x000001d7740ee610 JavaThread "Daemon client event forwarder" [_thread_blocked, id=10500, stack(0x00000056f9e00000,0x00000056f9f00000)]
  0x000001d7740ec2a0 JavaThread "Cache worker for journal cache (C:\Users\chill\.gradle\caches\journal-1)" [_thread_blocked, id=2988, stack(0x00000056f9f00000,0x00000056fa000000)]
  0x000001d7740eccc0 JavaThread "File lock request listener" [_thread_in_native, id=19544, stack(0x00000056fa000000,0x00000056fa100000)]
  0x000001d7740ebd90 JavaThread "Cache worker for file hash cache (C:\Users\chill\.gradle\caches\8.8\fileHashes)" [_thread_blocked, id=20380, stack(0x00000056fa200000,0x00000056fa300000)]
  0x000001d7740ed1d0 JavaThread "Cache worker for file hash cache (C:\Users\chill\Downloads\ZooTycoonSimulation\.gradle\8.8\fileHashes)" [_thread_blocked, id=15472, stack(0x00000056fa500000,0x00000056fa600000)]
  0x000001d7740eeb20 JavaThread "File watcher server" daemon [_thread_blocked, id=12724, stack(0x00000056fa600000,0x00000056fa700000)]
  0x000001d7740ee100 JavaThread "File watcher consumer" daemon [_thread_blocked, id=6276, stack(0x00000056fa700000,0x00000056fa800000)]
  0x000001d775660020 JavaThread "Cache worker for checksums cache (C:\Users\chill\Downloads\ZooTycoonSimulation\.gradle\8.8\checksums)" [_thread_blocked, id=8820, stack(0x00000056fa100000,0x00000056fa200000)]
  0x000001d775660f50 JavaThread "Cache worker for file content cache (C:\Users\chill\.gradle\caches\8.8\fileContent)" [_thread_blocked, id=11340, stack(0x00000056fa900000,0x00000056faa00000)]
  0x000001d77565e1c0 JavaThread "Cache worker for cache directory md-rule (C:\Users\chill\.gradle\caches\8.8\md-rule)" [_thread_blocked, id=3188, stack(0x00000056faa00000,0x00000056fab00000)]
  0x000001d77565f600 JavaThread "Cache worker for cache directory md-supplier (C:\Users\chill\.gradle\caches\8.8\md-supplier)" [_thread_blocked, id=9072, stack(0x00000056fac00000,0x00000056fad00000)]
  0x000001d775660530 JavaThread "jar transforms" [_thread_blocked, id=17872, stack(0x00000056fae00000,0x00000056faf00000)]
  0x000001d77565ebe0 JavaThread "Unconstrained build operations" [_thread_blocked, id=20472, stack(0x00000056faf00000,0x00000056fb000000)]
  0x000001d77565f0f0 JavaThread "Unconstrained build operations Thread 2" [_thread_blocked, id=20332, stack(0x00000056fb000000,0x00000056fb100000)]
  0x000001d77565d7a0 JavaThread "Unconstrained build operations Thread 3" [_thread_blocked, id=7820, stack(0x00000056fb100000,0x00000056fb200000)]
  0x000001d775661460 JavaThread "Unconstrained build operations Thread 4" [_thread_blocked, id=14304, stack(0x00000056fb200000,0x00000056fb300000)]
  0x000001d77565dcb0 JavaThread "Unconstrained build operations Thread 5" [_thread_blocked, id=18248, stack(0x00000056fb300000,0x00000056fb400000)]
  0x000001d775661970 JavaThread "Unconstrained build operations Thread 6" [_thread_blocked, id=18664, stack(0x00000056fb400000,0x00000056fb500000)]
  0x000001d775661e80 JavaThread "jar transforms Thread 2" [_thread_blocked, id=10504, stack(0x00000056fb500000,0x00000056fb600000)]
  0x000001d77565e6d0 JavaThread "Cache worker for Build Output Cleanup Cache (C:\Users\chill\Downloads\ZooTycoonSimulation\.gradle\buildOutputCleanup)" [_thread_blocked, id=23500, stack(0x00000056fad00000,0x00000056fae00000)]
  0x000001d775664c10 JavaThread "jar transforms Thread 3" [_thread_blocked, id=12392, stack(0x00000056fb600000,0x00000056fb700000)]
  0x000001d775662db0 JavaThread "Unconstrained build operations Thread 7" [_thread_blocked, id=4068, stack(0x00000056fab00000,0x00000056fac00000)]
  0x000001d7756637d0 JavaThread "Unconstrained build operations Thread 8" [_thread_blocked, id=3448, stack(0x00000056fb700000,0x00000056fb800000)]
  0x000001d7756628a0 JavaThread "Unconstrained build operations Thread 9" [_thread_blocked, id=20476, stack(0x00000056fb800000,0x00000056fb900000)]
  0x000001d7756632c0 JavaThread "Unconstrained build operations Thread 10" [_thread_blocked, id=22592, stack(0x00000056fb900000,0x00000056fba00000)]
  0x000001d775663ce0 JavaThread "Unconstrained build operations Thread 11" [_thread_blocked, id=12600, stack(0x00000056fba00000,0x00000056fbb00000)]
  0x000001d775664700 JavaThread "Unconstrained build operations Thread 12" [_thread_blocked, id=10884, stack(0x00000056fbb00000,0x00000056fbc00000)]
  0x000001d7756641f0 JavaThread "Unconstrained build operations Thread 13" [_thread_blocked, id=1444, stack(0x00000056fbc00000,0x00000056fbd00000)]
  0x000001d775665120 JavaThread "Unconstrained build operations Thread 14" [_thread_blocked, id=20100, stack(0x00000056fbd00000,0x00000056fbe00000)]
  0x000001d774b72510 JavaThread "Unconstrained build operations Thread 15" [_thread_blocked, id=17392, stack(0x00000056fbe00000,0x00000056fbf00000)]
  0x000001d774b6fc90 JavaThread "Unconstrained build operations Thread 16" [_thread_blocked, id=11796, stack(0x00000056fbf00000,0x00000056fc000000)]
  0x000001d774b72000 JavaThread "Unconstrained build operations Thread 17" [_thread_blocked, id=13024, stack(0x00000056fc000000,0x00000056fc100000)]
  0x000001d774b710d0 JavaThread "Unconstrained build operations Thread 18" [_thread_blocked, id=22044, stack(0x00000056fc100000,0x00000056fc200000)]
  0x000001d774b71af0 JavaThread "Unconstrained build operations Thread 19" [_thread_blocked, id=18256, stack(0x00000056fc200000,0x00000056fc300000)]
  0x000001d774b715e0 JavaThread "Unconstrained build operations Thread 20" [_thread_blocked, id=4036, stack(0x00000056fc300000,0x00000056fc400000)]
  0x000001d774b6f780 JavaThread "Unconstrained build operations Thread 21" [_thread_blocked, id=12120, stack(0x00000056fc400000,0x00000056fc500000)]
  0x000001d774b70bc0 JavaThread "Unconstrained build operations Thread 22" [_thread_blocked, id=21060, stack(0x00000056fc500000,0x00000056fc600000)]
  0x000001d774b701a0 JavaThread "Unconstrained build operations Thread 23" [_thread_blocked, id=10020, stack(0x00000056fc600000,0x00000056fc700000)]
  0x000001d774b6ed60 JavaThread "Unconstrained build operations Thread 24" [_thread_blocked, id=23472, stack(0x00000056fc700000,0x00000056fc800000)]
  0x000001d774b72a20 JavaThread "Unconstrained build operations Thread 25" [_thread_blocked, id=4712, stack(0x00000056fc800000,0x00000056fc900000)]
  0x000001d774b706b0 JavaThread "Unconstrained build operations Thread 26" [_thread_blocked, id=19584, stack(0x00000056fc900000,0x00000056fca00000)]
  0x000001d774b6f270 JavaThread "Unconstrained build operations Thread 27" [_thread_blocked, id=6208, stack(0x00000056fca00000,0x00000056fcb00000)]
  0x000001d774b74370 JavaThread "Memory manager" [_thread_blocked, id=18812, stack(0x00000056fcc00000,0x00000056fcd00000)]
  0x000001d774b74d90 JavaThread "jar transforms Thread 4" [_thread_blocked, id=18076, stack(0x00000056fcd00000,0x00000056fce00000)]
  0x000001d774b72f30 JavaThread "Unconstrained build operations Thread 28" [_thread_blocked, id=4644, stack(0x00000056fcf00000,0x00000056fd000000)]
  0x000001d774b761d0 JavaThread "Unconstrained build operations Thread 29" [_thread_blocked, id=7120, stack(0x00000056fd000000,0x00000056fd100000)]
  0x000001d774b74880 JavaThread "Unconstrained build operations Thread 30" [_thread_blocked, id=16392, stack(0x00000056fd100000,0x00000056fd200000)]
  0x000001d774b73440 JavaThread "Unconstrained build operations Thread 31" [_thread_blocked, id=11008, stack(0x00000056fd200000,0x00000056fd300000)]
  0x000001d774b73950 JavaThread "Unconstrained build operations Thread 32" [_thread_blocked, id=19396, stack(0x00000056fd300000,0x00000056fd400000)]
  0x000001d774b752a0 JavaThread "Unconstrained build operations Thread 33" [_thread_blocked, id=21452, stack(0x00000056fd400000,0x00000056fd500000)]
  0x000001d774b757b0 JavaThread "Unconstrained build operations Thread 34" [_thread_blocked, id=3360, stack(0x00000056fd500000,0x00000056fd600000)]
  0x000001d774b75cc0 JavaThread "Unconstrained build operations Thread 35" [_thread_blocked, id=11988, stack(0x00000056fce00000,0x00000056fcf00000)]
  0x000001d774b73e60 JavaThread "Unconstrained build operations Thread 36" [_thread_blocked, id=2764, stack(0x00000056fd600000,0x00000056fd700000)]
  0x000001d775a9ac40 JavaThread "Unconstrained build operations Thread 37" [_thread_blocked, id=22344, stack(0x00000056fd700000,0x00000056fd800000)]
  0x000001d775a9caa0 JavaThread "Unconstrained build operations Thread 38" [_thread_blocked, id=2724, stack(0x00000056fd800000,0x00000056fd900000)]
  0x000001d775a9b150 JavaThread "Unconstrained build operations Thread 39" [_thread_blocked, id=19224, stack(0x00000056fd900000,0x00000056fda00000)]
  0x000001d775a9b660 JavaThread "Unconstrained build operations Thread 40" [_thread_blocked, id=740, stack(0x00000056fda00000,0x00000056fdb00000)]
  0x000001d775a9cfb0 JavaThread "Unconstrained build operations Thread 41" [_thread_blocked, id=21028, stack(0x00000056fdb00000,0x00000056fdc00000)]
  0x000001d775a9bb70 JavaThread "ForkJoinPool.commonPool-worker-1" daemon [_thread_blocked, id=16456, stack(0x00000056fdd00000,0x00000056fde00000)]
  0x000001d775a9c080 JavaThread "ForkJoinPool.commonPool-worker-2" daemon [_thread_blocked, id=11976, stack(0x00000056fde00000,0x00000056fdf00000)]
  0x000001d775a9d4c0 JavaThread "ForkJoinPool.commonPool-worker-3" daemon [_thread_blocked, id=17948, stack(0x00000056fdf00000,0x00000056fe000000)]
  0x000001d775a9d9d0 JavaThread "ForkJoinPool.commonPool-worker-4" daemon [_thread_blocked, id=21956, stack(0x00000056fe000000,0x00000056fe100000)]
  0x000001d775a9a730 JavaThread "ForkJoinPool.commonPool-worker-5" daemon [_thread_blocked, id=17500, stack(0x00000056fe100000,0x00000056fe200000)]
  0x000001d775a9e3f0 JavaThread "ForkJoinPool.commonPool-worker-6" daemon [_thread_blocked, id=18112, stack(0x00000056fe200000,0x00000056fe300000)]
  0x000001d775a9dee0 JavaThread "Exec process" [_thread_blocked, id=12184, stack(0x00000056fe300000,0x00000056fe400000)]
  0x000001d775a9e900 JavaThread "Exec process Thread 2" [_thread_blocked, id=16984, stack(0x00000056fe400000,0x00000056fe500000)]
  0x000001d775a9ee10 JavaThread "Exec process Thread 3" [_thread_blocked, id=19220, stack(0x00000056fe500000,0x00000056fe600000)]
  0x000001d775a9f320 JavaThread "ForkJoinPool.commonPool-worker-7" daemon [_thread_blocked, id=14476, stack(0x00000056fcb00000,0x00000056fcc00000)]
  0x000001d775a9f830 JavaThread "included builds" [_thread_blocked, id=6560, stack(0x00000056fe600000,0x00000056fe700000)]
  0x000001d775a9fd40 JavaThread "Execution worker" [_thread_blocked, id=23228, stack(0x00000056fe700000,0x00000056fe800000)]
  0x000001d775a9c590 JavaThread "Execution worker Thread 2" [_thread_blocked, id=10052, stack(0x00000056fe800000,0x00000056fe900000)]
  0x000001d775aa0250 JavaThread "Execution worker Thread 3" [_thread_blocked, id=23248, stack(0x00000056fe900000,0x00000056fea00000)]
  0x000001d775aa0760 JavaThread "Execution worker Thread 4" [_thread_blocked, id=15096, stack(0x00000056fea00000,0x00000056feb00000)]
  0x000001d775aa0c70 JavaThread "Execution worker Thread 5" [_thread_blocked, id=22388, stack(0x00000056feb00000,0x00000056fec00000)]
  0x000001d775aa1180 JavaThread "Execution worker Thread 6" [_thread_blocked, id=12216, stack(0x00000056fec00000,0x00000056fed00000)]
  0x000001d775aa1690 JavaThread "Execution worker Thread 7" [_thread_blocked, id=23492, stack(0x00000056fed00000,0x00000056fee00000)]
  0x000001d775aa1ba0 JavaThread "Cache worker for execution history cache (C:\Users\chill\Downloads\ZooTycoonSimulation\.gradle\8.8\executionHistory)" [_thread_blocked, id=22516, stack(0x00000056fee00000,0x00000056fef00000)]
  0x000001d775aa20b0 JavaThread "Unconstrained build operations Thread 42" [_thread_blocked, id=8956, stack(0x00000056ff100000,0x00000056ff200000)]
  0x000001d7784a2ef0 JavaThread "Unconstrained build operations Thread 43" [_thread_blocked, id=23028, stack(0x00000056ff200000,0x00000056ff300000)]
  0x000001d7784a4d50 JavaThread "Unconstrained build operations Thread 44" [_thread_blocked, id=14004, stack(0x00000056ff300000,0x00000056ff400000)]
  0x000001d7784a3910 JavaThread "Unconstrained build operations Thread 45" [_thread_blocked, id=8776, stack(0x00000056ff400000,0x00000056ff500000)]
  0x000001d777d06850 JavaThread "C2 CompilerThread1" daemon [_thread_blocked, id=16664, stack(0x00000056fdc00000,0x00000056fdd00000)]

Other Threads:
=>0x000001d76e28b980 VMThread "VM Thread" [stack: 0x00000056f8300000,0x00000056f8400000] [id=5556]
  0x000001d74f5928a0 WatcherThread [stack: 0x00000056f8f00000,0x00000056f9000000] [id=8164]
  0x000001d74dc3d8d0 GCTaskThread "GC Thread#0" [stack: 0x00000056f7e00000,0x00000056f7f00000] [id=11700]
  0x000001d76e5d1690 GCTaskThread "GC Thread#1" [stack: 0x00000056f9200000,0x00000056f9300000] [id=20860]
  0x000001d76e5d1c10 GCTaskThread "GC Thread#2" [stack: 0x00000056f9300000,0x00000056f9400000] [id=6476]
  0x000001d76e5d1ed0 GCTaskThread "GC Thread#3" [stack: 0x00000056f9400000,0x00000056f9500000] [id=17092]
  0x000001d76e5d1950 GCTaskThread "GC Thread#4" [stack: 0x00000056f9500000,0x00000056f9600000] [id=15832]
  0x000001d76e5d08d0 GCTaskThread "GC Thread#5" [stack: 0x00000056f9600000,0x00000056f9700000] [id=8244]
  0x000001d76e5d1110 GCTaskThread "GC Thread#6" [stack: 0x00000056fa300000,0x00000056fa400000] [id=16324]
  0x000001d76e5d13d0 GCTaskThread "GC Thread#7" [stack: 0x00000056fa400000,0x00000056fa500000] [id=21964]
  0x000001d74f5fe580 ConcurrentGCThread "G1 Main Marker" [stack: 0x00000056f7f00000,0x00000056f8000000] [id=5908]
  0x000001d74f5ff650 ConcurrentGCThread "G1 Conc#0" [stack: 0x00000056f8000000,0x00000056f8100000] [id=23172]
  0x000001d7756c1e30 ConcurrentGCThread "G1 Conc#1" [stack: 0x00000056fa800000,0x00000056fa900000] [id=20280]
  0x000001d74f63e8b0 ConcurrentGCThread "G1 Refine#0" [stack: 0x00000056f8100000,0x00000056f8200000] [id=2912]
  0x000001d775ed7980 ConcurrentGCThread "G1 Refine#1" [stack: 0x00000056ff500000,0x00000056ff600000] [id=6668]
  0x000001d776f5f330 ConcurrentGCThread "G1 Refine#2" [stack: 0x00000056ff600000,0x00000056ff700000] [id=17564]
  0x000001d76ec1e2e0 ConcurrentGCThread "G1 Refine#3" [stack: 0x00000056ff700000,0x00000056ff800000] [id=16980]
  0x000001d775ed8540 ConcurrentGCThread "G1 Refine#4" [stack: 0x00000056ff800000,0x00000056ff900000] [id=22308]
  0x000001d775dbb890 ConcurrentGCThread "G1 Refine#5" [stack: 0x00000056ff900000,0x00000056ffa00000] [id=11808]
  0x000001d7766c9690 ConcurrentGCThread "G1 Refine#6" [stack: 0x00000056ffa00000,0x00000056ffb00000] [id=20724]
  0x000001d774b57ab0 ConcurrentGCThread "G1 Refine#7" [stack: 0x00000056ffb00000,0x00000056ffc00000] [id=19644]
  0x000001d74f63eca0 ConcurrentGCThread "G1 Service" [stack: 0x00000056f8200000,0x00000056f8300000] [id=20036]

Threads with active compile tasks:
C2 CompilerThread0    41852 8930       4       net.minecraftforge.srgutils.NamedMappingFile$Cls::field (31 bytes)
C2 CompilerThread1    41852 8929       4       net.minecraftforge.srgutils.NamedMappingFile$Cls::field (6 bytes)

VM state: at safepoint (normal execution)

VM Mutex/Monitor currently owned by a thread:  ([mutex/lock_event])
[0x000001d74f58eda0] Threads_lock - owner thread: 0x000001d76e28b980
[0x000001d74f58d3c0] Heap_lock - owner thread: 0x000001d775a9c590

Heap address: 0x0000000080000000, size: 2048 MB, Compressed Oops mode: 32-bit

CDS archive(s) mapped at: [0x000001d700000000-0x000001d700bb0000-0x000001d700bb0000), size 12255232, SharedBaseAddress: 0x000001d700000000, ArchiveRelocationMode: 1.
Compressed class space mapped at: 0x000001d701000000-0x000001d741000000, reserved size: 1073741824
Narrow klass base: 0x000001d700000000, Narrow klass shift: 0, Narrow klass range: 0x100000000

GC Precious Log:
 CPUs: 8 total, 8 available
 Memory: 16131M
 Large Page Support: Disabled
 NUMA Support: Disabled
 Compressed Oops: Enabled (32-bit)
 Heap Region Size: 1M
 Heap Min Capacity: 8M
 Heap Initial Capacity: 254M
 Heap Max Capacity: 2G
 Pre-touch: Disabled
 Parallel Workers: 8
 Concurrent Workers: 2
 Concurrent Refinement Workers: 8
 Periodic GC: Disabled

Heap:
 garbage-first heap   total 221184K, used 122952K [0x0000000080000000, 0x0000000100000000)
  region size 1024K, 3 young (3072K), 3 survivors (3072K)
 Metaspace       used 61240K, committed 61824K, reserved 1114112K
  class space    used 8689K, committed 8960K, reserved 1048576K

Heap Regions: E=young(eden), S=young(survivor), O=old, HS=humongous(starts), HC=humongous(continues), CS=collection set, F=free, OA=open archive, CA=closed archive, TAMS=top-at-mark-start (previous, next)
|   0|0x0000000080000000, 0x0000000080100000, 0x0000000080100000|100%|HS|  |TAMS 0x0000000080100000, 0x0000000080100000| Complete 
|   1|0x0000000080100000, 0x0000000080200000, 0x0000000080200000|100%|HC|  |TAMS 0x0000000080200000, 0x0000000080200000| Complete 
|   2|0x0000000080200000, 0x0000000080300000, 0x0000000080300000|100%|HC|  |TAMS 0x0000000080300000, 0x0000000080300000| Complete 
|   3|0x0000000080300000, 0x0000000080400000, 0x0000000080400000|100%|HC|  |TAMS 0x0000000080400000, 0x0000000080400000| Complete 
|   4|0x0000000080400000, 0x0000000080500000, 0x0000000080500000|100%| O|  |TAMS 0x0000000080500000, 0x0000000080500000| Untracked 
|   5|0x0000000080500000, 0x0000000080600000, 0x0000000080600000|100%| O|  |TAMS 0x0000000080600000, 0x0000000080600000| Untracked 
|   6|0x0000000080600000, 0x0000000080700000, 0x0000000080700000|100%| O|  |TAMS 0x0000000080700000, 0x0000000080700000| Untracked 
|   7|0x0000000080700000, 0x0000000080800000, 0x0000000080800000|100%| O|  |TAMS 0x0000000080800000, 0x0000000080800000| Untracked 
|   8|0x0000000080800000, 0x0000000080900000, 0x0000000080900000|100%| O|  |TAMS 0x0000000080900000, 0x0000000080900000| Untracked 
|   9|0x0000000080900000, 0x0000000080a00000, 0x0000000080a00000|100%| O|  |TAMS 0x0000000080a00000, 0x0000000080a00000| Untracked 
|  10|0x0000000080a00000, 0x0000000080b00000, 0x0000000080b00000|100%| O|  |TAMS 0x0000000080b00000, 0x0000000080b00000| Untracked 
|  11|0x0000000080b00000, 0x0000000080c00000, 0x0000000080c00000|100%|HS|  |TAMS 0x0000000080c00000, 0x0000000080c00000| Complete 
|  12|0x0000000080c00000, 0x0000000080d00000, 0x0000000080d00000|100%| O|  |TAMS 0x0000000080d00000, 0x0000000080d00000| Untracked 
|  13|0x0000000080d00000, 0x0000000080e00000, 0x0000000080e00000|100%| O|  |TAMS 0x0000000080e00000, 0x0000000080e00000| Untracked 
|  14|0x0000000080e00000, 0x0000000080f00000, 0x0000000080f00000|100%| O|  |TAMS 0x0000000080f00000, 0x0000000080f00000| Untracked 
|  15|0x0000000080f00000, 0x0000000081000000, 0x0000000081000000|100%| O|  |TAMS 0x0000000081000000, 0x0000000081000000| Untracked 
|  16|0x0000000081000000, 0x0000000081100000, 0x0000000081100000|100%| O|  |TAMS 0x0000000081100000, 0x0000000081100000| Untracked 
|  17|0x0000000081100000, 0x0000000081200000, 0x0000000081200000|100%| O|  |TAMS 0x0000000081200000, 0x0000000081200000| Untracked 
|  18|0x0000000081200000, 0x0000000081300000, 0x0000000081300000|100%| O|  |TAMS 0x0000000081300000, 0x0000000081300000| Untracked 
|  19|0x0000000081300000, 0x0000000081400000, 0x0000000081400000|100%| O|  |TAMS 0x0000000081400000, 0x0000000081400000| Untracked 
|  20|0x0000000081400000, 0x0000000081500000, 0x0000000081500000|100%| O|  |TAMS 0x0000000081500000, 0x0000000081500000| Untracked 
|  21|0x0000000081500000, 0x0000000081600000, 0x0000000081600000|100%| O|  |TAMS 0x0000000081600000, 0x0000000081600000| Untracked 
|  22|0x0000000081600000, 0x00000000816ad800, 0x0000000081700000| 67%| O|  |TAMS 0x00000000816ad800, 0x00000000816ad800| Untracked 
|  23|0x0000000081700000, 0x0000000081800000, 0x0000000081800000|100%| O|  |TAMS 0x0000000081800000, 0x0000000081800000| Untracked 
|  24|0x0000000081800000, 0x0000000081900000, 0x0000000081900000|100%| O|  |TAMS 0x0000000081900000, 0x0000000081900000| Untracked 
|  25|0x0000000081900000, 0x0000000081a00000, 0x0000000081a00000|100%| O|  |TAMS 0x0000000081a00000, 0x0000000081a00000| Untracked 
|  26|0x0000000081a00000, 0x0000000081b00000, 0x0000000081b00000|100%| O|  |TAMS 0x0000000081b00000, 0x0000000081b00000| Untracked 
|  27|0x0000000081b00000, 0x0000000081c00000, 0x0000000081c00000|100%| O|  |TAMS 0x0000000081c00000, 0x0000000081c00000| Untracked 
|  28|0x0000000081c00000, 0x0000000081d00000, 0x0000000081d00000|100%|HS|  |TAMS 0x0000000081d00000, 0x0000000081d00000| Complete 
|  29|0x0000000081d00000, 0x0000000081e00000, 0x0000000081e00000|100%|HC|  |TAMS 0x0000000081e00000, 0x0000000081e00000| Complete 
|  30|0x0000000081e00000, 0x0000000081f00000, 0x0000000081f00000|100%| O|  |TAMS 0x0000000081f00000, 0x0000000081f00000| Untracked 
|  31|0x0000000081f00000, 0x0000000082000000, 0x0000000082000000|100%| O|  |TAMS 0x0000000082000000, 0x0000000082000000| Untracked 
|  32|0x0000000082000000, 0x0000000082100000, 0x0000000082100000|100%| O|  |TAMS 0x0000000082100000, 0x0000000082100000| Untracked 
|  33|0x0000000082100000, 0x0000000082200000, 0x0000000082200000|100%| O|  |TAMS 0x0000000082200000, 0x0000000082200000| Untracked 
|  34|0x0000000082200000, 0x0000000082300000, 0x0000000082300000|100%| O|  |TAMS 0x0000000082300000, 0x0000000082300000| Untracked 
|  35|0x0000000082300000, 0x0000000082400000, 0x0000000082400000|100%| O|  |TAMS 0x0000000082400000, 0x0000000082400000| Untracked 
|  36|0x0000000082400000, 0x0000000082500000, 0x0000000082500000|100%| O|  |TAMS 0x0000000082500000, 0x0000000082500000| Untracked 
|  37|0x0000000082500000, 0x0000000082600000, 0x0000000082600000|100%| O|  |TAMS 0x0000000082600000, 0x0000000082600000| Untracked 
|  38|0x0000000082600000, 0x0000000082700000, 0x0000000082700000|100%| O|  |TAMS 0x0000000082700000, 0x0000000082700000| Untracked 
|  39|0x0000000082700000, 0x0000000082800000, 0x0000000082800000|100%| O|  |TAMS 0x0000000082800000, 0x0000000082800000| Untracked 
|  40|0x0000000082800000, 0x0000000082900000, 0x0000000082900000|100%| O|  |TAMS 0x0000000082900000, 0x0000000082900000| Untracked 
|  41|0x0000000082900000, 0x0000000082a00000, 0x0000000082a00000|100%| O|  |TAMS 0x0000000082a00000, 0x0000000082a00000| Untracked 
|  42|0x0000000082a00000, 0x0000000082b00000, 0x0000000082b00000|100%|HS|  |TAMS 0x0000000082a00000, 0x0000000082b00000| Complete 
|  43|0x0000000082b00000, 0x0000000082c00000, 0x0000000082c00000|100%| O|  |TAMS 0x0000000082c00000, 0x0000000082c00000| Untracked 
|  44|0x0000000082c00000, 0x0000000082d00000, 0x0000000082d00000|100%| O|  |TAMS 0x0000000082d00000, 0x0000000082d00000| Untracked 
|  45|0x0000000082d00000, 0x0000000082e00000, 0x0000000082e00000|100%| O|  |TAMS 0x0000000082e00000, 0x0000000082e00000| Untracked 
|  46|0x0000000082e00000, 0x0000000082f00000, 0x0000000082f00000|100%| O|  |TAMS 0x0000000082f00000, 0x0000000082f00000| Untracked 
|  47|0x0000000082f00000, 0x0000000083000000, 0x0000000083000000|100%| O|  |TAMS 0x0000000083000000, 0x0000000083000000| Untracked 
|  48|0x0000000083000000, 0x0000000083100000, 0x0000000083100000|100%| O|  |TAMS 0x0000000083100000, 0x0000000083100000| Untracked 
|  49|0x0000000083100000, 0x0000000083200000, 0x0000000083200000|100%| O|  |TAMS 0x0000000083200000, 0x0000000083200000| Untracked 
|  50|0x0000000083200000, 0x0000000083300000, 0x0000000083300000|100%| O|  |TAMS 0x0000000083300000, 0x0000000083300000| Untracked 
|  51|0x0000000083300000, 0x0000000083400000, 0x0000000083400000|100%| O|  |TAMS 0x0000000083400000, 0x0000000083400000| Untracked 
|  52|0x0000000083400000, 0x0000000083500000, 0x0000000083500000|100%| O|  |TAMS 0x0000000083500000, 0x0000000083500000| Untracked 
|  53|0x0000000083500000, 0x0000000083600000, 0x0000000083600000|100%| O|  |TAMS 0x00000000835ddc00, 0x0000000083600000| Untracked 
|  54|0x0000000083600000, 0x0000000083700000, 0x0000000083700000|100%| O|  |TAMS 0x0000000083600000, 0x0000000083700000| Untracked 
|  55|0x0000000083700000, 0x0000000083800000, 0x0000000083800000|100%| O|  |TAMS 0x0000000083700000, 0x0000000083800000| Untracked 
|  56|0x0000000083800000, 0x0000000083900000, 0x0000000083900000|100%| O|  |TAMS 0x0000000083800000, 0x0000000083900000| Untracked 
|  57|0x0000000083900000, 0x0000000083a00000, 0x0000000083a00000|100%| O|  |TAMS 0x0000000083900000, 0x0000000083a00000| Untracked 
|  58|0x0000000083a00000, 0x0000000083b00000, 0x0000000083b00000|100%| O|  |TAMS 0x0000000083a00000, 0x0000000083b00000| Untracked 
|  59|0x0000000083b00000, 0x0000000083c00000, 0x0000000083c00000|100%| O|  |TAMS 0x0000000083b00000, 0x0000000083c00000| Untracked 
|  60|0x0000000083c00000, 0x0000000083d00000, 0x0000000083d00000|100%| O|  |TAMS 0x0000000083c00000, 0x0000000083d00000| Untracked 
|  61|0x0000000083d00000, 0x0000000083e00000, 0x0000000083e00000|100%| O|  |TAMS 0x0000000083d00000, 0x0000000083e00000| Untracked 
|  62|0x0000000083e00000, 0x0000000083f00000, 0x0000000083f00000|100%| O|  |TAMS 0x0000000083e00000, 0x0000000083f00000| Untracked 
|  63|0x0000000083f00000, 0x0000000084000000, 0x0000000084000000|100%| O|  |TAMS 0x0000000083f00000, 0x0000000084000000| Untracked 
|  64|0x0000000084000000, 0x0000000084100000, 0x0000000084100000|100%| O|  |TAMS 0x0000000084000000, 0x0000000084100000| Untracked 
|  65|0x0000000084100000, 0x0000000084200000, 0x0000000084200000|100%| O|  |TAMS 0x0000000084100000, 0x0000000084200000| Untracked 
|  66|0x0000000084200000, 0x0000000084300000, 0x0000000084300000|100%| O|  |TAMS 0x0000000084200000, 0x0000000084300000| Untracked 
|  67|0x0000000084300000, 0x0000000084400000, 0x0000000084400000|100%| O|  |TAMS 0x0000000084300000, 0x0000000084400000| Untracked 
|  68|0x0000000084400000, 0x0000000084500000, 0x0000000084500000|100%| O|  |TAMS 0x0000000084400000, 0x0000000084400000| Untracked 
|  69|0x0000000084500000, 0x0000000084600000, 0x0000000084600000|100%| O|  |TAMS 0x0000000084500000, 0x0000000084500000| Untracked 
|  70|0x0000000084600000, 0x0000000084700000, 0x0000000084700000|100%| O|  |TAMS 0x0000000084600000, 0x0000000084600000| Untracked 
|  71|0x0000000084700000, 0x0000000084800000, 0x0000000084800000|100%| O|  |TAMS 0x0000000084700000, 0x0000000084700000| Untracked 
|  72|0x0000000084800000, 0x0000000084900000, 0x0000000084900000|100%|HS|  |TAMS 0x0000000084800000, 0x0000000084900000| Complete 
|  73|0x0000000084900000, 0x0000000084a00000, 0x0000000084a00000|100%|HS|  |TAMS 0x0000000084900000, 0x0000000084a00000| Complete 
|  74|0x0000000084a00000, 0x0000000084b00000, 0x0000000084b00000|100%|HS|  |TAMS 0x0000000084a00000, 0x0000000084b00000| Complete 
|  75|0x0000000084b00000, 0x0000000084c00000, 0x0000000084c00000|100%| O|  |TAMS 0x0000000084b00000, 0x0000000084b00000| Untracked 
|  76|0x0000000084c00000, 0x0000000084d00000, 0x0000000084d00000|100%| O|  |TAMS 0x0000000084c00000, 0x0000000084c00000| Untracked 
|  77|0x0000000084d00000, 0x0000000084e00000, 0x0000000084e00000|100%| O|  |TAMS 0x0000000084d00000, 0x0000000084d00000| Untracked 
|  78|0x0000000084e00000, 0x0000000084f00000, 0x0000000084f00000|100%| O|  |TAMS 0x0000000084e00000, 0x0000000084e00000| Untracked 
|  79|0x0000000084f00000, 0x0000000085000000, 0x0000000085000000|100%| O|  |TAMS 0x0000000084f00000, 0x0000000084f00000| Untracked 
|  80|0x0000000085000000, 0x0000000085064c00, 0x0000000085100000| 39%| O|  |TAMS 0x0000000085000000, 0x0000000085000000| Untracked 
|  81|0x0000000085100000, 0x0000000085100000, 0x0000000085200000|  0%| F|  |TAMS 0x0000000085100000, 0x0000000085100000| Untracked 
|  82|0x0000000085200000, 0x0000000085200000, 0x0000000085300000|  0%| F|  |TAMS 0x0000000085200000, 0x0000000085200000| Untracked 
|  83|0x0000000085300000, 0x0000000085300000, 0x0000000085400000|  0%| F|  |TAMS 0x0000000085300000, 0x0000000085300000| Untracked 
|  84|0x0000000085400000, 0x0000000085400000, 0x0000000085500000|  0%| F|  |TAMS 0x0000000085400000, 0x0000000085400000| Untracked 
|  85|0x0000000085500000, 0x0000000085500000, 0x0000000085600000|  0%| F|  |TAMS 0x0000000085500000, 0x0000000085500000| Untracked 
|  86|0x0000000085600000, 0x0000000085600000, 0x0000000085700000|  0%| F|  |TAMS 0x0000000085600000, 0x0000000085600000| Untracked 
|  87|0x0000000085700000, 0x0000000085700000, 0x0000000085800000|  0%| F|  |TAMS 0x0000000085700000, 0x0000000085700000| Untracked 
|  88|0x0000000085800000, 0x0000000085800000, 0x0000000085900000|  0%| F|  |TAMS 0x0000000085800000, 0x0000000085800000| Untracked 
|  89|0x0000000085900000, 0x0000000085900000, 0x0000000085a00000|  0%| F|  |TAMS 0x0000000085900000, 0x0000000085900000| Untracked 
|  90|0x0000000085a00000, 0x0000000085a00000, 0x0000000085b00000|  0%| F|  |TAMS 0x0000000085a00000, 0x0000000085a00000| Untracked 
|  91|0x0000000085b00000, 0x0000000085b00000, 0x0000000085c00000|  0%| F|  |TAMS 0x0000000085b00000, 0x0000000085b00000| Untracked 
|  92|0x0000000085c00000, 0x0000000085c00000, 0x0000000085d00000|  0%| F|  |TAMS 0x0000000085c00000, 0x0000000085c00000| Untracked 
|  93|0x0000000085d00000, 0x0000000085d00000, 0x0000000085e00000|  0%| F|  |TAMS 0x0000000085d00000, 0x0000000085d00000| Untracked 
|  94|0x0000000085e00000, 0x0000000085e00000, 0x0000000085f00000|  0%| F|  |TAMS 0x0000000085e00000, 0x0000000085e00000| Untracked 
|  95|0x0000000085f00000, 0x0000000085f00000, 0x0000000086000000|  0%| F|  |TAMS 0x0000000085f00000, 0x0000000085f00000| Untracked 
|  96|0x0000000086000000, 0x0000000086000000, 0x0000000086100000|  0%| F|  |TAMS 0x0000000086000000, 0x0000000086000000| Untracked 
|  97|0x0000000086100000, 0x0000000086100000, 0x0000000086200000|  0%| F|  |TAMS 0x0000000086100000, 0x0000000086100000| Untracked 
|  98|0x0000000086200000, 0x0000000086200000, 0x0000000086300000|  0%| F|  |TAMS 0x0000000086200000, 0x0000000086200000| Untracked 
|  99|0x0000000086300000, 0x0000000086300000, 0x0000000086400000|  0%| F|  |TAMS 0x0000000086300000, 0x0000000086300000| Untracked 
| 100|0x0000000086400000, 0x0000000086400000, 0x0000000086500000|  0%| F|  |TAMS 0x0000000086400000, 0x0000000086400000| Untracked 
| 101|0x0000000086500000, 0x0000000086500000, 0x0000000086600000|  0%| F|  |TAMS 0x0000000086500000, 0x0000000086500000| Untracked 
| 102|0x0000000086600000, 0x0000000086600000, 0x0000000086700000|  0%| F|  |TAMS 0x0000000086600000, 0x0000000086600000| Untracked 
| 103|0x0000000086700000, 0x0000000086700000, 0x0000000086800000|  0%| F|  |TAMS 0x0000000086700000, 0x0000000086700000| Untracked 
| 104|0x0000000086800000, 0x0000000086800000, 0x0000000086900000|  0%| F|  |TAMS 0x0000000086800000, 0x0000000086800000| Untracked 
| 105|0x0000000086900000, 0x0000000086900000, 0x0000000086a00000|  0%| F|  |TAMS 0x0000000086900000, 0x0000000086900000| Untracked 
| 106|0x0000000086a00000, 0x0000000086a00000, 0x0000000086b00000|  0%| F|  |TAMS 0x0000000086a00000, 0x0000000086a00000| Untracked 
| 107|0x0000000086b00000, 0x0000000086b00000, 0x0000000086c00000|  0%| F|  |TAMS 0x0000000086b00000, 0x0000000086b00000| Untracked 
| 108|0x0000000086c00000, 0x0000000086c00000, 0x0000000086d00000|  0%| F|  |TAMS 0x0000000086c00000, 0x0000000086c00000| Untracked 
| 109|0x0000000086d00000, 0x0000000086d00000, 0x0000000086e00000|  0%| F|  |TAMS 0x0000000086d00000, 0x0000000086d00000| Untracked 
| 110|0x0000000086e00000, 0x0000000086e00000, 0x0000000086f00000|  0%| F|  |TAMS 0x0000000086e00000, 0x0000000086e00000| Untracked 
| 111|0x0000000086f00000, 0x0000000086f00000, 0x0000000087000000|  0%| F|  |TAMS 0x0000000086f00000, 0x0000000086f00000| Untracked 
| 112|0x0000000087000000, 0x0000000087000000, 0x0000000087100000|  0%| F|  |TAMS 0x0000000087000000, 0x0000000087000000| Untracked 
| 113|0x0000000087100000, 0x0000000087100000, 0x0000000087200000|  0%| F|  |TAMS 0x0000000087100000, 0x0000000087100000| Untracked 
| 114|0x0000000087200000, 0x0000000087200000, 0x0000000087300000|  0%| F|  |TAMS 0x0000000087200000, 0x0000000087200000| Untracked 
| 115|0x0000000087300000, 0x0000000087300000, 0x0000000087400000|  0%| F|  |TAMS 0x0000000087300000, 0x0000000087300000| Untracked 
| 116|0x0000000087400000, 0x0000000087400000, 0x0000000087500000|  0%| F|  |TAMS 0x0000000087400000, 0x0000000087400000| Untracked 
| 117|0x0000000087500000, 0x0000000087500000, 0x0000000087600000|  0%| F|  |TAMS 0x0000000087500000, 0x0000000087500000| Untracked 
| 118|0x0000000087600000, 0x0000000087600000, 0x0000000087700000|  0%| F|  |TAMS 0x0000000087600000, 0x0000000087600000| Untracked 
| 119|0x0000000087700000, 0x0000000087700000, 0x0000000087800000|  0%| F|  |TAMS 0x0000000087700000, 0x0000000087700000| Untracked 
| 120|0x0000000087800000, 0x0000000087800000, 0x0000000087900000|  0%| F|  |TAMS 0x0000000087800000, 0x0000000087800000| Untracked 
| 121|0x0000000087900000, 0x0000000087900000, 0x0000000087a00000|  0%| F|  |TAMS 0x0000000087900000, 0x0000000087900000| Untracked 
| 122|0x0000000087a00000, 0x0000000087a00000, 0x0000000087b00000|  0%| F|  |TAMS 0x0000000087a00000, 0x0000000087a00000| Untracked 
| 123|0x0000000087b00000, 0x0000000087b00000, 0x0000000087c00000|  0%| F|  |TAMS 0x0000000087b00000, 0x0000000087b00000| Untracked 
| 124|0x0000000087c00000, 0x0000000087c00000, 0x0000000087d00000|  0%| F|  |TAMS 0x0000000087c00000, 0x0000000087c00000| Untracked 
| 125|0x0000000087d00000, 0x0000000087d00000, 0x0000000087e00000|  0%| F|  |TAMS 0x0000000087d00000, 0x0000000087d00000| Untracked 
| 126|0x0000000087e00000, 0x0000000087e00000, 0x0000000087f00000|  0%| F|  |TAMS 0x0000000087e00000, 0x0000000087e00000| Untracked 
| 127|0x0000000087f00000, 0x0000000087f00000, 0x0000000088000000|  0%| F|  |TAMS 0x0000000087f00000, 0x0000000087f00000| Untracked 
| 128|0x0000000088000000, 0x0000000088000000, 0x0000000088100000|  0%| F|  |TAMS 0x0000000088000000, 0x0000000088000000| Untracked 
| 129|0x0000000088100000, 0x0000000088100000, 0x0000000088200000|  0%| F|  |TAMS 0x0000000088100000, 0x0000000088100000| Untracked 
| 130|0x0000000088200000, 0x0000000088200000, 0x0000000088300000|  0%| F|  |TAMS 0x0000000088200000, 0x0000000088200000| Untracked 
| 131|0x0000000088300000, 0x0000000088300000, 0x0000000088400000|  0%| F|  |TAMS 0x0000000088300000, 0x0000000088300000| Untracked 
| 132|0x0000000088400000, 0x0000000088400000, 0x0000000088500000|  0%| F|  |TAMS 0x0000000088400000, 0x0000000088400000| Untracked 
| 133|0x0000000088500000, 0x0000000088500000, 0x0000000088600000|  0%| F|  |TAMS 0x0000000088500000, 0x0000000088500000| Untracked 
| 134|0x0000000088600000, 0x0000000088600000, 0x0000000088700000|  0%| F|  |TAMS 0x0000000088600000, 0x0000000088600000| Untracked 
| 135|0x0000000088700000, 0x0000000088700000, 0x0000000088800000|  0%| F|  |TAMS 0x0000000088700000, 0x0000000088700000| Untracked 
| 136|0x0000000088800000, 0x0000000088800000, 0x0000000088900000|  0%| F|  |TAMS 0x0000000088800000, 0x0000000088800000| Untracked 
| 137|0x0000000088900000, 0x0000000088900000, 0x0000000088a00000|  0%| F|  |TAMS 0x0000000088900000, 0x0000000088900000| Untracked 
| 138|0x0000000088a00000, 0x0000000088a00000, 0x0000000088b00000|  0%| F|  |TAMS 0x0000000088a00000, 0x0000000088a00000| Untracked 
| 139|0x0000000088b00000, 0x0000000088b00000, 0x0000000088c00000|  0%| F|  |TAMS 0x0000000088b00000, 0x0000000088b00000| Untracked 
| 140|0x0000000088c00000, 0x0000000088c00000, 0x0000000088d00000|  0%| F|  |TAMS 0x0000000088c00000, 0x0000000088c00000| Untracked 
| 141|0x0000000088d00000, 0x0000000088d00000, 0x0000000088e00000|  0%| F|  |TAMS 0x0000000088d00000, 0x0000000088d00000| Untracked 
| 142|0x0000000088e00000, 0x0000000088e00000, 0x0000000088f00000|  0%| F|  |TAMS 0x0000000088e00000, 0x0000000088e00000| Untracked 
| 143|0x0000000088f00000, 0x0000000088f00000, 0x0000000089000000|  0%| F|  |TAMS 0x0000000088f00000, 0x0000000088f00000| Untracked 
| 144|0x0000000089000000, 0x0000000089000000, 0x0000000089100000|  0%| F|  |TAMS 0x0000000089000000, 0x0000000089000000| Untracked 
| 145|0x0000000089100000, 0x0000000089100000, 0x0000000089200000|  0%| F|  |TAMS 0x0000000089100000, 0x0000000089100000| Untracked 
| 146|0x0000000089200000, 0x0000000089200000, 0x0000000089300000|  0%| F|  |TAMS 0x0000000089200000, 0x0000000089200000| Untracked 
| 147|0x0000000089300000, 0x0000000089300000, 0x0000000089400000|  0%| F|  |TAMS 0x0000000089300000, 0x0000000089300000| Untracked 
| 148|0x0000000089400000, 0x0000000089400000, 0x0000000089500000|  0%| F|  |TAMS 0x0000000089400000, 0x0000000089400000| Untracked 
| 149|0x0000000089500000, 0x0000000089500000, 0x0000000089600000|  0%| F|  |TAMS 0x0000000089500000, 0x0000000089500000| Untracked 
| 150|0x0000000089600000, 0x0000000089600000, 0x0000000089700000|  0%| F|  |TAMS 0x0000000089600000, 0x0000000089600000| Untracked 
| 151|0x0000000089700000, 0x0000000089700000, 0x0000000089800000|  0%| F|  |TAMS 0x0000000089700000, 0x0000000089700000| Untracked 
| 152|0x0000000089800000, 0x0000000089800000, 0x0000000089900000|  0%| F|  |TAMS 0x0000000089800000, 0x0000000089800000| Untracked 
| 153|0x0000000089900000, 0x0000000089900000, 0x0000000089a00000|  0%| F|  |TAMS 0x0000000089900000, 0x0000000089900000| Untracked 
| 154|0x0000000089a00000, 0x0000000089a00000, 0x0000000089b00000|  0%| F|  |TAMS 0x0000000089a00000, 0x0000000089a00000| Untracked 
| 155|0x0000000089b00000, 0x0000000089b00000, 0x0000000089c00000|  0%| F|  |TAMS 0x0000000089b00000, 0x0000000089b00000| Untracked 
| 156|0x0000000089c00000, 0x0000000089c00000, 0x0000000089d00000|  0%| F|  |TAMS 0x0000000089c00000, 0x0000000089c00000| Untracked 
| 157|0x0000000089d00000, 0x0000000089e00000, 0x0000000089e00000|100%| S|CS|TAMS 0x0000000089d00000, 0x0000000089d00000| Complete 
| 158|0x0000000089e00000, 0x0000000089f00000, 0x0000000089f00000|100%| S|CS|TAMS 0x0000000089e00000, 0x0000000089e00000| Complete 
| 159|0x0000000089f00000, 0x000000008a000000, 0x000000008a000000|100%| S|CS|TAMS 0x0000000089f00000, 0x0000000089f00000| Complete 
| 160|0x000000008a000000, 0x000000008a000000, 0x000000008a100000|  0%| F|  |TAMS 0x000000008a000000, 0x000000008a000000| Untracked 
| 161|0x000000008a100000, 0x000000008a100000, 0x000000008a200000|  0%| F|  |TAMS 0x000000008a100000, 0x000000008a100000| Untracked 
| 162|0x000000008a200000, 0x000000008a200000, 0x000000008a300000|  0%| F|  |TAMS 0x000000008a200000, 0x000000008a200000| Untracked 
| 163|0x000000008a300000, 0x000000008a300000, 0x000000008a400000|  0%| F|  |TAMS 0x000000008a300000, 0x000000008a300000| Untracked 
| 164|0x000000008a400000, 0x000000008a400000, 0x000000008a500000|  0%| F|  |TAMS 0x000000008a400000, 0x000000008a400000| Untracked 
| 165|0x000000008a500000, 0x000000008a500000, 0x000000008a600000|  0%| F|  |TAMS 0x000000008a500000, 0x000000008a500000| Untracked 
| 166|0x000000008a600000, 0x000000008a600000, 0x000000008a700000|  0%| F|  |TAMS 0x000000008a600000, 0x000000008a600000| Untracked 
| 167|0x000000008a700000, 0x000000008a700000, 0x000000008a800000|  0%| F|  |TAMS 0x000000008a700000, 0x000000008a700000| Untracked 
| 168|0x000000008a800000, 0x000000008a800000, 0x000000008a900000|  0%| F|  |TAMS 0x000000008a800000, 0x000000008a800000| Untracked 
| 169|0x000000008a900000, 0x000000008a900000, 0x000000008aa00000|  0%| F|  |TAMS 0x000000008a900000, 0x000000008a900000| Untracked 
| 170|0x000000008aa00000, 0x000000008aa00000, 0x000000008ab00000|  0%| F|  |TAMS 0x000000008aa00000, 0x000000008aa00000| Untracked 
| 171|0x000000008ab00000, 0x000000008ab00000, 0x000000008ac00000|  0%| F|  |TAMS 0x000000008ab00000, 0x000000008ab00000| Untracked 
| 172|0x000000008ac00000, 0x000000008ac00000, 0x000000008ad00000|  0%| F|  |TAMS 0x000000008ac00000, 0x000000008ac00000| Untracked 
| 173|0x000000008ad00000, 0x000000008ad00000, 0x000000008ae00000|  0%| F|  |TAMS 0x000000008ad00000, 0x000000008ad00000| Untracked 
| 174|0x000000008ae00000, 0x000000008ae00000, 0x000000008af00000|  0%| F|  |TAMS 0x000000008ae00000, 0x000000008ae00000| Untracked 
| 175|0x000000008af00000, 0x000000008af00000, 0x000000008b000000|  0%| F|  |TAMS 0x000000008af00000, 0x000000008af00000| Untracked 
| 236|0x000000008ec00000, 0x000000008ec00000, 0x000000008ed00000|  0%| F|  |TAMS 0x000000008ec00000, 0x000000008ec00000| Untracked 
| 237|0x000000008ed00000, 0x000000008ed00000, 0x000000008ee00000|  0%| F|  |TAMS 0x000000008ed00000, 0x000000008ed00000| Untracked 
| 253|0x000000008fd00000, 0x000000008fd00000, 0x000000008fe00000|  0%| F|  |TAMS 0x000000008fd00000, 0x000000008fd00000| Untracked 
|2011|0x00000000fdb00000, 0x00000000fdc00000, 0x00000000fdc00000|100%| O|  |TAMS 0x00000000fdb00000, 0x00000000fdc00000| Untracked 
|2012|0x00000000fdc00000, 0x00000000fdd00000, 0x00000000fdd00000|100%| O|  |TAMS 0x00000000fdc00000, 0x00000000fdd00000| Untracked 
|2013|0x00000000fdd00000, 0x00000000fde00000, 0x00000000fde00000|100%| O|  |TAMS 0x00000000fdd00000, 0x00000000fde00000| Untracked 
|2014|0x00000000fde00000, 0x00000000fdf00000, 0x00000000fdf00000|100%| O|  |TAMS 0x00000000fde00000, 0x00000000fdf00000| Untracked 
|2015|0x00000000fdf00000, 0x00000000fe000000, 0x00000000fe000000|100%| O|  |TAMS 0x00000000fdf00000, 0x00000000fe000000| Untracked 
|2016|0x00000000fe000000, 0x00000000fe100000, 0x00000000fe100000|100%| O|  |TAMS 0x00000000fe000000, 0x00000000fe100000| Untracked 
|2017|0x00000000fe100000, 0x00000000fe1ffff8, 0x00000000fe200000| 99%| O|  |TAMS 0x00000000fe100000, 0x00000000fe1ffff8| Untracked 
|2018|0x00000000fe200000, 0x00000000fe300000, 0x00000000fe300000|100%| O|  |TAMS 0x00000000fe200000, 0x00000000fe300000| Untracked 
|2019|0x00000000fe300000, 0x00000000fe400000, 0x00000000fe400000|100%| O|  |TAMS 0x00000000fe300000, 0x00000000fe400000| Untracked 
|2020|0x00000000fe400000, 0x00000000fe500000, 0x00000000fe500000|100%| O|  |TAMS 0x00000000fe400000, 0x00000000fe500000| Untracked 
|2021|0x00000000fe500000, 0x00000000fe600000, 0x00000000fe600000|100%| O|  |TAMS 0x00000000fe500000, 0x00000000fe600000| Untracked 
|2022|0x00000000fe600000, 0x00000000fe700000, 0x00000000fe700000|100%| O|  |TAMS 0x00000000fe600000, 0x00000000fe700000| Untracked 
|2023|0x00000000fe700000, 0x00000000fe800000, 0x00000000fe800000|100%| O|  |TAMS 0x00000000fe700000, 0x00000000fe800000| Untracked 
|2024|0x00000000fe800000, 0x00000000fe900000, 0x00000000fe900000|100%| O|  |TAMS 0x00000000fe800000, 0x00000000fe900000| Untracked 
|2025|0x00000000fe900000, 0x00000000fea00000, 0x00000000fea00000|100%| O|  |TAMS 0x00000000fe900000, 0x00000000fea00000| Untracked 
|2026|0x00000000fea00000, 0x00000000feb00000, 0x00000000feb00000|100%| O|  |TAMS 0x00000000fea00000, 0x00000000feb00000| Untracked 
|2027|0x00000000feb00000, 0x00000000fec00000, 0x00000000fec00000|100%| O|  |TAMS 0x00000000feb00000, 0x00000000fec00000| Untracked 
|2028|0x00000000fec00000, 0x00000000fed00000, 0x00000000fed00000|100%| O|  |TAMS 0x00000000fec00000, 0x00000000fed00000| Untracked 
|2029|0x00000000fed00000, 0x00000000fee00000, 0x00000000fee00000|100%| O|  |TAMS 0x00000000fed00000, 0x00000000fee00000| Untracked 
|2030|0x00000000fee00000, 0x00000000fef00000, 0x00000000fef00000|100%| O|  |TAMS 0x00000000fee00000, 0x00000000fef00000| Untracked 
|2031|0x00000000fef00000, 0x00000000ff000000, 0x00000000ff000000|100%| O|  |TAMS 0x00000000fef00000, 0x00000000ff000000| Untracked 
|2032|0x00000000ff000000, 0x00000000ff100000, 0x00000000ff100000|100%| O|  |TAMS 0x00000000ff000000, 0x00000000ff100000| Untracked 
|2033|0x00000000ff100000, 0x00000000ff200000, 0x00000000ff200000|100%| O|  |TAMS 0x00000000ff100000, 0x00000000ff200000| Untracked 
|2034|0x00000000ff200000, 0x00000000ff300000, 0x00000000ff300000|100%| O|  |TAMS 0x00000000ff200000, 0x00000000ff300000| Untracked 
|2035|0x00000000ff300000, 0x00000000ff400000, 0x00000000ff400000|100%| O|  |TAMS 0x00000000ff300000, 0x00000000ff400000| Untracked 
|2036|0x00000000ff400000, 0x00000000ff500000, 0x00000000ff500000|100%| O|  |TAMS 0x00000000ff400000, 0x00000000ff500000| Untracked 
|2037|0x00000000ff500000, 0x00000000ff600000, 0x00000000ff600000|100%| O|  |TAMS 0x00000000ff500000, 0x00000000ff600000| Untracked 
|2038|0x00000000ff600000, 0x00000000ff700000, 0x00000000ff700000|100%| O|  |TAMS 0x00000000ff600000, 0x00000000ff700000| Untracked 
|2039|0x00000000ff700000, 0x00000000ff800000, 0x00000000ff800000|100%| O|  |TAMS 0x00000000ff700000, 0x00000000ff800000| Untracked 
|2040|0x00000000ff800000, 0x00000000ff900000, 0x00000000ff900000|100%| O|  |TAMS 0x00000000ff800000, 0x00000000ff900000| Untracked 
|2041|0x00000000ff900000, 0x00000000ffa00000, 0x00000000ffa00000|100%| O|  |TAMS 0x00000000ff900000, 0x00000000ffa00000| Untracked 
|2042|0x00000000ffa00000, 0x00000000ffb00000, 0x00000000ffb00000|100%| O|  |TAMS 0x00000000ffa00000, 0x00000000ffb00000| Untracked 
|2043|0x00000000ffb00000, 0x00000000ffc00000, 0x00000000ffc00000|100%| O|  |TAMS 0x00000000ffb00000, 0x00000000ffc00000| Untracked 
|2044|0x00000000ffc00000, 0x00000000ffd00000, 0x00000000ffd00000|100%| O|  |TAMS 0x00000000ffc00000, 0x00000000ffd00000| Untracked 
|2045|0x00000000ffd00000, 0x00000000ffe00000, 0x00000000ffe00000|100%| O|  |TAMS 0x00000000ffd00000, 0x00000000ffe00000| Untracked 
|2046|0x00000000ffe00000, 0x00000000fff00000, 0x00000000fff00000|100%| O|  |TAMS 0x00000000ffe00000, 0x00000000fff00000| Untracked 
|2047|0x00000000fff00000, 0x0000000100000000, 0x0000000100000000|100%| O|  |TAMS 0x00000000fff00000, 0x0000000100000000| Untracked 

Card table byte_map: [0x000001d766f90000,0x000001d767390000] _byte_map_base: 0x000001d766b90000

Marking Bits (Prev, Next): (CMBitMap*) 0x000001d74f5ed0e0, (CMBitMap*) 0x000001d74f5ed120
 Prev Bits: [0x000001d767790000, 0x000001d769790000)
 Next Bits: [0x000001d769790000, 0x000001d76b790000)

Polling page: 0x000001d74dd40000

Metaspace:

Usage:
  Non-class:     51.32 MB used.
      Class:      8.49 MB used.
       Both:     59.80 MB used.

Virtual space:
  Non-class space:       64.00 MB reserved,      51.62 MB ( 81%) committed,  1 nodes.
      Class space:        1.00 GB reserved,       8.75 MB ( <1%) committed,  1 nodes.
             Both:        1.06 GB reserved,      60.38 MB (  6%) committed. 

Chunk freelists:
   Non-Class:  11.62 MB
       Class:  7.16 MB
        Both:  18.79 MB

MaxMetaspaceSize: unlimited
CompressedClassSpaceSize: 1.00 GB
Initial GC threshold: 21.00 MB
Current GC threshold: 92.31 MB
CDS: on
MetaspaceReclaimPolicy: balanced
 - commit_granule_bytes: 65536.
 - commit_granule_words: 8192.
 - virtual_space_node_default_size: 8388608.
 - enlarge_chunks_in_place: 1.
 - new_chunks_are_fully_committed: 0.
 - uncommit_free_chunks: 1.
 - use_allocation_guard: 0.
 - handle_deallocations: 1.


Internal statistics:

num_allocs_failed_limit: 6.
num_arena_births: 656.
num_arena_deaths: 0.
num_vsnodes_births: 2.
num_vsnodes_deaths: 0.
num_space_committed: 966.
num_space_uncommitted: 0.
num_chunks_returned_to_freelist: 6.
num_chunks_taken_from_freelist: 3161.
num_chunk_merges: 6.
num_chunk_splits: 2040.
num_chunks_enlarged: 1342.
num_inconsistent_stats: 0.

CodeHeap 'non-profiled nmethods': size=120000Kb used=5234Kb max_used=5234Kb free=114765Kb
 bounds [0x000001d75ebf0000, 0x000001d75f110000, 0x000001d766120000]
CodeHeap 'profiled nmethods': size=120000Kb used=15885Kb max_used=15885Kb free=104114Kb
 bounds [0x000001d757120000, 0x000001d7580b0000, 0x000001d75e650000]
CodeHeap 'non-nmethods': size=5760Kb used=2329Kb max_used=2413Kb free=3430Kb
 bounds [0x000001d75e650000, 0x000001d75e8d0000, 0x000001d75ebf0000]
 total_blobs=8997 nmethods=8155 adapters=753
 compilation: enabled
              stopped_count=0, restarted_count=0
 full_count=0

Compilation events (20 events):
Event: 37.360 Thread 0x000001d777d06850 nmethod 8920 0x000001d75f0f8690 code [0x000001d75f0f8820, 0x000001d75f0f8e38]
Event: 37.371 Thread 0x000001d777d06850 8924       4       net.minecraftforge.srgutils.NamedMappingFile$Cls$Method::parameter (36 bytes)
Event: 37.412 Thread 0x000001d777d06850 nmethod 8924 0x000001d75f0f9090 code [0x000001d75f0f92a0, 0x000001d75f0fa0d0]
Event: 37.412 Thread 0x000001d777d06850 8925       4       net.minecraftforge.srgutils.InternalUtils::swapFirst (15 bytes)
Event: 37.418 Thread 0x000001d777d06850 nmethod 8925 0x000001d75f0fa890 code [0x000001d75f0faa00, 0x000001d75f0fac58]
Event: 37.418 Thread 0x000001d777d06850 8926       4       net.minecraftforge.srgutils.NamedMappingFile$Cls::method (7 bytes)
Event: 37.526 Thread 0x000001d76e2d6e60 8931 %     3       net.minecraftforge.srgutils.InternalUtils::loadTSrg2 @ 100 (661 bytes)
Event: 37.541 Thread 0x000001d76e2d6e60 nmethod 8931% 0x000001d758090890 code [0x000001d7580913a0, 0x000001d758097998]
Event: 37.543 Thread 0x000001d76e2d6e60 8932       3       net.minecraftforge.srgutils.InternalUtils::loadTSrg2 (661 bytes)
Event: 37.555 Thread 0x000001d76e2d6e60 nmethod 8932 0x000001d75809a090 code [0x000001d75809aba0, 0x000001d7580a1018]
Event: 37.570 Thread 0x000001d777d06850 nmethod 8926 0x000001d75f0fad10 code [0x000001d75f0fafc0, 0x000001d75f0fd6a0]
Event: 37.570 Thread 0x000001d777d06850 8927       4       net.minecraftforge.srgutils.NamedMappingFile$Cls::method (49 bytes)
Event: 39.709 Thread 0x000001d777d06850 nmethod 8927 0x000001d75f0fe910 code [0x000001d75f0febc0, 0x000001d75f1012a0]
Event: 39.710 Thread 0x000001d777d06850 8933       4       java.lang.Integer::parseInt (264 bytes)
Event: 39.720 Thread 0x000001d76e2d4930 nmethod 8917 0x000001d75f102490 code [0x000001d75f1028c0, 0x000001d75f1084d0]
Event: 39.726 Thread 0x000001d76e2d4930 8928       4       net.minecraftforge.srgutils.NamedMappingFile$Cls$Method::<init> (42 bytes)
Event: 39.744 Thread 0x000001d777d06850 nmethod 8933 0x000001d75f10b310 code [0x000001d75f10b4c0, 0x000001d75f10b9d8]
Event: 39.744 Thread 0x000001d777d06850 8929       4       net.minecraftforge.srgutils.NamedMappingFile$Cls::field (6 bytes)
Event: 39.754 Thread 0x000001d76e2d4930 nmethod 8928 0x000001d75f10be90 code [0x000001d75f10c020, 0x000001d75f10c738]
Event: 39.755 Thread 0x000001d76e2d4930 8930       4       net.minecraftforge.srgutils.NamedMappingFile$Cls::field (31 bytes)

GC Heap History (20 events):
Event: 28.353 GC heap after
{Heap after GC invocations=22 (full 0):
 garbage-first heap   total 119808K, used 54512K [0x0000000080000000, 0x0000000100000000)
  region size 1024K, 3 young (3072K), 3 survivors (3072K)
 Metaspace       used 55977K, committed 56512K, reserved 1114112K
  class space    used 7857K, committed 8128K, reserved 1048576K
}
Event: 28.524 GC heap before
{Heap before GC invocations=22 (full 0):
 garbage-first heap   total 119808K, used 56560K [0x0000000080000000, 0x0000000100000000)
  region size 1024K, 5 young (5120K), 3 survivors (3072K)
 Metaspace       used 56098K, committed 56704K, reserved 1114112K
  class space    used 7866K, committed 8128K, reserved 1048576K
}
Event: 28.532 GC heap after
{Heap after GC invocations=23 (full 0):
 garbage-first heap   total 119808K, used 54361K [0x0000000080000000, 0x0000000100000000)
  region size 1024K, 1 young (1024K), 1 survivors (1024K)
 Metaspace       used 56098K, committed 56704K, reserved 1114112K
  class space    used 7866K, committed 8128K, reserved 1048576K
}
Event: 28.561 GC heap before
{Heap before GC invocations=23 (full 0):
 garbage-first heap   total 119808K, used 55385K [0x0000000080000000, 0x0000000100000000)
  region size 1024K, 4 young (4096K), 1 survivors (1024K)
 Metaspace       used 56126K, committed 56704K, reserved 1114112K
  class space    used 7869K, committed 8128K, reserved 1048576K
}
Event: 28.564 GC heap after
{Heap after GC invocations=24 (full 0):
 garbage-first heap   total 119808K, used 54306K [0x0000000080000000, 0x0000000100000000)
  region size 1024K, 1 young (1024K), 1 survivors (1024K)
 Metaspace       used 56126K, committed 56704K, reserved 1114112K
  class space    used 7869K, committed 8128K, reserved 1048576K
}
Event: 28.943 GC heap before
{Heap before GC invocations=25 (full 0):
 garbage-first heap   total 135168K, used 78882K [0x0000000080000000, 0x0000000100000000)
  region size 1024K, 4 young (4096K), 1 survivors (1024K)
 Metaspace       used 56151K, committed 56704K, reserved 1114112K
  class space    used 7869K, committed 8128K, reserved 1048576K
}
Event: 28.946 GC heap after
{Heap after GC invocations=26 (full 0):
 garbage-first heap   total 135168K, used 54238K [0x0000000080000000, 0x0000000100000000)
  region size 1024K, 1 young (1024K), 1 survivors (1024K)
 Metaspace       used 56151K, committed 56704K, reserved 1114112K
  class space    used 7869K, committed 8128K, reserved 1048576K
}
Event: 28.976 GC heap before
{Heap before GC invocations=26 (full 0):
 garbage-first heap   total 135168K, used 56286K [0x0000000080000000, 0x0000000100000000)
  region size 1024K, 2 young (2048K), 1 survivors (1024K)
 Metaspace       used 56151K, committed 56704K, reserved 1114112K
  class space    used 7869K, committed 8128K, reserved 1048576K
}
Event: 28.978 GC heap after
{Heap after GC invocations=27 (full 0):
 garbage-first heap   total 135168K, used 54221K [0x0000000080000000, 0x0000000100000000)
  region size 1024K, 1 young (1024K), 1 survivors (1024K)
 Metaspace       used 56151K, committed 56704K, reserved 1114112K
  class space    used 7869K, committed 8128K, reserved 1048576K
}
Event: 29.231 GC heap before
{Heap before GC invocations=27 (full 0):
 garbage-first heap   total 135168K, used 76749K [0x0000000080000000, 0x0000000100000000)
  region size 1024K, 2 young (2048K), 1 survivors (1024K)
 Metaspace       used 56152K, committed 56704K, reserved 1114112K
  class space    used 7869K, committed 8128K, reserved 1048576K
}
Event: 29.234 GC heap after
{Heap after GC invocations=28 (full 0):
 garbage-first heap   total 178176K, used 54221K [0x0000000080000000, 0x0000000100000000)
  region size 1024K, 1 young (1024K), 1 survivors (1024K)
 Metaspace       used 56152K, committed 56704K, reserved 1114112K
  class space    used 7869K, committed 8128K, reserved 1048576K
}
Event: 34.436 GC heap before
{Heap before GC invocations=28 (full 0):
 garbage-first heap   total 178176K, used 125901K [0x0000000080000000, 0x0000000100000000)
  region size 1024K, 47 young (48128K), 1 survivors (1024K)
 Metaspace       used 59497K, committed 60096K, reserved 1114112K
  class space    used 8424K, committed 8704K, reserved 1048576K
}
Event: 35.419 GC heap after
{Heap after GC invocations=29 (full 0):
 garbage-first heap   total 178176K, used 57156K [0x0000000080000000, 0x0000000100000000)
  region size 1024K, 4 young (4096K), 4 survivors (4096K)
 Metaspace       used 59497K, committed 60096K, reserved 1114112K
  class space    used 8424K, committed 8704K, reserved 1048576K
}
Event: 35.681 GC heap before
{Heap before GC invocations=29 (full 0):
 garbage-first heap   total 178176K, used 80708K [0x0000000080000000, 0x0000000100000000)
  region size 1024K, 5 young (5120K), 4 survivors (4096K)
 Metaspace       used 59516K, committed 60096K, reserved 1114112K
  class space    used 8424K, committed 8704K, reserved 1048576K
}
Event: 35.686 GC heap after
{Heap after GC invocations=30 (full 0):
 garbage-first heap   total 178176K, used 57362K [0x0000000080000000, 0x0000000100000000)
  region size 1024K, 4 young (4096K), 4 survivors (4096K)
 Metaspace       used 59516K, committed 60096K, reserved 1114112K
  class space    used 8424K, committed 8704K, reserved 1048576K
}
Event: 37.642 GC heap before
{Heap before GC invocations=30 (full 0):
 garbage-first heap   total 178176K, used 167954K [0x0000000080000000, 0x0000000100000000)
  region size 1024K, 92 young (94208K), 4 survivors (4096K)
 Metaspace       used 61240K, committed 61824K, reserved 1114112K
  class space    used 8689K, committed 8960K, reserved 1048576K
}
Event: 39.704 GC heap after
{Heap after GC invocations=31 (full 0):
 garbage-first heap   total 221184K, used 107977K [0x0000000080000000, 0x0000000100000000)
  region size 1024K, 12 young (12288K), 12 survivors (12288K)
 Metaspace       used 61240K, committed 61824K, reserved 1114112K
  class space    used 8689K, committed 8960K, reserved 1048576K
}
Event: 39.727 GC heap before
{Heap before GC invocations=31 (full 0):
 garbage-first heap   total 221184K, used 109001K [0x0000000080000000, 0x0000000100000000)
  region size 1024K, 13 young (13312K), 12 survivors (12288K)
 Metaspace       used 61240K, committed 61824K, reserved 1114112K
  class space    used 8689K, committed 8960K, reserved 1048576K
}
Event: 39.744 GC heap after
{Heap after GC invocations=32 (full 0):
 garbage-first heap   total 221184K, used 112280K [0x0000000080000000, 0x0000000100000000)
  region size 1024K, 2 young (2048K), 2 survivors (2048K)
 Metaspace       used 61240K, committed 61824K, reserved 1114112K
  class space    used 8689K, committed 8960K, reserved 1048576K
}
Event: 39.778 GC heap before
{Heap before GC invocations=32 (full 0):
 garbage-first heap   total 221184K, used 129688K [0x0000000080000000, 0x0000000100000000)
  region size 1024K, 19 young (19456K), 2 survivors (2048K)
 Metaspace       used 61240K, committed 61824K, reserved 1114112K
  class space    used 8689K, committed 8960K, reserved 1048576K
}

Dll operation events (15 events):
Event: 0.015 Loaded shared library C:\Users\chill\AppData\Local\Programs\Eclipse Adoptium\jdk-17.0.15.6-hotspot\bin\java.dll
Event: 0.040 Loaded shared library C:\Users\chill\AppData\Local\Programs\Eclipse Adoptium\jdk-17.0.15.6-hotspot\bin\jsvml.dll
Event: 0.166 Loaded shared library C:\Users\chill\AppData\Local\Programs\Eclipse Adoptium\jdk-17.0.15.6-hotspot\bin\zip.dll
Event: 0.173 Loaded shared library C:\Users\chill\AppData\Local\Programs\Eclipse Adoptium\jdk-17.0.15.6-hotspot\bin\instrument.dll
Event: 0.189 Loaded shared library C:\Users\chill\AppData\Local\Programs\Eclipse Adoptium\jdk-17.0.15.6-hotspot\bin\net.dll
Event: 0.193 Loaded shared library C:\Users\chill\AppData\Local\Programs\Eclipse Adoptium\jdk-17.0.15.6-hotspot\bin\nio.dll
Event: 0.214 Loaded shared library C:\Users\chill\AppData\Local\Programs\Eclipse Adoptium\jdk-17.0.15.6-hotspot\bin\zip.dll
Event: 0.691 Loaded shared library C:\Users\chill\AppData\Local\Programs\Eclipse Adoptium\jdk-17.0.15.6-hotspot\bin\jimage.dll
Event: 0.947 Loaded shared library C:\Users\chill\AppData\Local\Programs\Eclipse Adoptium\jdk-17.0.15.6-hotspot\bin\verify.dll
Event: 1.477 Loaded shared library C:\Users\chill\.gradle\native\c067742578af261105cb4f569cf0c3c89f3d7b1fecec35dd04571415982c5e48\windows-amd64\native-platform.dll
Event: 1.488 Loaded shared library C:\Users\chill\.gradle\native\100fb08df4bc3b14c8652ba06237920a3bd2aa13389f12d3474272988ae205f9\windows-amd64\native-platform-file-events.dll
Event: 3.441 Loaded shared library C:\Users\chill\AppData\Local\Programs\Eclipse Adoptium\jdk-17.0.15.6-hotspot\bin\management.dll
Event: 3.446 Loaded shared library C:\Users\chill\AppData\Local\Programs\Eclipse Adoptium\jdk-17.0.15.6-hotspot\bin\management_ext.dll
Event: 3.778 Loaded shared library C:\Users\chill\AppData\Local\Programs\Eclipse Adoptium\jdk-17.0.15.6-hotspot\bin\extnet.dll
Event: 4.523 Loaded shared library C:\Users\chill\AppData\Local\Programs\Eclipse Adoptium\jdk-17.0.15.6-hotspot\bin\sunmscapi.dll

Deoptimization events (20 events):
Event: 37.113 Thread 0x000001d775a9c590 DEOPT PACKING pc=0x000001d75f0e8fc8 sp=0x00000056fe8fa790
Event: 37.113 Thread 0x000001d775a9c590 DEOPT UNPACKING pc=0x000001d75e6a69a3 sp=0x00000056fe8fa758 mode 2
Event: 37.115 Thread 0x000001d775a9c590 Uncommon trap: trap_request=0xffffffbe fr.pc=0x000001d75f0e8fc8 relative=0x0000000000000288
Event: 37.115 Thread 0x000001d775a9c590 Uncommon trap: reason=profile_predicate action=maybe_recompile pc=0x000001d75f0e8fc8 method=java.util.Iterator.forEachRemaining(Ljava/util/function/Consumer;)V @ 5 c2
Event: 37.115 Thread 0x000001d775a9c590 DEOPT PACKING pc=0x000001d75f0e8fc8 sp=0x00000056fe8fa790
Event: 37.115 Thread 0x000001d775a9c590 DEOPT UNPACKING pc=0x000001d75e6a69a3 sp=0x00000056fe8fa758 mode 2
Event: 37.116 Thread 0x000001d775a9c590 Uncommon trap: trap_request=0xffffffbe fr.pc=0x000001d75f0e8fc8 relative=0x0000000000000288
Event: 37.116 Thread 0x000001d775a9c590 Uncommon trap: reason=profile_predicate action=maybe_recompile pc=0x000001d75f0e8fc8 method=java.util.Iterator.forEachRemaining(Ljava/util/function/Consumer;)V @ 5 c2
Event: 37.116 Thread 0x000001d775a9c590 DEOPT PACKING pc=0x000001d75f0e8fc8 sp=0x00000056fe8fa790
Event: 37.116 Thread 0x000001d775a9c590 DEOPT UNPACKING pc=0x000001d75e6a69a3 sp=0x00000056fe8fa758 mode 2
Event: 37.117 Thread 0x000001d775a9c590 Uncommon trap: trap_request=0xffffffbe fr.pc=0x000001d75f0e8fc8 relative=0x0000000000000288
Event: 37.117 Thread 0x000001d775a9c590 Uncommon trap: reason=profile_predicate action=maybe_recompile pc=0x000001d75f0e8fc8 method=java.util.Iterator.forEachRemaining(Ljava/util/function/Consumer;)V @ 5 c2
Event: 37.117 Thread 0x000001d775a9c590 DEOPT PACKING pc=0x000001d75f0e8fc8 sp=0x00000056fe8fa790
Event: 37.117 Thread 0x000001d775a9c590 DEOPT UNPACKING pc=0x000001d75e6a69a3 sp=0x00000056fe8fa758 mode 2
Event: 37.264 Thread 0x000001d775a9c590 Uncommon trap: trap_request=0xffffff45 fr.pc=0x000001d75f0e6c8c relative=0x000000000000016c
Event: 37.264 Thread 0x000001d775a9c590 Uncommon trap: reason=unstable_if action=reinterpret pc=0x000001d75f0e6c8c method=java.io.BufferedReader$1.hasNext()Z @ 24 c2
Event: 37.264 Thread 0x000001d775a9c590 DEOPT PACKING pc=0x000001d75f0e6c8c sp=0x00000056fe8fa740
Event: 37.264 Thread 0x000001d775a9c590 DEOPT UNPACKING pc=0x000001d75e6a69a3 sp=0x00000056fe8fa6f0 mode 2
Event: 37.298 Thread 0x000001d775a9c590 DEOPT PACKING pc=0x000001d7571f60d8 sp=0x00000056fe8fa780
Event: 37.298 Thread 0x000001d775a9c590 DEOPT UNPACKING pc=0x000001d75e6a7143 sp=0x00000056fe8f9c20 mode 0

Classes loaded (20 events):
Event: 32.967 Loading class java/io/ObjectStreamClass$4
Event: 32.967 Loading class java/io/ObjectStreamClass$4 done
Event: 32.967 Loading class java/io/ObjectStreamClass$5
Event: 32.967 Loading class java/io/ObjectStreamClass$5 done
Event: 32.967 Loading class java/io/ObjectStreamClass$ClassDataSlot
Event: 32.968 Loading class java/io/ObjectStreamClass$ClassDataSlot done
Event: 36.185 Loading class jdk/internal/access/foreign/MemorySegmentProxy
Event: 36.185 Loading class jdk/internal/access/foreign/MemorySegmentProxy done
Event: 36.395 Loading class java/nio/charset/UnsupportedCharsetException
Event: 36.395 Loading class java/nio/charset/UnsupportedCharsetException done
Event: 36.399 Loading class java/util/zip/Deflater
Event: 36.399 Loading class java/util/zip/Deflater done
Event: 36.402 Loading class java/util/zip/Deflater$DeflaterZStreamRef
Event: 36.402 Loading class java/util/zip/Deflater$DeflaterZStreamRef done
Event: 36.504 Loading class java/nio/file/FileTreeWalker$1
Event: 36.505 Loading class java/nio/file/FileTreeWalker$1 done
Event: 36.869 Loading class jdk/internal/reflect/UnsafeQualifiedStaticLongFieldAccessorImpl
Event: 36.869 Loading class jdk/internal/reflect/UnsafeQualifiedStaticLongFieldAccessorImpl done
Event: 36.995 Loading class java/io/BufferedReader$1
Event: 36.995 Loading class java/io/BufferedReader$1 done

Classes unloaded (0 events):
No events

Classes redefined (0 events):
No events

Internal exceptions (20 events):
Event: 30.149 Thread 0x000001d7740ef030 Exception <a 'java/lang/ClassNotFoundException'{0x000000008990cf28}: org/gradle/language/jvm/tasks/ProcessResources_DecoratedCustomizer> (0x000000008990cf28) 
thrown [s\src\hotspot\share\classfile\systemDictionary.cpp, line 256]
Event: 30.158 Thread 0x000001d7740ef030 Exception <a 'java/lang/ClassNotFoundException'{0x000000008999a7a0}: groovy/lang/ReferenceBeanInfo> (0x000000008999a7a0) 
thrown [s\src\hotspot\share\classfile\systemDictionary.cpp, line 256]
Event: 30.159 Thread 0x000001d7740ef030 Exception <a 'java/lang/ClassNotFoundException'{0x00000000899b3648}: groovy/lang/ReferenceCustomizer> (0x00000000899b3648) 
thrown [s\src\hotspot\share\classfile\systemDictionary.cpp, line 256]
Event: 30.164 Thread 0x000001d7740ef030 Exception <a 'java/lang/ClassNotFoundException'{0x00000000899dbd98}: org/gradle/api/internal/tasks/DefaultTaskInputsBeanInfo> (0x00000000899dbd98) 
thrown [s\src\hotspot\share\classfile\systemDictionary.cpp, line 256]
Event: 30.165 Thread 0x000001d7740ef030 Exception <a 'java/lang/ClassNotFoundException'{0x00000000899e7fb8}: org/gradle/api/internal/tasks/DefaultTaskInputsCustomizer> (0x00000000899e7fb8) 
thrown [s\src\hotspot\share\classfile\systemDictionary.cpp, line 256]
Event: 30.316 Thread 0x000001d7740ef030 Exception <a 'java/lang/NoSuchMethodError'{0x00000000898ddc30}: 'java.lang.Object java.lang.invoke.DirectMethodHandle$Holder.newInvokeSpecial(java.lang.Object, java.lang.Object, java.lang.Object, java.lang.Object, java.lang.Object, java.lang.Object, int)'> (0x00000000898ddc30) 
thrown [s\src\hotspot\share\interpreter\linkResolver.cpp, line 759]
Event: 30.317 Thread 0x000001d7740ef030 Exception <a 'java/lang/NoSuchMethodError'{0x00000000898e3420}: 'java.lang.Object java.lang.invoke.DirectMethodHandle$Holder.invokeSpecial(java.lang.Object, java.lang.Object, java.lang.Object, java.lang.Object, java.lang.Object, java.lang.Object, java.lang.Object, int)'> (0x00000000898e3420) 
thrown [s\src\hotspot\share\interpreter\linkResolver.cpp, line 759]
Event: 30.318 Thread 0x000001d7740ef030 Exception <a 'java/lang/NoSuchMethodError'{0x00000000898e87f8}: 'java.lang.Object java.lang.invoke.Invokers$Holder.linkToTargetMethod(java.lang.Object, java.lang.Object, java.lang.Object, java.lang.Object, java.lang.Object, int, java.lang.Object)'> (0x00000000898e87f8) 
thrown [s\src\hotspot\share\interpreter\linkResolver.cpp, line 759]
Event: 30.436 Thread 0x000001d775a9bb70 Implicit null exception at 0x000001d75eecf160 to 0x000001d75eecf200
Event: 30.549 Thread 0x000001d775a9bb70 Implicit null exception at 0x000001d75edef54b to 0x000001d75edef570
Event: 30.692 Thread 0x000001d775a9dee0 Exception <a 'java/lang/NoSuchMethodError'{0x0000000089493948}: 'void java.lang.invoke.DirectMethodHandle$Holder.invokeStatic(java.lang.Object, long)'> (0x0000000089493948) 
thrown [s\src\hotspot\share\interpreter\linkResolver.cpp, line 759]
Event: 30.694 Thread 0x000001d775a9dee0 Exception <a 'java/lang/NoSuchMethodError'{0x000000008949e7d8}: 'java.lang.Object java.lang.invoke.DirectMethodHandle$Holder.invokeStatic(java.lang.Object, java.lang.Object, long, java.lang.Object)'> (0x000000008949e7d8) 
thrown [s\src\hotspot\share\interpreter\linkResolver.cpp, line 759]
Event: 30.695 Thread 0x000001d775a9dee0 Exception <a 'java/lang/NoSuchMethodError'{0x00000000894a1fb0}: 'java.lang.Object java.lang.invoke.DirectMethodHandle$Holder.invokeStaticInit(java.lang.Object, java.lang.Object, long, java.lang.Object)'> (0x00000000894a1fb0) 
thrown [s\src\hotspot\share\interpreter\linkResolver.cpp, line 759]
Event: 31.200 Thread 0x000001d775a9dee0 Exception <a 'java/lang/NoSuchMethodError'{0x00000000894b57b0}: 'void java.lang.invoke.DirectMethodHandle$Holder.invokeSpecial(java.lang.Object, java.lang.Object, int)'> (0x00000000894b57b0) 
thrown [s\src\hotspot\share\interpreter\linkResolver.cpp, line 759]
Event: 31.921 Thread 0x000001d7740ef030 Exception <a 'java/lang/NoSuchMethodError'{0x00000000892dfa28}: 'int java.lang.invoke.DirectMethodHandle$Holder.invokeSpecialIFC(java.lang.Object, java.lang.Object, java.lang.Object, java.lang.Object, java.lang.Object)'> (0x00000000892dfa28) 
thrown [s\src\hotspot\share\interpreter\linkResolver.cpp, line 759]
Event: 32.410 Thread 0x000001d775a9f830 Exception <a 'java/lang/NoSuchMethodError'{0x0000000088933180}: 'void java.lang.invoke.DirectMethodHandle$Holder.invokeSpecial(java.lang.Object, java.lang.Object, java.lang.Object, java.lang.Object, int, java.lang.Object, java.lang.Object)'> (0x0000000088933180) 
thrown [s\src\hotspot\share\interpreter\linkResolver.cpp, line 759]
Event: 32.489 Thread 0x000001d775a9c590 Exception <a 'java/lang/NoSuchMethodError'{0x0000000088cbe170}: 'void java.lang.invoke.DirectMethodHandle$Holder.invokeInterface(java.lang.Object, java.lang.Object, java.lang.Object, java.lang.Object)'> (0x0000000088cbe170) 
thrown [s\src\hotspot\share\interpreter\linkResolver.cpp, line 759]
Event: 32.955 Thread 0x000001d775a9c590 Exception <a 'java/lang/IncompatibleClassChangeError'{0x0000000088340fb8}: Found class java.lang.Object, but interface was expected> (0x0000000088340fb8) 
thrown [s\src\hotspot\share\interpreter\linkResolver.cpp, line 826]
Event: 32.966 Thread 0x000001d775a9c590 Exception <a 'java/lang/NoSuchMethodError'{0x00000000883ed2e8}: static Ljava/lang/Object;.<clinit>()V> (0x00000000883ed2e8) 
thrown [s\src\hotspot\share\prims\jni.cpp, line 1112]
Event: 36.100 Thread 0x000001d775a9c590 Exception <a 'java/lang/NoSuchMethodError'{0x000000008a111218}: 'int java.lang.invoke.DirectMethodHandle$Holder.invokeStaticInit(java.lang.Object, java.lang.Object, java.lang.Object, java.lang.Object, java.lang.Object)'> (0x000000008a111218) 
thrown [s\src\hotspot\share\interpreter\linkResolver.cpp, line 759]

VM Operations (20 events):
Event: 32.740 Executing VM operation: HandshakeAllThreads done
Event: 33.741 Executing VM operation: Cleanup
Event: 34.261 Executing VM operation: Cleanup done
Event: 34.436 Executing VM operation: G1TryInitiateConcMark
Event: 35.419 Executing VM operation: G1TryInitiateConcMark done
Event: 35.681 Executing VM operation: G1TryInitiateConcMark
Event: 35.686 Executing VM operation: G1TryInitiateConcMark done
Event: 36.286 Executing VM operation: HandshakeAllThreads
Event: 36.300 Executing VM operation: HandshakeAllThreads done
Event: 36.446 Executing VM operation: HandshakeAllThreads
Event: 36.446 Executing VM operation: HandshakeAllThreads done
Event: 36.498 Executing VM operation: ICBufferFull
Event: 36.498 Executing VM operation: ICBufferFull done
Event: 36.858 Executing VM operation: HandshakeAllThreads
Event: 36.858 Executing VM operation: HandshakeAllThreads done
Event: 37.642 Executing VM operation: G1CollectForAllocation
Event: 39.704 Executing VM operation: G1CollectForAllocation done
Event: 39.726 Executing VM operation: G1CollectForAllocation
Event: 39.744 Executing VM operation: G1CollectForAllocation done
Event: 39.778 Executing VM operation: G1CollectForAllocation

Memory protections (0 events):
No events

Nmethod flushes (20 events):
Event: 16.077 Thread 0x000001d76e3013b0 flushing  nmethod 0x000001d757852510
Event: 16.077 Thread 0x000001d76e3013b0 flushing  nmethod 0x000001d757857e10
Event: 16.077 Thread 0x000001d76e3013b0 flushing  nmethod 0x000001d75785ee10
Event: 16.077 Thread 0x000001d76e3013b0 flushing  nmethod 0x000001d75785fb10
Event: 16.077 Thread 0x000001d76e3013b0 flushing  nmethod 0x000001d757860190
Event: 16.077 Thread 0x000001d76e3013b0 flushing  nmethod 0x000001d757862c10
Event: 16.077 Thread 0x000001d76e3013b0 flushing  nmethod 0x000001d75787f210
Event: 16.077 Thread 0x000001d76e3013b0 flushing  nmethod 0x000001d757880010
Event: 16.077 Thread 0x000001d76e3013b0 flushing  nmethod 0x000001d757880d10
Event: 16.077 Thread 0x000001d76e3013b0 flushing  nmethod 0x000001d757881390
Event: 16.077 Thread 0x000001d76e3013b0 flushing  nmethod 0x000001d757881890
Event: 16.077 Thread 0x000001d76e3013b0 flushing  nmethod 0x000001d757882610
Event: 16.077 Thread 0x000001d76e3013b0 flushing  nmethod 0x000001d757883190
Event: 16.077 Thread 0x000001d76e3013b0 flushing  nmethod 0x000001d757889510
Event: 16.077 Thread 0x000001d76e3013b0 flushing  nmethod 0x000001d7578c1790
Event: 16.078 Thread 0x000001d76e3013b0 flushing  nmethod 0x000001d757917490
Event: 16.078 Thread 0x000001d76e3013b0 flushing  nmethod 0x000001d757958810
Event: 16.078 Thread 0x000001d76e3013b0 flushing  nmethod 0x000001d757961810
Event: 16.079 Thread 0x000001d76e3013b0 flushing  nmethod 0x000001d7579ac790
Event: 27.021 Thread 0x000001d76e3013b0 flushing  nmethod 0x000001d75747a190

Events (20 events):
Event: 31.983 Thread 0x000001d76e2d6e60 Thread added: 0x000001d777d06850
Event: 32.178 Thread 0x000001d7740ef030 Thread added: 0x000001d775a9f830
Event: 32.255 Thread 0x000001d775a9f830 Thread added: 0x000001d775a9fd40
Event: 32.255 Thread 0x000001d775a9f830 Thread added: 0x000001d775a9c590
Event: 32.256 Thread 0x000001d775a9f830 Thread added: 0x000001d775aa0250
Event: 32.256 Thread 0x000001d775a9f830 Thread added: 0x000001d775aa0760
Event: 32.257 Thread 0x000001d775a9f830 Thread added: 0x000001d775aa0c70
Event: 32.257 Thread 0x000001d775a9f830 Thread added: 0x000001d775aa1180
Event: 32.257 Thread 0x000001d775a9f830 Thread added: 0x000001d775aa1690
Event: 32.529 Thread 0x000001d775a9c590 Thread added: 0x000001d775aa1ba0
Event: 35.721 Thread 0x000001d777d06850 Thread exited: 0x000001d777d06850
Event: 35.837 Thread 0x000001d76e2d6e60 Thread added: 0x000001d777d06850
Event: 35.862 Thread 0x000001d775a9c590 Thread added: 0x000001d775aa20b0
Event: 35.862 Thread 0x000001d775a9c590 Thread added: 0x000001d7784a2ef0
Event: 35.862 Thread 0x000001d775a9c590 Thread added: 0x000001d7784a4d50
Event: 35.862 Thread 0x000001d775a9c590 Thread added: 0x000001d7784a3910
Event: 35.967 Thread 0x000001d777d06850 Thread exited: 0x000001d777d06850
Event: 36.476 Thread 0x000001d76e2d6e60 Thread added: 0x000001d777d06850
Event: 37.011 Thread 0x000001d76e2d4930 Thread added: 0x000001d778028460
Event: 37.231 Thread 0x000001d778028460 Thread exited: 0x000001d778028460


Dynamic libraries:
0x00007ff769c50000 - 0x00007ff769c5e000 	C:\Users\chill\AppData\Local\Programs\Eclipse Adoptium\jdk-17.0.15.6-hotspot\bin\java.exe
0x00007ffe2d3a0000 - 0x00007ffe2d608000 	C:\Windows\SYSTEM32\ntdll.dll
0x00007ffe2b6a0000 - 0x00007ffe2b769000 	C:\Windows\System32\KERNEL32.DLL
0x00007ffe2aaa0000 - 0x00007ffe2ae92000 	C:\Windows\System32\KERNELBASE.dll
0x00007ffe2a950000 - 0x00007ffe2aa9b000 	C:\Windows\System32\ucrtbase.dll
0x00007ffe22e50000 - 0x00007ffe22e6e000 	C:\Users\chill\AppData\Local\Programs\Eclipse Adoptium\jdk-17.0.15.6-hotspot\bin\VCRUNTIME140.dll
0x00007ffe1c830000 - 0x00007ffe1c847000 	C:\Users\chill\AppData\Local\Programs\Eclipse Adoptium\jdk-17.0.15.6-hotspot\bin\jli.dll
0x00007ffe2d010000 - 0x00007ffe2d1d5000 	C:\Windows\System32\USER32.dll
0x00007ffe2a5e0000 - 0x00007ffe2a607000 	C:\Windows\System32\win32u.dll
0x00007ffe17490000 - 0x00007ffe17723000 	C:\Windows\WinSxS\amd64_microsoft.windows.common-controls_6595b64144ccf1df_6.0.26100.6899_none_3e0efeeae32e88c1\COMCTL32.dll
0x00007ffe2b310000 - 0x00007ffe2b33b000 	C:\Windows\System32\GDI32.dll
0x00007ffe2b340000 - 0x00007ffe2b3e9000 	C:\Windows\System32\msvcrt.dll
0x00007ffe2a780000 - 0x00007ffe2a8ad000 	C:\Windows\System32\gdi32full.dll
0x00007ffe2a530000 - 0x00007ffe2a5d3000 	C:\Windows\System32\msvcp_win.dll
0x00007ffe2d260000 - 0x00007ffe2d28f000 	C:\Windows\System32\IMM32.DLL
0x00007ffe1c730000 - 0x00007ffe1c73c000 	C:\Users\chill\AppData\Local\Programs\Eclipse Adoptium\jdk-17.0.15.6-hotspot\bin\vcruntime140_1.dll
0x00007ffe000b0000 - 0x00007ffe0013d000 	C:\Users\chill\AppData\Local\Programs\Eclipse Adoptium\jdk-17.0.15.6-hotspot\bin\msvcp140.dll
0x00007ffd7e3d0000 - 0x00007ffd7f03b000 	C:\Users\chill\AppData\Local\Programs\Eclipse Adoptium\jdk-17.0.15.6-hotspot\bin\server\jvm.dll
0x00007ffe2d2a0000 - 0x00007ffe2d354000 	C:\Windows\System32\ADVAPI32.dll
0x00007ffe2cd30000 - 0x00007ffe2cdd6000 	C:\Windows\System32\sechost.dll
0x00007ffe2b770000 - 0x00007ffe2b888000 	C:\Windows\System32\RPCRT4.dll
0x00007ffe2d1e0000 - 0x00007ffe2d254000 	C:\Windows\System32\WS2_32.dll
0x00007ffe2a390000 - 0x00007ffe2a3ee000 	C:\Windows\SYSTEM32\POWRPROF.dll
0x00007ffe17ba0000 - 0x00007ffe17bd5000 	C:\Windows\SYSTEM32\WINMM.dll
0x00007ffe23320000 - 0x00007ffe2332b000 	C:\Windows\SYSTEM32\VERSION.dll
0x00007ffe2a370000 - 0x00007ffe2a384000 	C:\Windows\SYSTEM32\UMPDC.dll
0x00007ffe29300000 - 0x00007ffe2931b000 	C:\Windows\SYSTEM32\kernel.appcore.dll
0x00007ffe1c720000 - 0x00007ffe1c72a000 	C:\Users\chill\AppData\Local\Programs\Eclipse Adoptium\jdk-17.0.15.6-hotspot\bin\jimage.dll
0x00007ffe17e70000 - 0x00007ffe180b2000 	C:\Windows\SYSTEM32\DBGHELP.DLL
0x00007ffe2ba70000 - 0x00007ffe2bdeb000 	C:\Windows\System32\combase.dll
0x00007ffe2ca90000 - 0x00007ffe2cb67000 	C:\Windows\System32\OLEAUT32.dll
0x00007ffdffb20000 - 0x00007ffdffb5c000 	C:\Windows\SYSTEM32\dbgcore.DLL
0x00007ffe2a8b0000 - 0x00007ffe2a948000 	C:\Windows\System32\bcryptPrimitives.dll
0x00007ffe1bf00000 - 0x00007ffe1bf0e000 	C:\Users\chill\AppData\Local\Programs\Eclipse Adoptium\jdk-17.0.15.6-hotspot\bin\instrument.dll
0x00007ffe1c6f0000 - 0x00007ffe1c715000 	C:\Users\chill\AppData\Local\Programs\Eclipse Adoptium\jdk-17.0.15.6-hotspot\bin\java.dll
0x00007ffdff140000 - 0x00007ffdff217000 	C:\Users\chill\AppData\Local\Programs\Eclipse Adoptium\jdk-17.0.15.6-hotspot\bin\jsvml.dll
0x00007ffe2c310000 - 0x00007ffe2ca5d000 	C:\Windows\System32\SHELL32.dll
0x00007ffe2a610000 - 0x00007ffe2a77b000 	C:\Windows\System32\wintypes.dll
0x00007ffe28220000 - 0x00007ffe28a7d000 	C:\Windows\SYSTEM32\windows.storage.dll
0x00007ffe2cc30000 - 0x00007ffe2cd22000 	C:\Windows\System32\SHCORE.dll
0x00007ffe2b400000 - 0x00007ffe2b462000 	C:\Windows\System32\shlwapi.dll
0x00007ffe2a450000 - 0x00007ffe2a479000 	C:\Windows\SYSTEM32\profapi.dll
0x00007ffe18380000 - 0x00007ffe18398000 	C:\Users\chill\AppData\Local\Programs\Eclipse Adoptium\jdk-17.0.15.6-hotspot\bin\zip.dll
0x00007ffe1be90000 - 0x00007ffe1bea9000 	C:\Users\chill\AppData\Local\Programs\Eclipse Adoptium\jdk-17.0.15.6-hotspot\bin\net.dll
0x00007ffe224b0000 - 0x00007ffe225cf000 	C:\Windows\SYSTEM32\WINHTTP.dll
0x00007ffe29870000 - 0x00007ffe298db000 	C:\Windows\system32\mswsock.dll
0x00007ffe183a0000 - 0x00007ffe183b6000 	C:\Users\chill\AppData\Local\Programs\Eclipse Adoptium\jdk-17.0.15.6-hotspot\bin\nio.dll
0x00007ffe1c6e0000 - 0x00007ffe1c6f0000 	C:\Users\chill\AppData\Local\Programs\Eclipse Adoptium\jdk-17.0.15.6-hotspot\bin\verify.dll
0x00007ffe15eb0000 - 0x00007ffe15ed7000 	C:\Users\chill\.gradle\native\c067742578af261105cb4f569cf0c3c89f3d7b1fecec35dd04571415982c5e48\windows-amd64\native-platform.dll
0x00007ffdb53b0000 - 0x00007ffdb54f4000 	C:\Users\chill\.gradle\native\100fb08df4bc3b14c8652ba06237920a3bd2aa13389f12d3474272988ae205f9\windows-amd64\native-platform-file-events.dll
0x00007ffe1c050000 - 0x00007ffe1c05a000 	C:\Users\chill\AppData\Local\Programs\Eclipse Adoptium\jdk-17.0.15.6-hotspot\bin\management.dll
0x00007ffe1bf70000 - 0x00007ffe1bf7b000 	C:\Users\chill\AppData\Local\Programs\Eclipse Adoptium\jdk-17.0.15.6-hotspot\bin\management_ext.dll
0x00007ffe2cf40000 - 0x00007ffe2cf48000 	C:\Windows\System32\PSAPI.DLL
0x00007ffe29b30000 - 0x00007ffe29b4b000 	C:\Windows\SYSTEM32\CRYPTSP.dll
0x00007ffe29260000 - 0x00007ffe2929b000 	C:\Windows\system32\rsaenh.dll
0x00007ffe29910000 - 0x00007ffe2993b000 	C:\Windows\SYSTEM32\USERENV.dll
0x00007ffe2a420000 - 0x00007ffe2a446000 	C:\Windows\SYSTEM32\bcrypt.dll
0x00007ffe29b20000 - 0x00007ffe29b2c000 	C:\Windows\SYSTEM32\CRYPTBASE.dll
0x00007ffe28dd0000 - 0x00007ffe28e04000 	C:\Windows\SYSTEM32\IPHLPAPI.DLL
0x00007ffe2b470000 - 0x00007ffe2b47a000 	C:\Windows\System32\NSI.dll
0x00007ffe221f0000 - 0x00007ffe2220e000 	C:\Windows\SYSTEM32\dhcpcsvc6.DLL
0x00007ffe221c0000 - 0x00007ffe221e3000 	C:\Windows\SYSTEM32\dhcpcsvc.DLL
0x00007ffe28e70000 - 0x00007ffe28f96000 	C:\Windows\SYSTEM32\DNSAPI.dll
0x00007ffe1ab20000 - 0x00007ffe1ab29000 	C:\Users\chill\AppData\Local\Programs\Eclipse Adoptium\jdk-17.0.15.6-hotspot\bin\extnet.dll
0x00007ffe19850000 - 0x00007ffe1985e000 	C:\Users\chill\AppData\Local\Programs\Eclipse Adoptium\jdk-17.0.15.6-hotspot\bin\sunmscapi.dll
0x00007ffe2aea0000 - 0x00007ffe2b017000 	C:\Windows\System32\CRYPT32.dll
0x00007ffe29d40000 - 0x00007ffe29d70000 	C:\Windows\SYSTEM32\ncrypt.dll
0x00007ffe29cf0000 - 0x00007ffe29d2f000 	C:\Windows\SYSTEM32\NTASN1.dll
0x00007ffdb0d60000 - 0x00007ffdb0d68000 	C:\Windows\system32\wshunix.dll

dbghelp: loaded successfully - version: 4.0.5 - missing functions: none
symbol engine: initialized successfully - sym options: 0x614 - pdb path: .;C:\Users\chill\AppData\Local\Programs\Eclipse Adoptium\jdk-17.0.15.6-hotspot\bin;C:\Windows\SYSTEM32;C:\Windows\WinSxS\amd64_microsoft.windows.common-controls_6595b64144ccf1df_6.0.26100.6899_none_3e0efeeae32e88c1;C:\Users\chill\AppData\Local\Programs\Eclipse Adoptium\jdk-17.0.15.6-hotspot\bin\server;C:\Users\chill\.gradle\native\c067742578af261105cb4f569cf0c3c89f3d7b1fecec35dd04571415982c5e48\windows-amd64;C:\Users\chill\.gradle\native\100fb08df4bc3b14c8652ba06237920a3bd2aa13389f12d3474272988ae205f9\windows-amd64

VM Arguments:
jvm_args: --add-opens=java.base/java.util=ALL-UNNAMED --add-opens=java.base/java.lang=ALL-UNNAMED --add-opens=java.base/java.lang.invoke=ALL-UNNAMED --add-opens=java.prefs/java.util.prefs=ALL-UNNAMED --add-opens=java.base/java.nio.charset=ALL-UNNAMED --add-opens=java.base/java.net=ALL-UNNAMED --add-opens=java.base/java.util.concurrent.atomic=ALL-UNNAMED -Xmx2G -Dfile.encoding=windows-1252 -Duser.country=US -Duser.language=en -Duser.variant -javaagent:C:\Users\chill\.gradle\wrapper\dists\gradle-8.8-bin\dl7vupf4psengwqhwktix4v1\gradle-8.8\lib\agents\gradle-instrumentation-agent-8.8.jar 
java_command: org.gradle.launcher.daemon.bootstrap.GradleDaemon 8.8
java_class_path (initial): C:\Users\chill\.gradle\wrapper\dists\gradle-8.8-bin\dl7vupf4psengwqhwktix4v1\gradle-8.8\lib\gradle-launcher-8.8.jar
Launcher Type: SUN_STANDARD

[Global flags]
     intx CICompilerCount                          = 4                                         {product} {ergonomic}
     uint ConcGCThreads                            = 2                                         {product} {ergonomic}
     uint G1ConcRefinementThreads                  = 8                                         {product} {ergonomic}
   size_t G1HeapRegionSize                         = 1048576                                   {product} {ergonomic}
    uintx GCDrainStackTargetSize                   = 64                                        {product} {ergonomic}
   size_t InitialHeapSize                          = 266338304                                 {product} {ergonomic}
   size_t MarkStackSize                            = 4194304                                   {product} {ergonomic}
   size_t MaxHeapSize                              = 2147483648                                {product} {command line}
   size_t MaxNewSize                               = 1287651328                                {product} {ergonomic}
   size_t MinHeapDeltaBytes                        = 1048576                                   {product} {ergonomic}
   size_t MinHeapSize                              = 8388608                                   {product} {ergonomic}
    uintx NonNMethodCodeHeapSize                   = 5839372                                {pd product} {ergonomic}
    uintx NonProfiledCodeHeapSize                  = 122909434                              {pd product} {ergonomic}
    uintx ProfiledCodeHeapSize                     = 122909434                              {pd product} {ergonomic}
    uintx ReservedCodeCacheSize                    = 251658240                              {pd product} {ergonomic}
     bool SegmentedCodeCache                       = true                                      {product} {ergonomic}
   size_t SoftMaxHeapSize                          = 2147483648                             {manageable} {ergonomic}
     bool UseCompressedClassPointers               = true                           {product lp64_product} {ergonomic}
     bool UseCompressedOops                        = true                           {product lp64_product} {ergonomic}
     bool UseG1GC                                  = true                                      {product} {ergonomic}
     bool UseLargePagesIndividualAllocation        = false                                  {pd product} {ergonomic}

Logging:
Log output configuration:
 #0: stdout all=warning uptime,level,tags
 #1: stderr all=off uptime,level,tags

Environment Variables:
JAVA_HOME=C:\Users\chill\AppData\Local\Programs\Eclipse Adoptium\jdk-17.0.15.6-hotspot
CLASSPATH=C:\Users\chill\Downloads\ZooTycoonSimulation\\gradle\wrapper\gradle-wrapper.jar
PATH=C:\Program Files (x86)\VMware\VMware Workstation\bin\;C:\Users\chill\AppData\Local\Programs\Eclipse Adoptium\jdk-17.0.15.6-hotspot\bin;C:\Program Files\Zulu\zulu-23\bin\;C:\Program Files\Common Files\Oracle\Java\javapath;C:\Program Files (x86)\Common Files\Oracle\Java\java8path;C:\Program Files (x86)\Common Files\Oracle\Java\javapath;C:\WINDOWS\system32;C:\WINDOWS;C:\WINDOWS\System32\Wbem;C:\WINDOWS\System32\WindowsPowerShell\v1.0\;C:\WINDOWS\System32\OpenSSH\;C:\Program Files\Intel\WiFi\bin\;C:\Program Files\Common Files\Intel\WirelessCommon\;C:\Program Files\Git\cmd;C:\Program Files\playit_gg\bin\;C:\Users\chill\.config\herd\bin\nvm;C:\Program Files\nodejs;C:\Program Files\nodejs\;C:\Users\chill\Downloads\platform-tools-latest-windows\platform-tools;C:\Windows\system32;C:\Windows;C:\Windows\System32\Wbem;C:\Windows\System32\WindowsPowerShell\v1.0\;C:\Windows\System32\OpenSSH\;C:\Program Files\dotnet\;C:\Users\chill\AppData\Local\Muse Hub\lib;C:\Windows\AtlasModules;C:\Windows\AtlasModules\Tools;C:\Windows\AtlasModules\Scripts;C:\Users\chill\AppData\Local\pnpm;C:\Users\chill\AppData\Local\Programs\Python\Python313\Scripts\;C:\Users\chill\AppData\Local\Programs\Python\Python313\;C:\Users\chill\.config\herd\bin;C:\Users\chill\AppData\Local\Microsoft\WindowsApps;C:\Users\chill\AppData\Local\Programs\Microsoft VS Code Insiders\bin;C:\Users\chill\AppData\Roaming\npm;C:\Users\chill\Downloads\kotlin-compiler-2.1.0\kotlinc\bin;C:\Program Files\kotlin-compiler-2.1.0\kotlinc\bin;C:\Users\chill\AppData\Local\Muse Hub\lib;C:\Users\chill\AppData\Local\Programs\Microsoft VS Code\bin;C:\Users\chill\AppData\Local\Programs\Antigravity\bin
USERNAME=chill
LANG=en_US.UTF-8
OS=Windows_NT
PROCESSOR_IDENTIFIER=Intel64 Family 6 Model 142 Stepping 12, GenuineIntel
TMP=C:\Users\chill\AppData\Local\Temp
TEMP=C:\Users\chill\AppData\Local\Temp



Periodic native trim disabled


---------------  S Y S T E M  ---------------

OS:
 Windows 11 , 64 bit Build 26100 (10.0.26100.6725)
OS uptime: 0 days 8:20 hours

CPU: total 8 (initial active 8) (4 cores per cpu, 2 threads per core) family 6 model 142 stepping 12 microcode 0xf8, cx8, cmov, fxsr, ht, mmx, 3dnowpref, sse, sse2, sse3, ssse3, sse4.1, sse4.2, popcnt, lzcnt, tsc, tscinvbit, avx, avx2, aes, erms, clmul, bmi1, bmi2, adx, fma, vzeroupper, clflush, clflushopt
Processor Information for all 8 processors :
  Max Mhz: 1896, Current Mhz: 798, Mhz Limit: 796

Memory: 4k page, system-wide physical 16131M (3299M free)
TotalPageFile size 16131M (AvailPageFile size 33M)
current process WorkingSet (physical memory assigned to process): 452M, peak: 477M
current process commit charge ("private bytes"): 495M, peak: 566M

vm_info: OpenJDK 64-Bit Server VM (17.0.15+6) for windows-amd64 JRE (17.0.15+6), built on Apr 15 2025 21:25:47 by "admin" with MS VC++ 17.7 (VS2022)

END.
