#
# There is insufficient memory for the Java Runtime Environment to continue.
# Native memory allocation (mmap) failed to map 648019968 bytes. Error detail: G1 virtual space
# Possible reasons:
#   The system is out of physical RAM or swap space
#   This process is running with CompressedOops enabled, and the Java Heap may be blocking the growth of the native heap
# Possible solutions:
#   Reduce memory load on the system
#   Increase physical memory or swap space
#   Check if swap backing store is full
#   Decrease Java heap size (-Xmx/-Xms)
#   Decrease number of Java threads
#   Decrease Java thread stack sizes (-Xss)
#   Set larger code cache with -XX:ReservedCodeCacheSize=
#   JVM is running with Zero Based Compressed Oops mode in which the Java heap is
#     placed in the first 32GB address space. The Java Heap base address is the
#     maximum limit for the native heap growth. Please use -XX:HeapBaseMinAddress
#     to set the Java Heap base and to place the Java Heap above 32GB virtual address.
# This output file may be truncated or incomplete.
#
#  Out of Memory Error (os_windows.cpp:3618), pid=17664, tid=13616
#
# JRE version: OpenJDK Runtime Environment Temurin-17.0.15+6 (17.0.15+6) (build 17.0.15+6)
# Java VM: OpenJDK 64-Bit Server VM Temurin-17.0.15+6 (17.0.15+6, mixed mode, sharing, tiered, compressed oops, compressed class ptrs, g1 gc, windows-amd64)
# No core dump will be written. Minidumps are not enabled by default on client versions of Windows
#

---------------  S U M M A R Y ------------

Command Line: --add-opens=java.base/java.util=ALL-UNNAMED --add-opens=java.base/java.lang=ALL-UNNAMED --add-opens=java.base/java.lang.invoke=ALL-UNNAMED --add-opens=java.prefs/java.util.prefs=ALL-UNNAMED --add-opens=java.base/java.nio.charset=ALL-UNNAMED --add-opens=java.base/java.net=ALL-UNNAMED --add-opens=java.base/java.util.concurrent.atomic=ALL-UNNAMED -Xmx3G -Dfile.encoding=windows-1252 -Duser.country=US -Duser.language=en -Duser.variant -javaagent:C:\Users\chill\.gradle\wrapper\dists\gradle-8.8-bin\dl7vupf4psengwqhwktix4v1\gradle-8.8\lib\agents\gradle-instrumentation-agent-8.8.jar org.gradle.launcher.daemon.bootstrap.GradleDaemon 8.8

Host: Intel(R) Core(TM) i5-8365U CPU @ 1.60GHz, 8 cores, 15G,  Windows 11 , 64 bit Build 26100 (10.0.26100.6725)
Time: Tue Feb 17 19:48:16 2026 SE Asia Standard Time elapsed time: 51.968596 seconds (0d 0h 0m 51s)

---------------  T H R E A D  ---------------

Current thread (0x000002827fca11e0):  VMThread "VM Thread" [stack: 0x000000a6ae600000,0x000000a6ae700000] [id=13616]

Stack: [0x000000a6ae600000,0x000000a6ae700000]
Native frames: (J=compiled Java code, j=interpreted, Vv=VM code, C=native code)
V  [jvm.dll+0x682fc9]
V  [jvm.dll+0x839878]
V  [jvm.dll+0x83b323]
V  [jvm.dll+0x83b993]
V  [jvm.dll+0x24725f]
V  [jvm.dll+0x67fda9]
V  [jvm.dll+0x674c9a]
V  [jvm.dll+0x304d06]
V  [jvm.dll+0x30c1c6]
V  [jvm.dll+0x35dd4e]
V  [jvm.dll+0x35df8d]
V  [jvm.dll+0x2dc0cc]
V  [jvm.dll+0x2da46f]
V  [jvm.dll+0x2d9bdc]
V  [jvm.dll+0x31d3bb]
V  [jvm.dll+0x8401cd]
V  [jvm.dll+0x840f03]
V  [jvm.dll+0x84142f]
V  [jvm.dll+0x841814]
V  [jvm.dll+0x8418de]
V  [jvm.dll+0x7e94dc]
V  [jvm.dll+0x681ea7]
C  [ucrtbase.dll+0x37b0]
C  [KERNEL32.DLL+0x2e8d7]
C  [ntdll.dll+0x8c53c]

VM_Operation (0x000000a6b42f9fa0): G1CollectForAllocation, mode: safepoint, requested by thread 0x00000282597fef00


---------------  P R O C E S S  ---------------

Threads class SMR info:
_java_thread_list=0x000002825a38da80, length=112, elements={
0x000002826fa5e100, 0x000002827fca81e0, 0x000002827fcaa0c0, 0x000002827fcbe3f0,
0x00000282560060a0, 0x0000028256006970, 0x0000028256007240, 0x0000028256008250,
0x0000028256010b70, 0x00000282560169c0, 0x000002827fc943c0, 0x00000282562130c0,
0x0000028257bfb5a0, 0x00000282568cc670, 0x0000028257a070c0, 0x00000282565166f0,
0x0000028256512ee0, 0x0000028257c9ca80, 0x0000028257c9c570, 0x0000028257c9a710,
0x0000028257c9cf90, 0x0000028257c9d4a0, 0x0000028257c99cf0, 0x0000028257c9c060,
0x0000028257c9a200, 0x0000028259239270, 0x0000028259237410, 0x0000028259239780,
0x0000028259237e30, 0x0000028259239c90, 0x000002825923a1a0, 0x00000282592369f0,
0x0000028259236f00, 0x000002825923cf30, 0x000002825923d440, 0x000002825923e370,
0x000002825923abc0, 0x000002825923b5e0, 0x000002825923d950, 0x000002825923baf0,
0x000002825923c000, 0x0000028257b6d9c0, 0x0000028257b6c580, 0x0000028257b6ca90,
0x0000028257b6e8f0, 0x0000028257b6e3e0, 0x0000028257b6ee00, 0x0000028257b6ded0,
0x0000028257b6cfa0, 0x0000028257b6d4b0, 0x0000028257b6f310, 0x0000028257b6f820,
0x0000028257b6c070, 0x0000028257b72ac0, 0x0000028257b70750, 0x0000028257b70240,
0x0000028257b6fd30, 0x0000028257b70c60, 0x0000028257b71b90, 0x0000028257b72fd0,
0x0000028257b71170, 0x0000028257b734e0, 0x0000028257b739f0, 0x0000028257b71680,
0x0000028257b725b0, 0x000002825aa95d30, 0x000002825aa95820, 0x000002825aa939c0,
0x000002825aa92fa0, 0x000002825aa934b0, 0x000002825aa93ed0, 0x000002825aa92a90,
0x000002825aa96240, 0x000002825aa96750, 0x000002825aa96c60, 0x000002825aa97b90,
0x000002825aa97170, 0x000002825aa97680, 0x000002825aa948f0, 0x000002825aa943e0,
0x000002825aa980a0, 0x000002825aa985b0, 0x000002825aa98ac0, 0x000002825aa95310,
0x000002825aa994e0, 0x000002825aa999f0, 0x000002825aa98fd0, 0x000002825aa99f00,
0x000002825aa9a410, 0x00000282597fd0a0, 0x00000282597fef00, 0x00000282597fcb90,
0x00000282597fdac0, 0x00000282597fe9f0, 0x00000282597fd5b0, 0x00000282597fdfd0,
0x00000282597fe4e0, 0x0000028259800340, 0x00000282597ff410, 0x00000282597ffe30,
0x00000282597ff920, 0x000002825a51cc60, 0x000002825a51bd30, 0x000002825a51b820,
0x000002825a51d170, 0x000002825a51c240, 0x000002825a51d680, 0x000002825a51db90,
0x000002825a51e0a0, 0x000002825a51ae00, 0x0000028256f7eef0, 0x0000028256f7f440
}

Java Threads: ( => current thread )
  0x000002826fa5e100 JavaThread "main" [_thread_blocked, id=13416, stack(0x000000a6ae000000,0x000000a6ae100000)]
  0x000002827fca81e0 JavaThread "Reference Handler" daemon [_thread_blocked, id=7536, stack(0x000000a6ae700000,0x000000a6ae800000)]
  0x000002827fcaa0c0 JavaThread "Finalizer" daemon [_thread_blocked, id=632, stack(0x000000a6ae800000,0x000000a6ae900000)]
  0x000002827fcbe3f0 JavaThread "Signal Dispatcher" daemon [_thread_blocked, id=19824, stack(0x000000a6ae900000,0x000000a6aea00000)]
  0x00000282560060a0 JavaThread "Attach Listener" daemon [_thread_blocked, id=8600, stack(0x000000a6aea00000,0x000000a6aeb00000)]
  0x0000028256006970 JavaThread "Service Thread" daemon [_thread_blocked, id=18244, stack(0x000000a6aeb00000,0x000000a6aec00000)]
  0x0000028256007240 JavaThread "Monitor Deflation Thread" daemon [_thread_blocked, id=18732, stack(0x000000a6aec00000,0x000000a6aed00000)]
  0x0000028256008250 JavaThread "C2 CompilerThread0" daemon [_thread_blocked, id=20628, stack(0x000000a6aed00000,0x000000a6aee00000)]
  0x0000028256010b70 JavaThread "C1 CompilerThread0" daemon [_thread_blocked, id=8476, stack(0x000000a6aee00000,0x000000a6aef00000)]
  0x00000282560169c0 JavaThread "Sweeper thread" daemon [_thread_blocked, id=17412, stack(0x000000a6aef00000,0x000000a6af000000)]
  0x000002827fc943c0 JavaThread "Common-Cleaner" daemon [_thread_blocked, id=19892, stack(0x000000a6af000000,0x000000a6af100000)]
  0x00000282562130c0 JavaThread "Notification Thread" daemon [_thread_blocked, id=11096, stack(0x000000a6af100000,0x000000a6af200000)]
  0x0000028257bfb5a0 JavaThread "Daemon health stats" [_thread_blocked, id=22088, stack(0x000000a6af400000,0x000000a6af500000)]
  0x00000282568cc670 JavaThread "Incoming local TCP Connector on port 51319" [_thread_in_native, id=6000, stack(0x000000a6af300000,0x000000a6af400000)]
  0x0000028257a070c0 JavaThread "Daemon periodic checks" [_thread_blocked, id=13748, stack(0x000000a6afa00000,0x000000a6afb00000)]
  0x00000282565166f0 JavaThread "Daemon" [_thread_blocked, id=1884, stack(0x000000a6afb00000,0x000000a6afc00000)]
  0x0000028256512ee0 JavaThread "Handler for socket connection from /127.0.0.1:51319 to /127.0.0.1:51321" [_thread_in_native, id=304, stack(0x000000a6afc00000,0x000000a6afd00000)]
  0x0000028257c9ca80 JavaThread "Cancel handler" [_thread_blocked, id=16764, stack(0x000000a6afd00000,0x000000a6afe00000)]
  0x0000028257c9c570 JavaThread "Daemon worker" [_thread_blocked, id=23112, stack(0x000000a6afe00000,0x000000a6aff00000)]
  0x0000028257c9a710 JavaThread "Asynchronous log dispatcher for DefaultDaemonConnection: socket connection from /127.0.0.1:51319 to /127.0.0.1:51321" [_thread_blocked, id=22948, stack(0x000000a6aff00000,0x000000a6b0000000)]
  0x0000028257c9cf90 JavaThread "Stdin handler" [_thread_blocked, id=3228, stack(0x000000a6b0000000,0x000000a6b0100000)]
  0x0000028257c9d4a0 JavaThread "Daemon client event forwarder" [_thread_blocked, id=16896, stack(0x000000a6b0100000,0x000000a6b0200000)]
  0x0000028257c99cf0 JavaThread "Cache worker for journal cache (C:\Users\chill\.gradle\caches\journal-1)" [_thread_blocked, id=20056, stack(0x000000a6b0200000,0x000000a6b0300000)]
  0x0000028257c9c060 JavaThread "File lock request listener" [_thread_in_native, id=11596, stack(0x000000a6b0300000,0x000000a6b0400000)]
  0x0000028257c9a200 JavaThread "Cache worker for file hash cache (C:\Users\chill\.gradle\caches\8.8\fileHashes)" [_thread_blocked, id=18144, stack(0x000000a6b0400000,0x000000a6b0500000)]
  0x0000028259239270 JavaThread "Cache worker for file hash cache (C:\Users\chill\Downloads\ZooTycoonSimulation\.gradle\8.8\fileHashes)" [_thread_blocked, id=18872, stack(0x000000a6b0800000,0x000000a6b0900000)]
  0x0000028259237410 JavaThread "File watcher server" daemon [_thread_blocked, id=23356, stack(0x000000a6b0900000,0x000000a6b0a00000)]
  0x0000028259239780 JavaThread "File watcher consumer" daemon [_thread_blocked, id=11988, stack(0x000000a6b0a00000,0x000000a6b0b00000)]
  0x0000028259237e30 JavaThread "Cache worker for checksums cache (C:\Users\chill\Downloads\ZooTycoonSimulation\.gradle\8.8\checksums)" [_thread_blocked, id=10840, stack(0x000000a6b0500000,0x000000a6b0600000)]
  0x0000028259239c90 JavaThread "Cache worker for file content cache (C:\Users\chill\.gradle\caches\8.8\fileContent)" [_thread_blocked, id=22232, stack(0x000000a6b0c00000,0x000000a6b0d00000)]
  0x000002825923a1a0 JavaThread "Cache worker for cache directory md-rule (C:\Users\chill\.gradle\caches\8.8\md-rule)" [_thread_blocked, id=4928, stack(0x000000a6b0d00000,0x000000a6b0e00000)]
  0x00000282592369f0 JavaThread "Cache worker for cache directory md-supplier (C:\Users\chill\.gradle\caches\8.8\md-supplier)" [_thread_blocked, id=19436, stack(0x000000a6b0f00000,0x000000a6b1000000)]
  0x0000028259236f00 JavaThread "jar transforms" [_thread_blocked, id=20564, stack(0x000000a6b1400000,0x000000a6b1500000)]
  0x000002825923cf30 JavaThread "Unconstrained build operations" [_thread_blocked, id=4680, stack(0x000000a6b1500000,0x000000a6b1600000)]
  0x000002825923d440 JavaThread "Unconstrained build operations Thread 2" [_thread_blocked, id=7028, stack(0x000000a6b1600000,0x000000a6b1700000)]
  0x000002825923e370 JavaThread "Unconstrained build operations Thread 3" [_thread_blocked, id=20816, stack(0x000000a6b1700000,0x000000a6b1800000)]
  0x000002825923abc0 JavaThread "Unconstrained build operations Thread 4" [_thread_blocked, id=22092, stack(0x000000a6b1800000,0x000000a6b1900000)]
  0x000002825923b5e0 JavaThread "Unconstrained build operations Thread 5" [_thread_blocked, id=11876, stack(0x000000a6b1900000,0x000000a6b1a00000)]
  0x000002825923d950 JavaThread "Unconstrained build operations Thread 6" [_thread_blocked, id=2592, stack(0x000000a6b1a00000,0x000000a6b1b00000)]
  0x000002825923baf0 JavaThread "jar transforms Thread 2" [_thread_blocked, id=11512, stack(0x000000a6b0e00000,0x000000a6b0f00000)]
  0x000002825923c000 JavaThread "Cache worker for Build Output Cleanup Cache (C:\Users\chill\Downloads\ZooTycoonSimulation\.gradle\buildOutputCleanup)" [_thread_blocked, id=21204, stack(0x000000a6b1b00000,0x000000a6b1c00000)]
  0x0000028257b6d9c0 JavaThread "jar transforms Thread 3" [_thread_blocked, id=19116, stack(0x000000a6b1c00000,0x000000a6b1d00000)]
  0x0000028257b6c580 JavaThread "Unconstrained build operations Thread 7" [_thread_blocked, id=6868, stack(0x000000a6b1e00000,0x000000a6b1f00000)]
  0x0000028257b6ca90 JavaThread "Unconstrained build operations Thread 8" [_thread_blocked, id=18492, stack(0x000000a6b1f00000,0x000000a6b2000000)]
  0x0000028257b6e8f0 JavaThread "Unconstrained build operations Thread 9" [_thread_blocked, id=12588, stack(0x000000a6b2000000,0x000000a6b2100000)]
  0x0000028257b6e3e0 JavaThread "Unconstrained build operations Thread 10" [_thread_blocked, id=15196, stack(0x000000a6b2100000,0x000000a6b2200000)]
  0x0000028257b6ee00 JavaThread "Unconstrained build operations Thread 11" [_thread_blocked, id=4760, stack(0x000000a6b2200000,0x000000a6b2300000)]
  0x0000028257b6ded0 JavaThread "Unconstrained build operations Thread 12" [_thread_blocked, id=4500, stack(0x000000a6b2300000,0x000000a6b2400000)]
  0x0000028257b6cfa0 JavaThread "Unconstrained build operations Thread 13" [_thread_blocked, id=23268, stack(0x000000a6b2400000,0x000000a6b2500000)]
  0x0000028257b6d4b0 JavaThread "Unconstrained build operations Thread 14" [_thread_blocked, id=13928, stack(0x000000a6b2500000,0x000000a6b2600000)]
  0x0000028257b6f310 JavaThread "Unconstrained build operations Thread 15" [_thread_blocked, id=20904, stack(0x000000a6b2600000,0x000000a6b2700000)]
  0x0000028257b6f820 JavaThread "Unconstrained build operations Thread 16" [_thread_blocked, id=16060, stack(0x000000a6b2700000,0x000000a6b2800000)]
  0x0000028257b6c070 JavaThread "Unconstrained build operations Thread 17" [_thread_blocked, id=17392, stack(0x000000a6b2800000,0x000000a6b2900000)]
  0x0000028257b72ac0 JavaThread "Unconstrained build operations Thread 18" [_thread_blocked, id=20132, stack(0x000000a6b2900000,0x000000a6b2a00000)]
  0x0000028257b70750 JavaThread "Unconstrained build operations Thread 19" [_thread_blocked, id=19896, stack(0x000000a6b2a00000,0x000000a6b2b00000)]
  0x0000028257b70240 JavaThread "Unconstrained build operations Thread 20" [_thread_blocked, id=4196, stack(0x000000a6b2b00000,0x000000a6b2c00000)]
  0x0000028257b6fd30 JavaThread "Unconstrained build operations Thread 21" [_thread_blocked, id=16036, stack(0x000000a6b2c00000,0x000000a6b2d00000)]
  0x0000028257b70c60 JavaThread "Unconstrained build operations Thread 22" [_thread_blocked, id=21524, stack(0x000000a6b2d00000,0x000000a6b2e00000)]
  0x0000028257b71b90 JavaThread "Unconstrained build operations Thread 23" [_thread_blocked, id=1456, stack(0x000000a6b2e00000,0x000000a6b2f00000)]
  0x0000028257b72fd0 JavaThread "Unconstrained build operations Thread 24" [_thread_blocked, id=7580, stack(0x000000a6b2f00000,0x000000a6b3000000)]
  0x0000028257b71170 JavaThread "Unconstrained build operations Thread 25" [_thread_blocked, id=21836, stack(0x000000a6b3000000,0x000000a6b3100000)]
  0x0000028257b734e0 JavaThread "Unconstrained build operations Thread 26" [_thread_blocked, id=21304, stack(0x000000a6b3100000,0x000000a6b3200000)]
  0x0000028257b739f0 JavaThread "Unconstrained build operations Thread 27" [_thread_blocked, id=7500, stack(0x000000a6b3200000,0x000000a6b3300000)]
  0x0000028257b71680 JavaThread "Memory manager" [_thread_blocked, id=5512, stack(0x000000a6b1d00000,0x000000a6b1e00000)]
  0x0000028257b725b0 JavaThread "jar transforms Thread 4" [_thread_blocked, id=15792, stack(0x000000a6b3300000,0x000000a6b3400000)]
  0x000002825aa95d30 JavaThread "Unconstrained build operations Thread 28" [_thread_blocked, id=9224, stack(0x000000a6b3500000,0x000000a6b3600000)]
  0x000002825aa95820 JavaThread "Unconstrained build operations Thread 29" [_thread_blocked, id=10480, stack(0x000000a6b3600000,0x000000a6b3700000)]
  0x000002825aa939c0 JavaThread "Unconstrained build operations Thread 30" [_thread_blocked, id=22216, stack(0x000000a6b3700000,0x000000a6b3800000)]
  0x000002825aa92fa0 JavaThread "Unconstrained build operations Thread 31" [_thread_blocked, id=23412, stack(0x000000a6b3800000,0x000000a6b3900000)]
  0x000002825aa934b0 JavaThread "Unconstrained build operations Thread 32" [_thread_blocked, id=23424, stack(0x000000a6b3900000,0x000000a6b3a00000)]
  0x000002825aa93ed0 JavaThread "Unconstrained build operations Thread 33" [_thread_blocked, id=9572, stack(0x000000a6b3a00000,0x000000a6b3b00000)]
  0x000002825aa92a90 JavaThread "Unconstrained build operations Thread 34" [_thread_blocked, id=11336, stack(0x000000a6b3b00000,0x000000a6b3c00000)]
  0x000002825aa96240 JavaThread "Unconstrained build operations Thread 35" [_thread_blocked, id=16448, stack(0x000000a6b3400000,0x000000a6b3500000)]
  0x000002825aa96750 JavaThread "Unconstrained build operations Thread 36" [_thread_blocked, id=8148, stack(0x000000a6b3c00000,0x000000a6b3d00000)]
  0x000002825aa96c60 JavaThread "Unconstrained build operations Thread 37" [_thread_blocked, id=14448, stack(0x000000a6b3d00000,0x000000a6b3e00000)]
  0x000002825aa97b90 JavaThread "Unconstrained build operations Thread 38" [_thread_blocked, id=15964, stack(0x000000a6b3e00000,0x000000a6b3f00000)]
  0x000002825aa97170 JavaThread "Unconstrained build operations Thread 39" [_thread_blocked, id=1596, stack(0x000000a6b3f00000,0x000000a6b4000000)]
  0x000002825aa97680 JavaThread "Unconstrained build operations Thread 40" [_thread_blocked, id=4576, stack(0x000000a6b4000000,0x000000a6b4100000)]
  0x000002825aa948f0 JavaThread "Unconstrained build operations Thread 41" [_thread_blocked, id=1724, stack(0x000000a6b4100000,0x000000a6b4200000)]
  0x000002825aa943e0 JavaThread "ForkJoinPool.commonPool-worker-1" daemon [_thread_blocked, id=15752, stack(0x000000a6b4300000,0x000000a6b4400000)]
  0x000002825aa980a0 JavaThread "ForkJoinPool.commonPool-worker-2" daemon [_thread_blocked, id=4132, stack(0x000000a6b4400000,0x000000a6b4500000)]
  0x000002825aa985b0 JavaThread "ForkJoinPool.commonPool-worker-3" daemon [_thread_blocked, id=21348, stack(0x000000a6b4500000,0x000000a6b4600000)]
  0x000002825aa98ac0 JavaThread "ForkJoinPool.commonPool-worker-4" daemon [_thread_blocked, id=11996, stack(0x000000a6b4600000,0x000000a6b4700000)]
  0x000002825aa95310 JavaThread "ForkJoinPool.commonPool-worker-5" daemon [_thread_blocked, id=7808, stack(0x000000a6b4700000,0x000000a6b4800000)]
  0x000002825aa994e0 JavaThread "ForkJoinPool.commonPool-worker-6" daemon [_thread_blocked, id=19500, stack(0x000000a6b4800000,0x000000a6b4900000)]
  0x000002825aa999f0 JavaThread "ForkJoinPool.commonPool-worker-7" daemon [_thread_blocked, id=13880, stack(0x000000a6b4900000,0x000000a6b4a00000)]
  0x000002825aa98fd0 JavaThread "Exec process" daemon [_thread_blocked, id=22008, stack(0x000000a6b4a00000,0x000000a6b4b00000)]
  0x000002825aa99f00 JavaThread "Exec process Thread 2" daemon [_thread_blocked, id=5024, stack(0x000000a6b4b00000,0x000000a6b4c00000)]
  0x000002825aa9a410 JavaThread "Exec process Thread 3" daemon [_thread_blocked, id=11584, stack(0x000000a6b4c00000,0x000000a6b4d00000)]
  0x00000282597fd0a0 JavaThread "included builds" [_thread_blocked, id=17604, stack(0x000000a6b1300000,0x000000a6b1400000)]
  0x00000282597fef00 JavaThread "Execution worker" [_thread_blocked, id=21432, stack(0x000000a6b4200000,0x000000a6b4300000)]
  0x00000282597fcb90 JavaThread "Execution worker Thread 2" [_thread_blocked, id=23124, stack(0x000000a6b4d00000,0x000000a6b4e00000)]
  0x00000282597fdac0 JavaThread "Execution worker Thread 3" [_thread_blocked, id=9092, stack(0x000000a6b4e00000,0x000000a6b4f00000)]
  0x00000282597fe9f0 JavaThread "Execution worker Thread 4" [_thread_blocked, id=6900, stack(0x000000a6b4f00000,0x000000a6b5000000)]
  0x00000282597fd5b0 JavaThread "Execution worker Thread 5" [_thread_blocked, id=18904, stack(0x000000a6b5000000,0x000000a6b5100000)]
  0x00000282597fdfd0 JavaThread "Execution worker Thread 6" [_thread_blocked, id=23288, stack(0x000000a6b5100000,0x000000a6b5200000)]
  0x00000282597fe4e0 JavaThread "Execution worker Thread 7" [_thread_blocked, id=10944, stack(0x000000a6b5200000,0x000000a6b5300000)]
  0x0000028259800340 JavaThread "Cache worker for execution history cache (C:\Users\chill\Downloads\ZooTycoonSimulation\.gradle\8.8\executionHistory)" [_thread_blocked, id=12468, stack(0x000000a6b5300000,0x000000a6b5400000)]
  0x00000282597ff410 JavaThread "Unconstrained build operations Thread 42" [_thread_blocked, id=12392, stack(0x000000a6ade00000,0x000000a6adf00000)]
  0x00000282597ffe30 JavaThread "Unconstrained build operations Thread 43" [_thread_blocked, id=2784, stack(0x000000a6b5400000,0x000000a6b5500000)]
  0x00000282597ff920 JavaThread "Unconstrained build operations Thread 44" [_thread_blocked, id=17856, stack(0x000000a6b5500000,0x000000a6b5600000)]
  0x000002825a51cc60 JavaThread "Unconstrained build operations Thread 45" [_thread_blocked, id=3128, stack(0x000000a6b5600000,0x000000a6b5700000)]
  0x000002825a51bd30 JavaThread "Cache worker for Java compile cache (C:\Users\chill\.gradle\caches\8.8\javaCompile)" [_thread_blocked, id=23544, stack(0x000000a6b5700000,0x000000a6b5800000)]
  0x000002825a51b820 JavaThread "Build operations" [_thread_blocked, id=3660, stack(0x000000a6b5a00000,0x000000a6b5b00000)]
  0x000002825a51d170 JavaThread "Build operations Thread 2" [_thread_blocked, id=10588, stack(0x000000a6b5b00000,0x000000a6b5c00000)]
  0x000002825a51c240 JavaThread "Build operations Thread 3" [_thread_blocked, id=21908, stack(0x000000a6b5c00000,0x000000a6b5d00000)]
  0x000002825a51d680 JavaThread "Build operations Thread 4" [_thread_blocked, id=18824, stack(0x000000a6b5d00000,0x000000a6b5e00000)]
  0x000002825a51db90 JavaThread "Build operations Thread 5" [_thread_blocked, id=6916, stack(0x000000a6b5e00000,0x000000a6b5f00000)]
  0x000002825a51e0a0 JavaThread "Build operations Thread 6" [_thread_blocked, id=23184, stack(0x000000a6b5f00000,0x000000a6b6000000)]
  0x000002825a51ae00 JavaThread "Build operations Thread 7" [_thread_blocked, id=5260, stack(0x000000a6b6000000,0x000000a6b6100000)]
  0x0000028256f7eef0 JavaThread "C2 CompilerThread1" daemon [_thread_blocked, id=21748, stack(0x000000a6b6300000,0x000000a6b6400000)]
  0x0000028256f7f440 JavaThread "C2 CompilerThread2" daemon [_thread_blocked, id=21552, stack(0x000000a6b6400000,0x000000a6b6500000)]

Other Threads:
=>0x000002827fca11e0 VMThread "VM Thread" [stack: 0x000000a6ae600000,0x000000a6ae700000] [id=13616]
  0x00000282561cc850 WatcherThread [stack: 0x000000a6af200000,0x000000a6af300000] [id=18768]
  0x000002826fabb2a0 GCTaskThread "GC Thread#0" [stack: 0x000000a6ae100000,0x000000a6ae200000] [id=10948]
  0x0000028256a92c40 GCTaskThread "GC Thread#1" [stack: 0x000000a6af500000,0x000000a6af600000] [id=3064]
  0x0000028256a92f00 GCTaskThread "GC Thread#2" [stack: 0x000000a6af600000,0x000000a6af700000] [id=17780]
  0x0000028256a931c0 GCTaskThread "GC Thread#3" [stack: 0x000000a6af700000,0x000000a6af800000] [id=12752]
  0x0000028256e9c160 GCTaskThread "GC Thread#4" [stack: 0x000000a6af800000,0x000000a6af900000] [id=10264]
  0x00000282563c4de0 GCTaskThread "GC Thread#5" [stack: 0x000000a6af900000,0x000000a6afa00000] [id=22868]
  0x00000282570f5390 GCTaskThread "GC Thread#6" [stack: 0x000000a6b0600000,0x000000a6b0700000] [id=20328]
  0x0000028257e14d10 GCTaskThread "GC Thread#7" [stack: 0x000000a6b0700000,0x000000a6b0800000] [id=22852]
  0x000002826fac9de0 ConcurrentGCThread "G1 Main Marker" [stack: 0x000000a6ae200000,0x000000a6ae300000] [id=22032]
  0x000002826facbb80 ConcurrentGCThread "G1 Conc#0" [stack: 0x000000a6ae300000,0x000000a6ae400000] [id=20448]
  0x0000028259395100 ConcurrentGCThread "G1 Conc#1" [stack: 0x000000a6b0b00000,0x000000a6b0c00000] [id=4092]
  0x000002826fb0d810 ConcurrentGCThread "G1 Refine#0" [stack: 0x000000a6ae400000,0x000000a6ae500000] [id=9720]
  0x0000028257f39ad0 ConcurrentGCThread "G1 Refine#1" [stack: 0x000000a6b1000000,0x000000a6b1100000] [id=3728]
  0x0000028257f3a3a0 ConcurrentGCThread "G1 Refine#2" [stack: 0x000000a6b1100000,0x000000a6b1200000] [id=18628]
  0x0000028257f39dc0 ConcurrentGCThread "G1 Refine#3" [stack: 0x000000a6b1200000,0x000000a6b1300000] [id=7912]
  0x0000028259ebb390 ConcurrentGCThread "G1 Refine#4" [stack: 0x000000a6b5800000,0x000000a6b5900000] [id=6376]
  0x0000028259ebb680 ConcurrentGCThread "G1 Refine#5" [stack: 0x000000a6b5900000,0x000000a6b5a00000] [id=8844]
  0x000002825bdbb3f0 ConcurrentGCThread "G1 Refine#6" [stack: 0x000000a6b6500000,0x000000a6b6600000] [id=14888]
  0x000002825cd32900 ConcurrentGCThread "G1 Refine#7" [stack: 0x000000a6b6600000,0x000000a6b6700000] [id=544]
  0x000002826fb0e3f0 ConcurrentGCThread "G1 Service" [stack: 0x000000a6ae500000,0x000000a6ae600000] [id=4764]

Threads with active compile tasks:
C2 CompilerThread0    52063 12354       4       net.minecraftforge.srgutils.MappingFile::write (39 bytes)
C2 CompilerThread1    52063 12353       4       java.util.Arrays::sort (47 bytes)
C2 CompilerThread2    52063 12355       4       net.minecraftforge.srgutils.InternalUtils::writeMeta (254 bytes)

VM state: at safepoint (normal execution)

VM Mutex/Monitor currently owned by a thread:  ([mutex/lock_event])
[0x000002826fa599b0] Threads_lock - owner thread: 0x000002827fca11e0
[0x000002826fa59f50] Heap_lock - owner thread: 0x00000282597fef00

Heap address: 0x0000000740000000, size: 3072 MB, Compressed Oops mode: Zero based, Oop shift amount: 3

CDS archive(s) mapped at: [0x0000028211000000-0x0000028211bb0000-0x0000028211bb0000), size 12255232, SharedBaseAddress: 0x0000028211000000, ArchiveRelocationMode: 1.
Compressed class space mapped at: 0x0000028212000000-0x0000028252000000, reserved size: 1073741824
Narrow klass base: 0x0000028211000000, Narrow klass shift: 0, Narrow klass range: 0x100000000

GC Precious Log:
 CPUs: 8 total, 8 available
 Memory: 16131M
 Large Page Support: Disabled
 NUMA Support: Disabled
 Compressed Oops: Enabled (Zero based)
 Heap Region Size: 2M
 Heap Min Capacity: 8M
 Heap Initial Capacity: 254M
 Heap Max Capacity: 3G
 Pre-touch: Disabled
 Parallel Workers: 8
 Concurrent Workers: 2
 Concurrent Refinement Workers: 8
 Periodic GC: Disabled

Heap:
 garbage-first heap   total 352256K, used 247552K [0x0000000740000000, 0x0000000800000000)
  region size 2048K, 3 young (6144K), 3 survivors (6144K)
 Metaspace       used 73406K, committed 74112K, reserved 1114112K
  class space    used 10126K, committed 10432K, reserved 1048576K

Heap Regions: E=young(eden), S=young(survivor), O=old, HS=humongous(starts), HC=humongous(continues), CS=collection set, F=free, OA=open archive, CA=closed archive, TAMS=top-at-mark-start (previous, next)
|   0|0x0000000740000000, 0x0000000740200000, 0x0000000740200000|100%|HS|  |TAMS 0x0000000740200000, 0x0000000740200000| Complete 
|   1|0x0000000740200000, 0x0000000740400000, 0x0000000740400000|100%|HC|  |TAMS 0x0000000740400000, 0x0000000740400000| Complete 
|   2|0x0000000740400000, 0x0000000740600000, 0x0000000740600000|100%| O|  |TAMS 0x0000000740600000, 0x0000000740600000| Untracked 
|   3|0x0000000740600000, 0x0000000740800000, 0x0000000740800000|100%| O|  |TAMS 0x0000000740800000, 0x0000000740800000| Untracked 
|   4|0x0000000740800000, 0x0000000740a00000, 0x0000000740a00000|100%| O|  |TAMS 0x0000000740a00000, 0x0000000740a00000| Untracked 
|   5|0x0000000740a00000, 0x0000000740c00000, 0x0000000740c00000|100%| O|  |TAMS 0x0000000740c00000, 0x0000000740c00000| Untracked 
|   6|0x0000000740c00000, 0x0000000740e00000, 0x0000000740e00000|100%|HS|  |TAMS 0x0000000740e00000, 0x0000000740e00000| Complete 
|   7|0x0000000740e00000, 0x0000000741000000, 0x0000000741000000|100%| O|  |TAMS 0x0000000741000000, 0x0000000741000000| Untracked 
|   8|0x0000000741000000, 0x0000000741200000, 0x0000000741200000|100%| O|  |TAMS 0x0000000741200000, 0x0000000741200000| Untracked 
|   9|0x0000000741200000, 0x0000000741400000, 0x0000000741400000|100%| O|  |TAMS 0x0000000741400000, 0x0000000741400000| Untracked 
|  10|0x0000000741400000, 0x0000000741600000, 0x0000000741600000|100%| O|  |TAMS 0x0000000741600000, 0x0000000741600000| Untracked 
|  11|0x0000000741600000, 0x0000000741800000, 0x0000000741800000|100%| O|  |TAMS 0x0000000741800000, 0x0000000741800000| Untracked 
|  12|0x0000000741800000, 0x0000000741a00000, 0x0000000741a00000|100%| O|  |TAMS 0x0000000741a00000, 0x0000000741a00000| Untracked 
|  13|0x0000000741a00000, 0x0000000741c00000, 0x0000000741c00000|100%| O|  |TAMS 0x0000000741c00000, 0x0000000741c00000| Untracked 
|  14|0x0000000741c00000, 0x0000000741e00000, 0x0000000741e00000|100%| O|  |TAMS 0x0000000741e00000, 0x0000000741e00000| Untracked 
|  15|0x0000000741e00000, 0x0000000742000000, 0x0000000742000000|100%| O|  |TAMS 0x0000000742000000, 0x0000000742000000| Untracked 
|  16|0x0000000742000000, 0x0000000742200000, 0x0000000742200000|100%| O|  |TAMS 0x0000000742200000, 0x0000000742200000| Untracked 
|  17|0x0000000742200000, 0x0000000742400000, 0x0000000742400000|100%| O|  |TAMS 0x0000000742400000, 0x0000000742400000| Untracked 
|  18|0x0000000742400000, 0x0000000742600000, 0x0000000742600000|100%| O|  |TAMS 0x0000000742600000, 0x0000000742600000| Untracked 
|  19|0x0000000742600000, 0x0000000742800000, 0x0000000742800000|100%| O|  |TAMS 0x0000000742800000, 0x0000000742800000| Untracked 
|  20|0x0000000742800000, 0x0000000742a00000, 0x0000000742a00000|100%| O|  |TAMS 0x0000000742a00000, 0x0000000742a00000| Untracked 
|  21|0x0000000742a00000, 0x0000000742c00000, 0x0000000742c00000|100%| O|  |TAMS 0x0000000742c00000, 0x0000000742c00000| Untracked 
|  22|0x0000000742c00000, 0x0000000742e00000, 0x0000000742e00000|100%| O|  |TAMS 0x0000000742e00000, 0x0000000742e00000| Untracked 
|  23|0x0000000742e00000, 0x0000000743000000, 0x0000000743000000|100%| O|  |TAMS 0x0000000743000000, 0x0000000743000000| Untracked 
|  24|0x0000000743000000, 0x0000000743200000, 0x0000000743200000|100%| O|  |TAMS 0x0000000743200000, 0x0000000743200000| Untracked 
|  25|0x0000000743200000, 0x0000000743400000, 0x0000000743400000|100%| O|  |TAMS 0x0000000743400000, 0x0000000743400000| Untracked 
|  26|0x0000000743400000, 0x0000000743600000, 0x0000000743600000|100%|HS|  |TAMS 0x0000000743600000, 0x0000000743600000| Complete 
|  27|0x0000000743600000, 0x0000000743800000, 0x0000000743800000|100%|HS|  |TAMS 0x0000000743800000, 0x0000000743800000| Complete 
|  28|0x0000000743800000, 0x0000000743a00000, 0x0000000743a00000|100%| O|  |TAMS 0x0000000743a00000, 0x0000000743a00000| Untracked 
|  29|0x0000000743a00000, 0x0000000743c00000, 0x0000000743c00000|100%| O|  |TAMS 0x0000000743c00000, 0x0000000743c00000| Untracked 
|  30|0x0000000743c00000, 0x0000000743e00000, 0x0000000743e00000|100%| O|  |TAMS 0x0000000743e00000, 0x0000000743e00000| Untracked 
|  31|0x0000000743e00000, 0x0000000744000000, 0x0000000744000000|100%| O|  |TAMS 0x0000000744000000, 0x0000000744000000| Untracked 
|  32|0x0000000744000000, 0x0000000744200000, 0x0000000744200000|100%| O|  |TAMS 0x0000000744200000, 0x0000000744200000| Untracked 
|  33|0x0000000744200000, 0x0000000744400000, 0x0000000744400000|100%| O|  |TAMS 0x0000000744400000, 0x0000000744400000| Untracked 
|  34|0x0000000744400000, 0x0000000744600000, 0x0000000744600000|100%| O|  |TAMS 0x0000000744600000, 0x0000000744600000| Untracked 
|  35|0x0000000744600000, 0x0000000744800000, 0x0000000744800000|100%| O|  |TAMS 0x0000000744800000, 0x0000000744800000| Untracked 
|  36|0x0000000744800000, 0x0000000744a00000, 0x0000000744a00000|100%| O|  |TAMS 0x0000000744a00000, 0x0000000744a00000| Untracked 
|  37|0x0000000744a00000, 0x0000000744c00000, 0x0000000744c00000|100%| O|  |TAMS 0x0000000744c00000, 0x0000000744c00000| Untracked 
|  38|0x0000000744c00000, 0x0000000744e00000, 0x0000000744e00000|100%| O|  |TAMS 0x0000000744e00000, 0x0000000744e00000| Untracked 
|  39|0x0000000744e00000, 0x0000000745000000, 0x0000000745000000|100%| O|  |TAMS 0x0000000744e00000, 0x0000000744e00000| Untracked 
|  40|0x0000000745000000, 0x0000000745200000, 0x0000000745200000|100%| O|  |TAMS 0x0000000745200000, 0x0000000745200000| Untracked 
|  41|0x0000000745200000, 0x0000000745400000, 0x0000000745400000|100%| O|  |TAMS 0x0000000745400000, 0x0000000745400000| Untracked 
|  42|0x0000000745400000, 0x0000000745600000, 0x0000000745600000|100%| O|  |TAMS 0x0000000745600000, 0x0000000745600000| Untracked 
|  43|0x0000000745600000, 0x0000000745800000, 0x0000000745800000|100%| O|  |TAMS 0x0000000745800000, 0x0000000745800000| Untracked 
|  44|0x0000000745800000, 0x0000000745a00000, 0x0000000745a00000|100%| O|  |TAMS 0x0000000745a00000, 0x0000000745a00000| Untracked 
|  45|0x0000000745a00000, 0x0000000745c00000, 0x0000000745c00000|100%| O|  |TAMS 0x0000000745c00000, 0x0000000745c00000| Untracked 
|  46|0x0000000745c00000, 0x0000000745e00000, 0x0000000745e00000|100%| O|  |TAMS 0x0000000745e00000, 0x0000000745e00000| Untracked 
|  47|0x0000000745e00000, 0x0000000746000000, 0x0000000746000000|100%| O|  |TAMS 0x0000000746000000, 0x0000000746000000| Untracked 
|  48|0x0000000746000000, 0x0000000746200000, 0x0000000746200000|100%| O|  |TAMS 0x0000000746000000, 0x0000000746200000| Untracked 
|  49|0x0000000746200000, 0x0000000746400000, 0x0000000746400000|100%| O|  |TAMS 0x0000000746200000, 0x0000000746400000| Untracked 
|  50|0x0000000746400000, 0x0000000746600000, 0x0000000746600000|100%| O|  |TAMS 0x0000000746400000, 0x0000000746600000| Untracked 
|  51|0x0000000746600000, 0x0000000746800000, 0x0000000746800000|100%| O|  |TAMS 0x0000000746600000, 0x0000000746800000| Untracked 
|  52|0x0000000746800000, 0x0000000746a00000, 0x0000000746a00000|100%| O|  |TAMS 0x0000000746800000, 0x0000000746a00000| Untracked 
|  53|0x0000000746a00000, 0x0000000746c00000, 0x0000000746c00000|100%| O|  |TAMS 0x0000000746a00000, 0x0000000746c00000| Untracked 
|  54|0x0000000746c00000, 0x0000000746e00000, 0x0000000746e00000|100%| O|  |TAMS 0x0000000746c00000, 0x0000000746e00000| Untracked 
|  55|0x0000000746e00000, 0x0000000747000000, 0x0000000747000000|100%| O|  |TAMS 0x0000000746e00000, 0x0000000747000000| Untracked 
|  56|0x0000000747000000, 0x0000000747200000, 0x0000000747200000|100%| O|  |TAMS 0x0000000747000000, 0x0000000747200000| Untracked 
|  57|0x0000000747200000, 0x0000000747400000, 0x0000000747400000|100%| O|  |TAMS 0x0000000747200000, 0x0000000747400000| Untracked 
|  58|0x0000000747400000, 0x0000000747600000, 0x0000000747600000|100%| O|  |TAMS 0x0000000747400000, 0x0000000747600000| Untracked 
|  59|0x0000000747600000, 0x0000000747800000, 0x0000000747800000|100%| O|  |TAMS 0x0000000747600000, 0x0000000747800000| Untracked 
|  60|0x0000000747800000, 0x0000000747a00000, 0x0000000747a00000|100%| O|  |TAMS 0x0000000747a00000, 0x0000000747a00000| Untracked 
|  61|0x0000000747a00000, 0x0000000747c00000, 0x0000000747c00000|100%| O|  |TAMS 0x0000000747c00000, 0x0000000747c00000| Untracked 
|  62|0x0000000747c00000, 0x0000000747e00000, 0x0000000747e00000|100%| O|  |TAMS 0x0000000747e00000, 0x0000000747e00000| Untracked 
|  63|0x0000000747e00000, 0x0000000748000000, 0x0000000748000000|100%| O|  |TAMS 0x0000000748000000, 0x0000000748000000| Untracked 
|  64|0x0000000748000000, 0x0000000748200000, 0x0000000748200000|100%| O|  |TAMS 0x0000000748200000, 0x0000000748200000| Untracked 
|  65|0x0000000748200000, 0x0000000748400000, 0x0000000748400000|100%| O|  |TAMS 0x0000000748400000, 0x0000000748400000| Untracked 
|  66|0x0000000748400000, 0x0000000748600000, 0x0000000748600000|100%| O|  |TAMS 0x0000000748600000, 0x0000000748600000| Untracked 
|  67|0x0000000748600000, 0x0000000748800000, 0x0000000748800000|100%| O|  |TAMS 0x0000000748800000, 0x0000000748800000| Untracked 
|  68|0x0000000748800000, 0x0000000748a00000, 0x0000000748a00000|100%| O|  |TAMS 0x0000000748a00000, 0x0000000748a00000| Untracked 
|  69|0x0000000748a00000, 0x0000000748c00000, 0x0000000748c00000|100%| O|  |TAMS 0x0000000748c00000, 0x0000000748c00000| Untracked 
|  70|0x0000000748c00000, 0x0000000748e00000, 0x0000000748e00000|100%| O|  |TAMS 0x0000000748e00000, 0x0000000748e00000| Untracked 
|  71|0x0000000748e00000, 0x0000000749000000, 0x0000000749000000|100%| O|  |TAMS 0x0000000749000000, 0x0000000749000000| Untracked 
|  72|0x0000000749000000, 0x0000000749200000, 0x0000000749200000|100%| O|  |TAMS 0x0000000749200000, 0x0000000749200000| Untracked 
|  73|0x0000000749200000, 0x0000000749400000, 0x0000000749400000|100%| O|  |TAMS 0x0000000749200000, 0x0000000749400000| Untracked 
|  74|0x0000000749400000, 0x0000000749600000, 0x0000000749600000|100%| O|  |TAMS 0x0000000749400000, 0x0000000749600000| Untracked 
|  75|0x0000000749600000, 0x0000000749800000, 0x0000000749800000|100%| O|  |TAMS 0x0000000749600000, 0x0000000749800000| Untracked 
|  76|0x0000000749800000, 0x0000000749a00000, 0x0000000749a00000|100%| O|  |TAMS 0x0000000749800000, 0x0000000749a00000| Untracked 
|  77|0x0000000749a00000, 0x0000000749c00000, 0x0000000749c00000|100%| O|  |TAMS 0x0000000749a00000, 0x0000000749c00000| Untracked 
|  78|0x0000000749c00000, 0x0000000749e00000, 0x0000000749e00000|100%| O|  |TAMS 0x0000000749c00000, 0x0000000749e00000| Untracked 
|  79|0x0000000749e00000, 0x000000074a000000, 0x000000074a000000|100%| O|  |TAMS 0x0000000749e00000, 0x000000074a000000| Untracked 
|  80|0x000000074a000000, 0x000000074a200000, 0x000000074a200000|100%| O|  |TAMS 0x000000074a000000, 0x000000074a200000| Untracked 
|  81|0x000000074a200000, 0x000000074a400000, 0x000000074a400000|100%| O|  |TAMS 0x000000074a200000, 0x000000074a400000| Untracked 
|  82|0x000000074a400000, 0x000000074a600000, 0x000000074a600000|100%| O|  |TAMS 0x000000074a400000, 0x000000074a600000| Untracked 
|  83|0x000000074a600000, 0x000000074a800000, 0x000000074a800000|100%| O|  |TAMS 0x000000074a600000, 0x000000074a800000| Untracked 
|  84|0x000000074a800000, 0x000000074aa00000, 0x000000074aa00000|100%| O|  |TAMS 0x000000074a800000, 0x000000074aa00000| Untracked 
|  85|0x000000074aa00000, 0x000000074ac00000, 0x000000074ac00000|100%| O|  |TAMS 0x000000074aa00000, 0x000000074ac00000| Untracked 
|  86|0x000000074ac00000, 0x000000074ae00000, 0x000000074ae00000|100%| O|  |TAMS 0x000000074ac00000, 0x000000074ae00000| Untracked 
|  87|0x000000074ae00000, 0x000000074b000000, 0x000000074b000000|100%| O|  |TAMS 0x000000074ae00000, 0x000000074b000000| Untracked 
|  88|0x000000074b000000, 0x000000074b200000, 0x000000074b200000|100%| O|  |TAMS 0x000000074b000000, 0x000000074b200000| Untracked 
|  89|0x000000074b200000, 0x000000074b400000, 0x000000074b400000|100%| O|  |TAMS 0x000000074b200000, 0x000000074b400000| Untracked 
|  90|0x000000074b400000, 0x000000074b600000, 0x000000074b600000|100%| O|  |TAMS 0x000000074b400000, 0x000000074b600000| Untracked 
|  91|0x000000074b600000, 0x000000074b800000, 0x000000074b800000|100%| O|  |TAMS 0x000000074b600000, 0x000000074b800000| Untracked 
|  92|0x000000074b800000, 0x000000074ba00000, 0x000000074ba00000|100%| O|  |TAMS 0x000000074b800000, 0x000000074ba00000| Untracked 
|  93|0x000000074ba00000, 0x000000074bc00000, 0x000000074bc00000|100%| O|  |TAMS 0x000000074ba00000, 0x000000074bc00000| Untracked 
|  94|0x000000074bc00000, 0x000000074be00000, 0x000000074be00000|100%| O|  |TAMS 0x000000074bc00000, 0x000000074be00000| Untracked 
|  95|0x000000074be00000, 0x000000074c000000, 0x000000074c000000|100%| O|  |TAMS 0x000000074be00000, 0x000000074c000000| Untracked 
|  96|0x000000074c000000, 0x000000074c200000, 0x000000074c200000|100%| O|  |TAMS 0x000000074c000000, 0x000000074c200000| Untracked 
|  97|0x000000074c200000, 0x000000074c400000, 0x000000074c400000|100%| O|  |TAMS 0x000000074c200000, 0x000000074c400000| Untracked 
|  98|0x000000074c400000, 0x000000074c600000, 0x000000074c600000|100%| O|  |TAMS 0x000000074c400000, 0x000000074c600000| Untracked 
|  99|0x000000074c600000, 0x000000074c800000, 0x000000074c800000|100%| O|  |TAMS 0x000000074c600000, 0x000000074c800000| Untracked 
| 100|0x000000074c800000, 0x000000074ca00000, 0x000000074ca00000|100%| O|  |TAMS 0x000000074c800000, 0x000000074ca00000| Untracked 
| 101|0x000000074ca00000, 0x000000074cc00000, 0x000000074cc00000|100%| O|  |TAMS 0x000000074ca00000, 0x000000074cc00000| Untracked 
| 102|0x000000074cc00000, 0x000000074ce00000, 0x000000074ce00000|100%| O|  |TAMS 0x000000074cc00000, 0x000000074ce00000| Untracked 
| 103|0x000000074ce00000, 0x000000074d000000, 0x000000074d000000|100%| O|  |TAMS 0x000000074ce00000, 0x000000074d000000| Untracked 
| 104|0x000000074d000000, 0x000000074d200000, 0x000000074d200000|100%| O|  |TAMS 0x000000074d000000, 0x000000074d200000| Untracked 
| 105|0x000000074d200000, 0x000000074d400000, 0x000000074d400000|100%| O|  |TAMS 0x000000074d200000, 0x000000074d400000| Untracked 
| 106|0x000000074d400000, 0x000000074d600000, 0x000000074d600000|100%| O|  |TAMS 0x000000074d400000, 0x000000074d600000| Untracked 
| 107|0x000000074d600000, 0x000000074d800000, 0x000000074d800000|100%| O|  |TAMS 0x000000074d600000, 0x000000074d800000| Untracked 
| 108|0x000000074d800000, 0x000000074da00000, 0x000000074da00000|100%| O|  |TAMS 0x000000074d800000, 0x000000074da00000| Untracked 
| 109|0x000000074da00000, 0x000000074dc00000, 0x000000074dc00000|100%| O|  |TAMS 0x000000074da00000, 0x000000074dc00000| Untracked 
| 110|0x000000074dc00000, 0x000000074de00000, 0x000000074de00000|100%| O|  |TAMS 0x000000074dc00000, 0x000000074dc6fc00| Untracked 
| 111|0x000000074de00000, 0x000000074e000000, 0x000000074e000000|100%| O|  |TAMS 0x000000074de00000, 0x000000074de00000| Untracked 
| 112|0x000000074e000000, 0x000000074e200000, 0x000000074e200000|100%| O|  |TAMS 0x000000074e000000, 0x000000074e000000| Untracked 
| 113|0x000000074e200000, 0x000000074e400000, 0x000000074e400000|100%| O|  |TAMS 0x000000074e200000, 0x000000074e200000| Untracked 
| 114|0x000000074e400000, 0x000000074e600000, 0x000000074e600000|100%| O|  |TAMS 0x000000074e400000, 0x000000074e400000| Untracked 
| 115|0x000000074e600000, 0x000000074e7c0000, 0x000000074e800000| 87%| O|  |TAMS 0x000000074e600000, 0x000000074e600000| Untracked 
| 116|0x000000074e800000, 0x000000074e800000, 0x000000074ea00000|  0%| F|  |TAMS 0x000000074e800000, 0x000000074e800000| Untracked 
| 117|0x000000074ea00000, 0x000000074ea00000, 0x000000074ec00000|  0%| F|  |TAMS 0x000000074ea00000, 0x000000074ea00000| Untracked 
| 118|0x000000074ec00000, 0x000000074ec00000, 0x000000074ee00000|  0%| F|  |TAMS 0x000000074ec00000, 0x000000074ec00000| Untracked 
| 119|0x000000074ee00000, 0x000000074ee00000, 0x000000074f000000|  0%| F|  |TAMS 0x000000074ee00000, 0x000000074ee00000| Untracked 
| 120|0x000000074f000000, 0x000000074f000000, 0x000000074f200000|  0%| F|  |TAMS 0x000000074f000000, 0x000000074f000000| Untracked 
| 121|0x000000074f200000, 0x000000074f200000, 0x000000074f400000|  0%| F|  |TAMS 0x000000074f200000, 0x000000074f200000| Untracked 
| 122|0x000000074f400000, 0x000000074f400000, 0x000000074f600000|  0%| F|  |TAMS 0x000000074f400000, 0x000000074f400000| Untracked 
| 123|0x000000074f600000, 0x000000074f600000, 0x000000074f800000|  0%| F|  |TAMS 0x000000074f600000, 0x000000074f600000| Untracked 
| 124|0x000000074f800000, 0x000000074f800000, 0x000000074fa00000|  0%| F|  |TAMS 0x000000074f800000, 0x000000074f800000| Untracked 
| 125|0x000000074fa00000, 0x000000074fa00000, 0x000000074fc00000|  0%| F|  |TAMS 0x000000074fa00000, 0x000000074fa00000| Untracked 
| 126|0x000000074fc00000, 0x000000074fc00000, 0x000000074fe00000|  0%| F|  |TAMS 0x000000074fc00000, 0x000000074fc00000| Untracked 
| 127|0x000000074fe00000, 0x000000074fe00000, 0x0000000750000000|  0%| F|  |TAMS 0x000000074fe00000, 0x000000074fe00000| Untracked 
| 128|0x0000000750000000, 0x0000000750000000, 0x0000000750200000|  0%| F|  |TAMS 0x0000000750000000, 0x0000000750000000| Untracked 
| 129|0x0000000750200000, 0x0000000750200000, 0x0000000750400000|  0%| F|  |TAMS 0x0000000750200000, 0x0000000750200000| Untracked 
| 130|0x0000000750400000, 0x0000000750400000, 0x0000000750600000|  0%| F|  |TAMS 0x0000000750400000, 0x0000000750400000| Untracked 
| 131|0x0000000750600000, 0x0000000750600000, 0x0000000750800000|  0%| F|  |TAMS 0x0000000750600000, 0x0000000750600000| Untracked 
| 132|0x0000000750800000, 0x0000000750800000, 0x0000000750a00000|  0%| F|  |TAMS 0x0000000750800000, 0x0000000750800000| Untracked 
| 133|0x0000000750a00000, 0x0000000750a00000, 0x0000000750c00000|  0%| F|  |TAMS 0x0000000750a00000, 0x0000000750a00000| Untracked 
| 134|0x0000000750c00000, 0x0000000750c00000, 0x0000000750e00000|  0%| F|  |TAMS 0x0000000750c00000, 0x0000000750c00000| Untracked 
| 135|0x0000000750e00000, 0x0000000750e00000, 0x0000000751000000|  0%| F|  |TAMS 0x0000000750e00000, 0x0000000750e00000| Untracked 
| 136|0x0000000751000000, 0x0000000751000000, 0x0000000751200000|  0%| F|  |TAMS 0x0000000751000000, 0x0000000751000000| Untracked 
| 137|0x0000000751200000, 0x0000000751200000, 0x0000000751400000|  0%| F|  |TAMS 0x0000000751200000, 0x0000000751200000| Untracked 
| 138|0x0000000751400000, 0x0000000751400000, 0x0000000751600000|  0%| F|  |TAMS 0x0000000751400000, 0x0000000751400000| Untracked 
| 139|0x0000000751600000, 0x0000000751600000, 0x0000000751800000|  0%| F|  |TAMS 0x0000000751600000, 0x0000000751600000| Untracked 
| 140|0x0000000751800000, 0x0000000751800000, 0x0000000751a00000|  0%| F|  |TAMS 0x0000000751800000, 0x0000000751800000| Untracked 
| 141|0x0000000751a00000, 0x0000000751a00000, 0x0000000751c00000|  0%| F|  |TAMS 0x0000000751a00000, 0x0000000751a00000| Untracked 
| 142|0x0000000751c00000, 0x0000000751c00000, 0x0000000751e00000|  0%| F|  |TAMS 0x0000000751c00000, 0x0000000751c00000| Untracked 
| 143|0x0000000751e00000, 0x0000000751e00000, 0x0000000752000000|  0%| F|  |TAMS 0x0000000751e00000, 0x0000000751e00000| Untracked 
| 144|0x0000000752000000, 0x0000000752000000, 0x0000000752200000|  0%| F|  |TAMS 0x0000000752000000, 0x0000000752000000| Untracked 
| 145|0x0000000752200000, 0x0000000752200000, 0x0000000752400000|  0%| F|  |TAMS 0x0000000752200000, 0x0000000752200000| Untracked 
| 146|0x0000000752400000, 0x0000000752400000, 0x0000000752600000|  0%| F|  |TAMS 0x0000000752400000, 0x0000000752400000| Untracked 
| 147|0x0000000752600000, 0x0000000752600000, 0x0000000752800000|  0%| F|  |TAMS 0x0000000752600000, 0x0000000752600000| Untracked 
| 148|0x0000000752800000, 0x0000000752800000, 0x0000000752a00000|  0%| F|  |TAMS 0x0000000752800000, 0x0000000752800000| Untracked 
| 149|0x0000000752a00000, 0x0000000752a00000, 0x0000000752c00000|  0%| F|  |TAMS 0x0000000752a00000, 0x0000000752a00000| Untracked 
| 150|0x0000000752c00000, 0x0000000752e00000, 0x0000000752e00000|100%| S|CS|TAMS 0x0000000752c00000, 0x0000000752c00000| Complete 
| 151|0x0000000752e00000, 0x0000000753000000, 0x0000000753000000|100%| S|CS|TAMS 0x0000000752e00000, 0x0000000752e00000| Complete 
| 152|0x0000000753000000, 0x0000000753200000, 0x0000000753200000|100%| S|CS|TAMS 0x0000000753000000, 0x0000000753000000| Complete 
| 153|0x0000000753200000, 0x0000000753200000, 0x0000000753400000|  0%| F|  |TAMS 0x0000000753200000, 0x0000000753200000| Untracked 
| 154|0x0000000753400000, 0x0000000753400000, 0x0000000753600000|  0%| F|  |TAMS 0x0000000753400000, 0x0000000753400000| Untracked 
| 155|0x0000000753600000, 0x0000000753600000, 0x0000000753800000|  0%| F|  |TAMS 0x0000000753600000, 0x0000000753600000| Untracked 
| 156|0x0000000753800000, 0x0000000753800000, 0x0000000753a00000|  0%| F|  |TAMS 0x0000000753800000, 0x0000000753800000| Untracked 
| 157|0x0000000753a00000, 0x0000000753a00000, 0x0000000753c00000|  0%| F|  |TAMS 0x0000000753a00000, 0x0000000753a00000| Untracked 
| 158|0x0000000753c00000, 0x0000000753c00000, 0x0000000753e00000|  0%| F|  |TAMS 0x0000000753c00000, 0x0000000753c00000| Untracked 
| 159|0x0000000753e00000, 0x0000000753e00000, 0x0000000754000000|  0%| F|  |TAMS 0x0000000753e00000, 0x0000000753e00000| Untracked 
| 160|0x0000000754000000, 0x0000000754000000, 0x0000000754200000|  0%| F|  |TAMS 0x0000000754000000, 0x0000000754000000| Untracked 
| 161|0x0000000754200000, 0x0000000754200000, 0x0000000754400000|  0%| F|  |TAMS 0x0000000754200000, 0x0000000754200000| Untracked 
| 162|0x0000000754400000, 0x0000000754400000, 0x0000000754600000|  0%| F|  |TAMS 0x0000000754400000, 0x0000000754400000| Untracked 
| 163|0x0000000754600000, 0x0000000754600000, 0x0000000754800000|  0%| F|  |TAMS 0x0000000754600000, 0x0000000754600000| Untracked 
| 164|0x0000000754800000, 0x0000000754800000, 0x0000000754a00000|  0%| F|  |TAMS 0x0000000754800000, 0x0000000754800000| Untracked 
| 165|0x0000000754a00000, 0x0000000754a00000, 0x0000000754c00000|  0%| F|  |TAMS 0x0000000754a00000, 0x0000000754a00000| Untracked 
| 166|0x0000000754c00000, 0x0000000754c00000, 0x0000000754e00000|  0%| F|  |TAMS 0x0000000754c00000, 0x0000000754c00000| Untracked 
| 167|0x0000000754e00000, 0x0000000754e00000, 0x0000000755000000|  0%| F|  |TAMS 0x0000000754e00000, 0x0000000754e00000| Untracked 
| 168|0x0000000755000000, 0x0000000755000000, 0x0000000755200000|  0%| F|  |TAMS 0x0000000755000000, 0x0000000755000000| Untracked 
| 169|0x0000000755200000, 0x0000000755200000, 0x0000000755400000|  0%| F|  |TAMS 0x0000000755200000, 0x0000000755200000| Untracked 
|1534|0x00000007ffc00000, 0x00000007ffe00000, 0x00000007ffe00000|100%| O|  |TAMS 0x00000007ffe00000, 0x00000007ffe00000| Untracked 
|1535|0x00000007ffe00000, 0x0000000800000000, 0x0000000800000000|100%| O|  |TAMS 0x0000000800000000, 0x0000000800000000| Untracked 

Card table byte_map: [0x0000028278640000,0x0000028278c40000] _byte_map_base: 0x0000028274c40000

Marking Bits (Prev, Next): (CMBitMap*) 0x000002826fabc7e0, (CMBitMap*) 0x000002826fabc820
 Prev Bits: [0x0000028279240000, 0x000002827c240000)
 Next Bits: [0x000002827c240000, 0x000002827f240000)

Polling page: 0x000002826e190000

Metaspace:

Usage:
  Non-class:     61.80 MB used.
      Class:      9.89 MB used.
       Both:     71.69 MB used.

Virtual space:
  Non-class space:       64.00 MB reserved,      62.19 MB ( 97%) committed,  1 nodes.
      Class space:        1.00 GB reserved,      10.19 MB ( <1%) committed,  1 nodes.
             Both:        1.06 GB reserved,      72.38 MB (  7%) committed. 

Chunk freelists:
   Non-Class:  1.67 MB
       Class:  5.82 MB
        Both:  7.50 MB

MaxMetaspaceSize: unlimited
CompressedClassSpaceSize: 1.00 GB
Initial GC threshold: 21.00 MB
Current GC threshold: 120.44 MB
CDS: on
MetaspaceReclaimPolicy: balanced
 - commit_granule_bytes: 65536.
 - commit_granule_words: 8192.
 - virtual_space_node_default_size: 8388608.
 - enlarge_chunks_in_place: 1.
 - new_chunks_are_fully_committed: 0.
 - uncommit_free_chunks: 1.
 - use_allocation_guard: 0.
 - handle_deallocations: 1.


Internal statistics:

num_allocs_failed_limit: 6.
num_arena_births: 712.
num_arena_deaths: 0.
num_vsnodes_births: 2.
num_vsnodes_deaths: 0.
num_space_committed: 1158.
num_space_uncommitted: 0.
num_chunks_returned_to_freelist: 6.
num_chunks_taken_from_freelist: 3683.
num_chunk_merges: 6.
num_chunk_splits: 2446.
num_chunks_enlarged: 1665.
num_inconsistent_stats: 0.

CodeHeap 'non-profiled nmethods': size=120000Kb used=7952Kb max_used=7952Kb free=112047Kb
 bounds [0x0000028207ad0000, 0x00000282082a0000, 0x000002820f000000]
CodeHeap 'profiled nmethods': size=120000Kb used=22317Kb max_used=22317Kb free=97682Kb
 bounds [0x0000028200000000, 0x00000282015d0000, 0x0000028207530000]
CodeHeap 'non-nmethods': size=5760Kb used=2340Kb max_used=2482Kb free=3419Kb
 bounds [0x0000028207530000, 0x00000282077c0000, 0x0000028207ad0000]
 total_blobs=11642 nmethods=10783 adapters=771
 compilation: enabled
              stopped_count=0, restarted_count=0
 full_count=0

Compilation events (20 events):
Event: 50.460 Thread 0x0000028256010b70 nmethod 12341 0x00000282015c6490 code [0x00000282015c6640, 0x00000282015c6868]
Event: 50.460 Thread 0x0000028256010b70 12342       3       java.lang.StringBuffer::append (6 bytes)
Event: 50.461 Thread 0x0000028256010b70 nmethod 12342 0x00000282015c6910 code [0x00000282015c6ac0, 0x00000282015c6d68]
Event: 50.461 Thread 0x0000028256010b70 12348  s    3       java.lang.StringBuffer::append (13 bytes)
Event: 50.461 Thread 0x0000028256010b70 nmethod 12348 0x00000282015c6e90 code [0x00000282015c7040, 0x00000282015c7268]
Event: 50.461 Thread 0x0000028256010b70 12352       3       java.util.Collections$UnmodifiableMap::containsKey (11 bytes)
Event: 50.462 Thread 0x0000028256010b70 nmethod 12352 0x00000282015c7310 code [0x00000282015c74c0, 0x00000282015c76a8]
Event: 50.462 Thread 0x0000028256008250 12354       4       net.minecraftforge.srgutils.MappingFile::write (39 bytes)
Event: 50.462 Thread 0x0000028256010b70 12349       1       net.minecraftforge.srgutils.MappingFile$Cls::getFields (5 bytes)
Event: 50.462 Thread 0x0000028256010b70 nmethod 12349 0x0000028208292990 code [0x0000028208292b20, 0x0000028208292bf8]
Event: 50.462 Thread 0x0000028256010b70 12350       1       net.minecraftforge.srgutils.MappingFile$Cls::getMethods (5 bytes)
Event: 50.462 Thread 0x0000028256010b70 nmethod 12350 0x0000028208292c90 code [0x0000028208292e20, 0x0000028208292ef8]
Event: 50.469 Thread 0x0000028256f7f440 nmethod 12340 0x0000028208292f90 code [0x0000028208293160, 0x0000028208293ab0]
Event: 50.469 Thread 0x0000028256f7f440 12355       4       net.minecraftforge.srgutils.InternalUtils::writeMeta (254 bytes)
Event: 50.479 Thread 0x0000028256010b70 12357       3       net.minecraftforge.srgutils.MappingFile$$Lambda$2216/0x0000028212a2ce68::accept (24 bytes)
Event: 50.479 Thread 0x0000028256010b70 nmethod 12357 0x00000282015c7790 code [0x00000282015c7940, 0x00000282015c7ba8]
Event: 50.479 Thread 0x0000028256010b70 12358       3       net.minecraftforge.srgutils.MappingFile::lambda$write$12 (70 bytes)
Event: 50.482 Thread 0x0000028256010b70 nmethod 12358 0x00000282015c7c90 code [0x00000282015c8040, 0x00000282015c9da8]
Event: 50.482 Thread 0x0000028256010b70 12359       3       net.minecraftforge.srgutils.MappingFile$Cls::write (274 bytes)
Event: 50.486 Thread 0x0000028256010b70 nmethod 12359 0x00000282015ca710 code [0x00000282015cad40, 0x00000282015cd758]

GC Heap History (20 events):
Event: 31.142 GC heap after
{Heap after GC invocations=31 (full 0):
 garbage-first heap   total 137216K, used 55588K [0x0000000740000000, 0x0000000800000000)
  region size 2048K, 3 young (6144K), 3 survivors (6144K)
 Metaspace       used 60059K, committed 60736K, reserved 1114112K
  class space    used 8526K, committed 8832K, reserved 1048576K
}
Event: 31.236 GC heap before
{Heap before GC invocations=31 (full 0):
 garbage-first heap   total 137216K, used 59684K [0x0000000740000000, 0x0000000800000000)
  region size 2048K, 4 young (8192K), 3 survivors (6144K)
 Metaspace       used 60122K, committed 60800K, reserved 1114112K
  class space    used 8526K, committed 8832K, reserved 1048576K
}
Event: 31.249 GC heap after
{Heap after GC invocations=32 (full 0):
 garbage-first heap   total 137216K, used 56006K [0x0000000740000000, 0x0000000800000000)
  region size 2048K, 2 young (4096K), 2 survivors (4096K)
 Metaspace       used 60122K, committed 60800K, reserved 1114112K
  class space    used 8526K, committed 8832K, reserved 1048576K
}
Event: 31.375 GC heap before
{Heap before GC invocations=32 (full 0):
 garbage-first heap   total 137216K, used 64198K [0x0000000740000000, 0x0000000800000000)
  region size 2048K, 3 young (6144K), 2 survivors (4096K)
 Metaspace       used 60139K, committed 60800K, reserved 1114112K
  class space    used 8526K, committed 8832K, reserved 1048576K
}
Event: 31.386 GC heap after
{Heap after GC invocations=33 (full 0):
 garbage-first heap   total 274432K, used 55920K [0x0000000740000000, 0x0000000800000000)
  region size 2048K, 2 young (4096K), 2 survivors (4096K)
 Metaspace       used 60139K, committed 60800K, reserved 1114112K
  class space    used 8526K, committed 8832K, reserved 1048576K
}
Event: 36.427 GC heap before
{Heap before GC invocations=33 (full 0):
 garbage-first heap   total 274432K, used 254576K [0x0000000740000000, 0x0000000800000000)
  region size 2048K, 67 young (137216K), 2 survivors (4096K)
 Metaspace       used 67346K, committed 67968K, reserved 1114112K
  class space    used 9501K, committed 9792K, reserved 1048576K
}
Event: 36.473 GC heap after
{Heap after GC invocations=34 (full 0):
 garbage-first heap   total 284672K, used 80449K [0x0000000740000000, 0x0000000800000000)
  region size 2048K, 10 young (20480K), 10 survivors (20480K)
 Metaspace       used 67346K, committed 67968K, reserved 1114112K
  class space    used 9501K, committed 9792K, reserved 1048576K
}
Event: 43.479 GC heap before
{Heap before GC invocations=34 (full 0):
 garbage-first heap   total 284672K, used 221761K [0x0000000740000000, 0x0000000800000000)
  region size 2048K, 77 young (157696K), 10 survivors (20480K)
 Metaspace       used 71341K, committed 72064K, reserved 1114112K
  class space    used 9892K, committed 10240K, reserved 1048576K
}
Event: 43.530 GC heap after
{Heap after GC invocations=35 (full 0):
 garbage-first heap   total 284672K, used 112708K [0x0000000740000000, 0x0000000800000000)
  region size 2048K, 10 young (20480K), 10 survivors (20480K)
 Metaspace       used 71341K, committed 72064K, reserved 1114112K
  class space    used 9892K, committed 10240K, reserved 1048576K
}
Event: 49.127 GC heap before
{Heap before GC invocations=35 (full 0):
 garbage-first heap   total 284672K, used 213060K [0x0000000740000000, 0x0000000800000000)
  region size 2048K, 60 young (122880K), 10 survivors (20480K)
 Metaspace       used 73199K, committed 73920K, reserved 1114112K
  class space    used 10104K, committed 10432K, reserved 1048576K
}
Event: 49.181 GC heap after
{Heap after GC invocations=36 (full 0):
 garbage-first heap   total 284672K, used 145408K [0x0000000740000000, 0x0000000800000000)
  region size 2048K, 8 young (16384K), 8 survivors (16384K)
 Metaspace       used 73199K, committed 73920K, reserved 1114112K
  class space    used 10104K, committed 10432K, reserved 1048576K
}
Event: 49.434 GC heap before
{Heap before GC invocations=36 (full 0):
 garbage-first heap   total 284672K, used 204800K [0x0000000740000000, 0x0000000800000000)
  region size 2048K, 37 young (75776K), 8 survivors (16384K)
 Metaspace       used 73206K, committed 73920K, reserved 1114112K
  class space    used 10104K, committed 10432K, reserved 1048576K
}
Event: 49.480 GC heap after
{Heap after GC invocations=37 (full 0):
 garbage-first heap   total 284672K, used 183862K [0x0000000740000000, 0x0000000800000000)
  region size 2048K, 5 young (10240K), 5 survivors (10240K)
 Metaspace       used 73206K, committed 73920K, reserved 1114112K
  class space    used 10104K, committed 10432K, reserved 1048576K
}
Event: 49.758 GC heap before
{Heap before GC invocations=37 (full 0):
 garbage-first heap   total 284672K, used 216630K [0x0000000740000000, 0x0000000800000000)
  region size 2048K, 21 young (43008K), 5 survivors (10240K)
 Metaspace       used 73207K, committed 73920K, reserved 1114112K
  class space    used 10104K, committed 10432K, reserved 1048576K
}
Event: 49.797 GC heap after
{Heap after GC invocations=38 (full 0):
 garbage-first heap   total 284672K, used 206848K [0x0000000740000000, 0x0000000800000000)
  region size 2048K, 3 young (6144K), 3 survivors (6144K)
 Metaspace       used 73207K, committed 73920K, reserved 1114112K
  class space    used 10104K, committed 10432K, reserved 1048576K
}
Event: 50.099 GC heap before
{Heap before GC invocations=39 (full 0):
 garbage-first heap   total 352256K, used 227328K [0x0000000740000000, 0x0000000800000000)
  region size 2048K, 13 young (26624K), 3 survivors (6144K)
 Metaspace       used 73323K, committed 74048K, reserved 1114112K
  class space    used 10117K, committed 10432K, reserved 1048576K
}
Event: 50.121 GC heap after
{Heap after GC invocations=40 (full 0):
 garbage-first heap   total 352256K, used 222552K [0x0000000740000000, 0x0000000800000000)
  region size 2048K, 2 young (4096K), 2 survivors (4096K)
 Metaspace       used 73323K, committed 74048K, reserved 1114112K
  class space    used 10117K, committed 10432K, reserved 1048576K
}
Event: 50.189 GC heap before
{Heap before GC invocations=40 (full 0):
 garbage-first heap   total 352256K, used 234840K [0x0000000740000000, 0x0000000800000000)
  region size 2048K, 8 young (16384K), 2 survivors (4096K)
 Metaspace       used 73323K, committed 74048K, reserved 1114112K
  class space    used 10117K, committed 10432K, reserved 1048576K
}
Event: 50.219 GC heap after
{Heap after GC invocations=41 (full 0):
 garbage-first heap   total 352256K, used 229823K [0x0000000740000000, 0x0000000800000000)
  region size 2048K, 1 young (2048K), 1 survivors (2048K)
 Metaspace       used 73323K, committed 74048K, reserved 1114112K
  class space    used 10117K, committed 10432K, reserved 1048576K
}
Event: 50.563 GC heap before
{Heap before GC invocations=41 (full 0):
 garbage-first heap   total 352256K, used 262591K [0x0000000740000000, 0x0000000800000000)
  region size 2048K, 17 young (34816K), 1 survivors (2048K)
 Metaspace       used 73406K, committed 74112K, reserved 1114112K
  class space    used 10126K, committed 10432K, reserved 1048576K
}

Dll operation events (15 events):
Event: 0.030 Loaded shared library C:\Users\chill\AppData\Local\Programs\Eclipse Adoptium\jdk-17.0.15.6-hotspot\bin\java.dll
Event: 0.071 Loaded shared library C:\Users\chill\AppData\Local\Programs\Eclipse Adoptium\jdk-17.0.15.6-hotspot\bin\jsvml.dll
Event: 0.211 Loaded shared library C:\Users\chill\AppData\Local\Programs\Eclipse Adoptium\jdk-17.0.15.6-hotspot\bin\zip.dll
Event: 0.215 Loaded shared library C:\Users\chill\AppData\Local\Programs\Eclipse Adoptium\jdk-17.0.15.6-hotspot\bin\instrument.dll
Event: 0.228 Loaded shared library C:\Users\chill\AppData\Local\Programs\Eclipse Adoptium\jdk-17.0.15.6-hotspot\bin\net.dll
Event: 0.231 Loaded shared library C:\Users\chill\AppData\Local\Programs\Eclipse Adoptium\jdk-17.0.15.6-hotspot\bin\nio.dll
Event: 0.241 Loaded shared library C:\Users\chill\AppData\Local\Programs\Eclipse Adoptium\jdk-17.0.15.6-hotspot\bin\zip.dll
Event: 0.817 Loaded shared library C:\Users\chill\AppData\Local\Programs\Eclipse Adoptium\jdk-17.0.15.6-hotspot\bin\jimage.dll
Event: 1.189 Loaded shared library C:\Users\chill\AppData\Local\Programs\Eclipse Adoptium\jdk-17.0.15.6-hotspot\bin\verify.dll
Event: 1.655 Loaded shared library C:\Users\chill\.gradle\native\c067742578af261105cb4f569cf0c3c89f3d7b1fecec35dd04571415982c5e48\windows-amd64\native-platform.dll
Event: 1.672 Loaded shared library C:\Users\chill\.gradle\native\100fb08df4bc3b14c8652ba06237920a3bd2aa13389f12d3474272988ae205f9\windows-amd64\native-platform-file-events.dll
Event: 3.631 Loaded shared library C:\Users\chill\AppData\Local\Programs\Eclipse Adoptium\jdk-17.0.15.6-hotspot\bin\management.dll
Event: 3.638 Loaded shared library C:\Users\chill\AppData\Local\Programs\Eclipse Adoptium\jdk-17.0.15.6-hotspot\bin\management_ext.dll
Event: 4.050 Loaded shared library C:\Users\chill\AppData\Local\Programs\Eclipse Adoptium\jdk-17.0.15.6-hotspot\bin\extnet.dll
Event: 5.259 Loaded shared library C:\Users\chill\AppData\Local\Programs\Eclipse Adoptium\jdk-17.0.15.6-hotspot\bin\sunmscapi.dll

Deoptimization events (20 events):
Event: 50.329 Thread 0x00000282597fef00 Uncommon trap: trap_request=0xffffff45 fr.pc=0x0000028208263658 relative=0x0000000000000238
Event: 50.329 Thread 0x00000282597fef00 Uncommon trap: reason=unstable_if action=reinterpret pc=0x0000028208263658 method=java.util.HashMap$ValueSpliterator.forEachRemaining(Ljava/util/function/Consumer;)V @ 31 c2
Event: 50.329 Thread 0x00000282597fef00 DEOPT PACKING pc=0x0000028208263658 sp=0x000000a6b42faaf0
Event: 50.329 Thread 0x00000282597fef00 DEOPT UNPACKING pc=0x00000282075869a3 sp=0x000000a6b42faa90 mode 2
Event: 50.394 Thread 0x00000282597fef00 Uncommon trap: trap_request=0xffffffde fr.pc=0x000002820828aebc relative=0x000000000000021c
Event: 50.394 Thread 0x00000282597fef00 Uncommon trap: reason=class_check action=maybe_recompile pc=0x000002820828aebc method=net.minecraftforge.srgutils.MappingFile$$Lambda$2214/0x0000028212a2c740.compare(Ljava/lang/Object;Ljava/lang/Object;)I @ 1 c2
Event: 50.394 Thread 0x00000282597fef00 DEOPT PACKING pc=0x000002820828aebc sp=0x000000a6b42fa590
Event: 50.394 Thread 0x00000282597fef00 DEOPT UNPACKING pc=0x00000282075869a3 sp=0x000000a6b42fa518 mode 2
Event: 50.394 Thread 0x00000282597fef00 Uncommon trap: trap_request=0xffffffde fr.pc=0x000002820828aebc relative=0x000000000000021c
Event: 50.394 Thread 0x00000282597fef00 Uncommon trap: reason=class_check action=maybe_recompile pc=0x000002820828aebc method=net.minecraftforge.srgutils.MappingFile$$Lambda$2214/0x0000028212a2c740.compare(Ljava/lang/Object;Ljava/lang/Object;)I @ 1 c2
Event: 50.394 Thread 0x00000282597fef00 DEOPT PACKING pc=0x000002820828aebc sp=0x000000a6b42fa590
Event: 50.394 Thread 0x00000282597fef00 DEOPT UNPACKING pc=0x00000282075869a3 sp=0x000000a6b42fa518 mode 2
Event: 50.394 Thread 0x00000282597fef00 Uncommon trap: trap_request=0xffffffde fr.pc=0x000002820828aebc relative=0x000000000000021c
Event: 50.394 Thread 0x00000282597fef00 Uncommon trap: reason=class_check action=maybe_recompile pc=0x000002820828aebc method=net.minecraftforge.srgutils.MappingFile$$Lambda$2214/0x0000028212a2c740.compare(Ljava/lang/Object;Ljava/lang/Object;)I @ 1 c2
Event: 50.394 Thread 0x00000282597fef00 DEOPT PACKING pc=0x000002820828aebc sp=0x000000a6b42fa590
Event: 50.394 Thread 0x00000282597fef00 DEOPT UNPACKING pc=0x00000282075869a3 sp=0x000000a6b42fa518 mode 2
Event: 50.394 Thread 0x00000282597fef00 Uncommon trap: trap_request=0xffffffde fr.pc=0x000002820828aebc relative=0x000000000000021c
Event: 50.394 Thread 0x00000282597fef00 Uncommon trap: reason=class_check action=maybe_recompile pc=0x000002820828aebc method=net.minecraftforge.srgutils.MappingFile$$Lambda$2214/0x0000028212a2c740.compare(Ljava/lang/Object;Ljava/lang/Object;)I @ 1 c2
Event: 50.394 Thread 0x00000282597fef00 DEOPT PACKING pc=0x000002820828aebc sp=0x000000a6b42fa590
Event: 50.394 Thread 0x00000282597fef00 DEOPT UNPACKING pc=0x00000282075869a3 sp=0x000000a6b42fa518 mode 2

Classes loaded (20 events):
Event: 41.287 Loading class java/text/MessageFormat$Field
Event: 41.287 Loading class java/text/MessageFormat$Field done
Event: 41.370 Loading class java/text/BreakIterator
Event: 41.370 Loading class java/text/BreakIterator done
Event: 41.439 Loading class java/util/function/ToIntBiFunction
Event: 41.439 Loading class java/util/function/ToIntBiFunction done
Event: 46.115 Loading class java/util/EnumMap$Values
Event: 46.115 Loading class java/util/EnumMap$Values done
Event: 46.115 Loading class java/util/EnumMap$ValueIterator
Event: 46.115 Loading class java/util/EnumMap$ValueIterator done
Event: 46.495 Loading class java/util/PriorityQueue
Event: 46.495 Loading class java/util/PriorityQueue done
Event: 47.382 Loading class java/util/zip/Deflater
Event: 47.382 Loading class java/util/zip/Deflater done
Event: 47.385 Loading class java/util/zip/Deflater$DeflaterZStreamRef
Event: 47.385 Loading class java/util/zip/Deflater$DeflaterZStreamRef done
Event: 47.952 Loading class jdk/internal/reflect/UnsafeQualifiedStaticLongFieldAccessorImpl
Event: 47.952 Loading class jdk/internal/reflect/UnsafeQualifiedStaticLongFieldAccessorImpl done
Event: 48.148 Loading class java/io/BufferedReader$1
Event: 48.150 Loading class java/io/BufferedReader$1 done

Classes unloaded (0 events):
No events

Classes redefined (0 events):
No events

Internal exceptions (20 events):
Event: 43.395 Thread 0x00000282597fd0a0 Exception <a 'sun/nio/fs/WindowsException'{0x00000007489caa20}> (0x00000007489caa20) 
thrown [s\src\hotspot\share\prims\jni.cpp, line 516]
Event: 43.403 Thread 0x00000282597fd0a0 Exception <a 'sun/nio/fs/WindowsException'{0x0000000748625100}> (0x0000000748625100) 
thrown [s\src\hotspot\share\prims\jni.cpp, line 516]
Event: 43.435 Thread 0x00000282597fd0a0 Exception <a 'sun/nio/fs/WindowsException'{0x00000007486f4390}> (0x00000007486f4390) 
thrown [s\src\hotspot\share\prims\jni.cpp, line 516]
Event: 43.729 Thread 0x00000282597fd0a0 Exception <a 'sun/nio/fs/WindowsException'{0x0000000750ed3b08}> (0x0000000750ed3b08) 
thrown [s\src\hotspot\share\prims\jni.cpp, line 516]
Event: 43.789 Thread 0x00000282597fd0a0 Implicit null exception at 0x0000028207fb5da0 to 0x0000028207fb6258
Event: 43.995 Thread 0x00000282597fd0a0 Exception <a 'sun/nio/fs/WindowsException'{0x000000075082fea8}> (0x000000075082fea8) 
thrown [s\src\hotspot\share\prims\jni.cpp, line 516]
Event: 44.005 Thread 0x00000282597fd0a0 Exception <a 'sun/nio/fs/WindowsException'{0x00000007508b3440}> (0x00000007508b3440) 
thrown [s\src\hotspot\share\prims\jni.cpp, line 516]
Event: 45.253 Thread 0x00000282597fd0a0 Exception <a 'sun/nio/fs/WindowsException'{0x00000007502fd040}> (0x00000007502fd040) 
thrown [s\src\hotspot\share\prims\jni.cpp, line 516]
Event: 45.900 Thread 0x00000282597fd0a0 Exception <a 'sun/nio/fs/WindowsException'{0x000000075018c7a0}> (0x000000075018c7a0) 
thrown [s\src\hotspot\share\prims\jni.cpp, line 516]
Event: 45.961 Thread 0x00000282597fd0a0 Exception <a 'sun/nio/fs/WindowsException'{0x0000000750199430}> (0x0000000750199430) 
thrown [s\src\hotspot\share\prims\jni.cpp, line 516]
Event: 45.978 Thread 0x00000282597fd0a0 Exception <a 'sun/nio/fs/WindowsException'{0x00000007501a5a60}> (0x00000007501a5a60) 
thrown [s\src\hotspot\share\prims\jni.cpp, line 516]
Event: 45.993 Thread 0x00000282597fd0a0 Exception <a 'sun/nio/fs/WindowsException'{0x00000007501bdd40}> (0x00000007501bdd40) 
thrown [s\src\hotspot\share\prims\jni.cpp, line 516]
Event: 46.010 Thread 0x00000282597fd0a0 Exception <a 'sun/nio/fs/WindowsException'{0x00000007501d21b0}> (0x00000007501d21b0) 
thrown [s\src\hotspot\share\prims\jni.cpp, line 516]
Event: 46.027 Thread 0x00000282597fd0a0 Exception <a 'sun/nio/fs/WindowsException'{0x00000007501d9e90}> (0x00000007501d9e90) 
thrown [s\src\hotspot\share\prims\jni.cpp, line 516]
Event: 46.044 Thread 0x00000282597fd0a0 Exception <a 'sun/nio/fs/WindowsException'{0x00000007501e2118}> (0x00000007501e2118) 
thrown [s\src\hotspot\share\prims\jni.cpp, line 516]
Event: 46.107 Thread 0x00000282597fd0a0 Exception <a 'sun/nio/fs/WindowsException'{0x000000074fe815b8}> (0x000000074fe815b8) 
thrown [s\src\hotspot\share\prims\jni.cpp, line 516]
Event: 46.544 Thread 0x00000282597fd0a0 Implicit null exception at 0x0000028207bb68e0 to 0x0000028207bb696d
Event: 49.825 Thread 0x00000282597fef00 Exception <a 'java/lang/NoSuchMethodError'{0x0000000750f507b8}: 'void java.lang.invoke.DirectMethodHandle$Holder.invokeStatic(java.lang.Object, java.lang.Object, int, int, java.lang.Object)'> (0x0000000750f507b8) 
thrown [s\src\hotspot\share\interpreter\linkResolver.cpp, line 759]
Event: 50.330 Thread 0x00000282597fef00 Exception <a 'java/lang/NoSuchMethodError'{0x0000000753f3b050}: 'java.lang.Object java.lang.invoke.DirectMethodHandle$Holder.newInvokeSpecial(java.lang.Object, java.lang.Object, java.lang.Object, int, java.lang.Object)'> (0x0000000753f3b050) 
thrown [s\src\hotspot\share\interpreter\linkResolver.cpp, line 759]
Event: 50.331 Thread 0x00000282597fef00 Exception <a 'java/lang/NoSuchMethodError'{0x0000000753f3f538}: 'java.lang.Object java.lang.invoke.Invokers$Holder.linkToTargetMethod(java.lang.Object, java.lang.Object, int, java.lang.Object, java.lang.Object)'> (0x0000000753f3f538) 
thrown [s\src\hotspot\share\interpreter\linkResolver.cpp, line 759]

VM Operations (20 events):
Event: 47.086 Executing VM operation: HandshakeAllThreads done
Event: 47.443 Executing VM operation: HandshakeAllThreads
Event: 47.444 Executing VM operation: HandshakeAllThreads done
Event: 48.124 Executing VM operation: ICBufferFull
Event: 48.124 Executing VM operation: ICBufferFull done
Event: 49.127 Executing VM operation: G1CollectForAllocation
Event: 49.181 Executing VM operation: G1CollectForAllocation done
Event: 49.434 Executing VM operation: G1CollectForAllocation
Event: 49.480 Executing VM operation: G1CollectForAllocation done
Event: 49.757 Executing VM operation: G1CollectForAllocation
Event: 49.797 Executing VM operation: G1CollectForAllocation done
Event: 49.841 Executing VM operation: G1PauseRemark
Event: 49.853 Executing VM operation: G1PauseRemark done
Event: 50.074 Executing VM operation: G1PauseCleanup
Event: 50.075 Executing VM operation: G1PauseCleanup done
Event: 50.099 Executing VM operation: G1CollectForAllocation
Event: 50.121 Executing VM operation: G1CollectForAllocation done
Event: 50.189 Executing VM operation: G1CollectForAllocation
Event: 50.219 Executing VM operation: G1CollectForAllocation done
Event: 50.563 Executing VM operation: G1CollectForAllocation

Memory protections (0 events):
No events

Nmethod flushes (20 events):
Event: 37.228 Thread 0x00000282560169c0 flushing  nmethod 0x0000028200fb1e90
Event: 37.228 Thread 0x00000282560169c0 flushing  nmethod 0x0000028200fb2e90
Event: 37.228 Thread 0x00000282560169c0 flushing  nmethod 0x0000028200fb4910
Event: 37.228 Thread 0x00000282560169c0 flushing  nmethod 0x0000028200fb5490
Event: 37.228 Thread 0x00000282560169c0 flushing  nmethod 0x0000028200fb5d10
Event: 37.228 Thread 0x00000282560169c0 flushing  nmethod 0x0000028200fb7e90
Event: 37.228 Thread 0x00000282560169c0 flushing  nmethod 0x0000028200fb8c10
Event: 37.228 Thread 0x00000282560169c0 flushing  nmethod 0x0000028200fc1590
Event: 37.228 Thread 0x00000282560169c0 flushing  nmethod 0x0000028200fd8790
Event: 37.228 Thread 0x00000282560169c0 flushing  nmethod 0x0000028200fdae10
Event: 37.228 Thread 0x00000282560169c0 flushing  nmethod 0x0000028200fdb190
Event: 37.228 Thread 0x00000282560169c0 flushing  nmethod 0x0000028200fdb810
Event: 37.228 Thread 0x00000282560169c0 flushing  nmethod 0x0000028200fdf510
Event: 37.228 Thread 0x00000282560169c0 flushing  nmethod 0x0000028200fe9c90
Event: 37.228 Thread 0x00000282560169c0 flushing  nmethod 0x0000028201019590
Event: 37.228 Thread 0x00000282560169c0 flushing  nmethod 0x000002820101a710
Event: 37.228 Thread 0x00000282560169c0 flushing  nmethod 0x0000028201045310
Event: 37.228 Thread 0x00000282560169c0 flushing  nmethod 0x0000028201045d10
Event: 37.228 Thread 0x00000282560169c0 flushing  nmethod 0x0000028201046c90
Event: 43.313 Thread 0x00000282560169c0 flushing  nmethod 0x0000028200721490

Events (20 events):
Event: 34.428 Thread 0x0000028256f7d9b0 Thread exited: 0x0000028256f7d9b0
Event: 34.428 Thread 0x0000028256f7e9a0 Thread exited: 0x0000028256f7e9a0
Event: 35.098 Thread 0x0000028256010b70 Thread added: 0x0000028256f7eef0
Event: 35.109 Thread 0x0000028256f7eef0 Thread added: 0x0000028256f7d460
Event: 35.614 Thread 0x0000028256f7d460 Thread exited: 0x0000028256f7d460
Event: 36.089 Thread 0x0000028256f7eef0 Thread exited: 0x0000028256f7eef0
Event: 36.618 Thread 0x0000028256010b70 Thread added: 0x0000028256f80980
Event: 36.618 Thread 0x0000028256010b70 Thread added: 0x0000028256f7d460
Event: 38.329 Thread 0x0000028256f7d460 Thread exited: 0x0000028256f7d460
Event: 38.671 Thread 0x0000028256f80980 Thread exited: 0x0000028256f80980
Event: 39.210 Thread 0x0000028256010b70 Thread added: 0x0000028256f7f440
Event: 39.605 Thread 0x0000028256f7f440 Thread exited: 0x0000028256f7f440
Event: 39.812 Thread 0x0000028256010b70 Thread added: 0x0000028256f7eef0
Event: 39.882 Thread 0x0000028256010b70 Thread added: 0x0000028256f7d9b0
Event: 45.208 Thread 0x0000028256f7d9b0 Thread exited: 0x0000028256f7d9b0
Event: 45.276 Thread 0x0000028256010b70 Thread added: 0x0000028256f7e450
Event: 45.635 Thread 0x0000028256f7e450 Thread exited: 0x0000028256f7e450
Event: 45.635 Thread 0x0000028256f7eef0 Thread exited: 0x0000028256f7eef0
Event: 45.671 Thread 0x0000028256010b70 Thread added: 0x0000028256f7eef0
Event: 46.644 Thread 0x0000028256010b70 Thread added: 0x0000028256f7f440


Dynamic libraries:
0x00007ff6a75c0000 - 0x00007ff6a75ce000 	C:\Users\chill\AppData\Local\Programs\Eclipse Adoptium\jdk-17.0.15.6-hotspot\bin\java.exe
0x00007ffe2d3a0000 - 0x00007ffe2d608000 	C:\Windows\SYSTEM32\ntdll.dll
0x00007ffe2b6a0000 - 0x00007ffe2b769000 	C:\Windows\System32\KERNEL32.DLL
0x00007ffe2aaa0000 - 0x00007ffe2ae92000 	C:\Windows\System32\KERNELBASE.dll
0x00007ffe2a950000 - 0x00007ffe2aa9b000 	C:\Windows\System32\ucrtbase.dll
0x00007ffe22e30000 - 0x00007ffe22e4e000 	C:\Users\chill\AppData\Local\Programs\Eclipse Adoptium\jdk-17.0.15.6-hotspot\bin\VCRUNTIME140.dll
0x00007ffe22e50000 - 0x00007ffe22e67000 	C:\Users\chill\AppData\Local\Programs\Eclipse Adoptium\jdk-17.0.15.6-hotspot\bin\jli.dll
0x00007ffe2d010000 - 0x00007ffe2d1d5000 	C:\Windows\System32\USER32.dll
0x00007ffe2a5e0000 - 0x00007ffe2a607000 	C:\Windows\System32\win32u.dll
0x00007ffe2b310000 - 0x00007ffe2b33b000 	C:\Windows\System32\GDI32.dll
0x00007ffe2a780000 - 0x00007ffe2a8ad000 	C:\Windows\System32\gdi32full.dll
0x00007ffe17490000 - 0x00007ffe17723000 	C:\Windows\WinSxS\amd64_microsoft.windows.common-controls_6595b64144ccf1df_6.0.26100.6899_none_3e0efeeae32e88c1\COMCTL32.dll
0x00007ffe2a530000 - 0x00007ffe2a5d3000 	C:\Windows\System32\msvcp_win.dll
0x00007ffe2b340000 - 0x00007ffe2b3e9000 	C:\Windows\System32\msvcrt.dll
0x00007ffe2d260000 - 0x00007ffe2d28f000 	C:\Windows\System32\IMM32.DLL
0x00007ffe22e20000 - 0x00007ffe22e2c000 	C:\Users\chill\AppData\Local\Programs\Eclipse Adoptium\jdk-17.0.15.6-hotspot\bin\vcruntime140_1.dll
0x00007ffdff110000 - 0x00007ffdff19d000 	C:\Users\chill\AppData\Local\Programs\Eclipse Adoptium\jdk-17.0.15.6-hotspot\bin\msvcp140.dll
0x00007ffd7c440000 - 0x00007ffd7d0ab000 	C:\Users\chill\AppData\Local\Programs\Eclipse Adoptium\jdk-17.0.15.6-hotspot\bin\server\jvm.dll
0x00007ffe2d2a0000 - 0x00007ffe2d354000 	C:\Windows\System32\ADVAPI32.dll
0x00007ffe2cd30000 - 0x00007ffe2cdd6000 	C:\Windows\System32\sechost.dll
0x00007ffe2b770000 - 0x00007ffe2b888000 	C:\Windows\System32\RPCRT4.dll
0x00007ffe2d1e0000 - 0x00007ffe2d254000 	C:\Windows\System32\WS2_32.dll
0x00007ffe2a390000 - 0x00007ffe2a3ee000 	C:\Windows\SYSTEM32\POWRPROF.dll
0x00007ffe17ba0000 - 0x00007ffe17bd5000 	C:\Windows\SYSTEM32\WINMM.dll
0x00007ffe23320000 - 0x00007ffe2332b000 	C:\Windows\SYSTEM32\VERSION.dll
0x00007ffe2a370000 - 0x00007ffe2a384000 	C:\Windows\SYSTEM32\UMPDC.dll
0x00007ffe29300000 - 0x00007ffe2931b000 	C:\Windows\SYSTEM32\kernel.appcore.dll
0x00007ffe22e10000 - 0x00007ffe22e1a000 	C:\Users\chill\AppData\Local\Programs\Eclipse Adoptium\jdk-17.0.15.6-hotspot\bin\jimage.dll
0x00007ffe17e70000 - 0x00007ffe180b2000 	C:\Windows\SYSTEM32\DBGHELP.DLL
0x00007ffe2ba70000 - 0x00007ffe2bdeb000 	C:\Windows\System32\combase.dll
0x00007ffe2ca90000 - 0x00007ffe2cb67000 	C:\Windows\System32\OLEAUT32.dll
0x00007ffdffb20000 - 0x00007ffdffb5c000 	C:\Windows\SYSTEM32\dbgcore.DLL
0x00007ffe2a8b0000 - 0x00007ffe2a948000 	C:\Windows\System32\bcryptPrimitives.dll
0x00007ffe1bf70000 - 0x00007ffe1bf7e000 	C:\Users\chill\AppData\Local\Programs\Eclipse Adoptium\jdk-17.0.15.6-hotspot\bin\instrument.dll
0x00007ffe1c850000 - 0x00007ffe1c875000 	C:\Users\chill\AppData\Local\Programs\Eclipse Adoptium\jdk-17.0.15.6-hotspot\bin\java.dll
0x00007ffdcab80000 - 0x00007ffdcac57000 	C:\Users\chill\AppData\Local\Programs\Eclipse Adoptium\jdk-17.0.15.6-hotspot\bin\jsvml.dll
0x00007ffe2c310000 - 0x00007ffe2ca5d000 	C:\Windows\System32\SHELL32.dll
0x00007ffe2a610000 - 0x00007ffe2a77b000 	C:\Windows\System32\wintypes.dll
0x00007ffe28220000 - 0x00007ffe28a7d000 	C:\Windows\SYSTEM32\windows.storage.dll
0x00007ffe2cc30000 - 0x00007ffe2cd22000 	C:\Windows\System32\SHCORE.dll
0x00007ffe2b400000 - 0x00007ffe2b462000 	C:\Windows\System32\shlwapi.dll
0x00007ffe2a450000 - 0x00007ffe2a479000 	C:\Windows\SYSTEM32\profapi.dll
0x00007ffe1c830000 - 0x00007ffe1c848000 	C:\Users\chill\AppData\Local\Programs\Eclipse Adoptium\jdk-17.0.15.6-hotspot\bin\zip.dll
0x00007ffe22df0000 - 0x00007ffe22e09000 	C:\Users\chill\AppData\Local\Programs\Eclipse Adoptium\jdk-17.0.15.6-hotspot\bin\net.dll
0x00007ffe224b0000 - 0x00007ffe225cf000 	C:\Windows\SYSTEM32\WINHTTP.dll
0x00007ffe29870000 - 0x00007ffe298db000 	C:\Windows\system32\mswsock.dll
0x00007ffe22dc0000 - 0x00007ffe22dd6000 	C:\Users\chill\AppData\Local\Programs\Eclipse Adoptium\jdk-17.0.15.6-hotspot\bin\nio.dll
0x00007ffe1c820000 - 0x00007ffe1c830000 	C:\Users\chill\AppData\Local\Programs\Eclipse Adoptium\jdk-17.0.15.6-hotspot\bin\verify.dll
0x00007ffe15eb0000 - 0x00007ffe15ed7000 	C:\Users\chill\.gradle\native\c067742578af261105cb4f569cf0c3c89f3d7b1fecec35dd04571415982c5e48\windows-amd64\native-platform.dll
0x00007ffdffff0000 - 0x00007ffe00134000 	C:\Users\chill\.gradle\native\100fb08df4bc3b14c8652ba06237920a3bd2aa13389f12d3474272988ae205f9\windows-amd64\native-platform-file-events.dll
0x00007ffe1c720000 - 0x00007ffe1c72a000 	C:\Users\chill\AppData\Local\Programs\Eclipse Adoptium\jdk-17.0.15.6-hotspot\bin\management.dll
0x00007ffe1c710000 - 0x00007ffe1c71b000 	C:\Users\chill\AppData\Local\Programs\Eclipse Adoptium\jdk-17.0.15.6-hotspot\bin\management_ext.dll
0x00007ffe2cf40000 - 0x00007ffe2cf48000 	C:\Windows\System32\PSAPI.DLL
0x00007ffe29b30000 - 0x00007ffe29b4b000 	C:\Windows\SYSTEM32\CRYPTSP.dll
0x00007ffe29260000 - 0x00007ffe2929b000 	C:\Windows\system32\rsaenh.dll
0x00007ffe29910000 - 0x00007ffe2993b000 	C:\Windows\SYSTEM32\USERENV.dll
0x00007ffe2a420000 - 0x00007ffe2a446000 	C:\Windows\SYSTEM32\bcrypt.dll
0x00007ffe29b20000 - 0x00007ffe29b2c000 	C:\Windows\SYSTEM32\CRYPTBASE.dll
0x00007ffe28dd0000 - 0x00007ffe28e04000 	C:\Windows\SYSTEM32\IPHLPAPI.DLL
0x00007ffe2b470000 - 0x00007ffe2b47a000 	C:\Windows\System32\NSI.dll
0x00007ffe221f0000 - 0x00007ffe2220e000 	C:\Windows\SYSTEM32\dhcpcsvc6.DLL
0x00007ffe221c0000 - 0x00007ffe221e3000 	C:\Windows\SYSTEM32\dhcpcsvc.DLL
0x00007ffe28e70000 - 0x00007ffe28f96000 	C:\Windows\SYSTEM32\DNSAPI.dll
0x00007ffe1bf00000 - 0x00007ffe1bf09000 	C:\Users\chill\AppData\Local\Programs\Eclipse Adoptium\jdk-17.0.15.6-hotspot\bin\extnet.dll
0x00007ffe1bea0000 - 0x00007ffe1beae000 	C:\Users\chill\AppData\Local\Programs\Eclipse Adoptium\jdk-17.0.15.6-hotspot\bin\sunmscapi.dll
0x00007ffe2aea0000 - 0x00007ffe2b017000 	C:\Windows\System32\CRYPT32.dll
0x00007ffe29d40000 - 0x00007ffe29d70000 	C:\Windows\SYSTEM32\ncrypt.dll
0x00007ffe29cf0000 - 0x00007ffe29d2f000 	C:\Windows\SYSTEM32\NTASN1.dll
0x00007ffdb0d60000 - 0x00007ffdb0d68000 	C:\Windows\system32\wshunix.dll

dbghelp: loaded successfully - version: 4.0.5 - missing functions: none
symbol engine: initialized successfully - sym options: 0x614 - pdb path: .;C:\Users\chill\AppData\Local\Programs\Eclipse Adoptium\jdk-17.0.15.6-hotspot\bin;C:\Windows\SYSTEM32;C:\Windows\WinSxS\amd64_microsoft.windows.common-controls_6595b64144ccf1df_6.0.26100.6899_none_3e0efeeae32e88c1;C:\Users\chill\AppData\Local\Programs\Eclipse Adoptium\jdk-17.0.15.6-hotspot\bin\server;C:\Users\chill\.gradle\native\c067742578af261105cb4f569cf0c3c89f3d7b1fecec35dd04571415982c5e48\windows-amd64;C:\Users\chill\.gradle\native\100fb08df4bc3b14c8652ba06237920a3bd2aa13389f12d3474272988ae205f9\windows-amd64

VM Arguments:
jvm_args: --add-opens=java.base/java.util=ALL-UNNAMED --add-opens=java.base/java.lang=ALL-UNNAMED --add-opens=java.base/java.lang.invoke=ALL-UNNAMED --add-opens=java.prefs/java.util.prefs=ALL-UNNAMED --add-opens=java.base/java.nio.charset=ALL-UNNAMED --add-opens=java.base/java.net=ALL-UNNAMED --add-opens=java.base/java.util.concurrent.atomic=ALL-UNNAMED -Xmx3G -Dfile.encoding=windows-1252 -Duser.country=US -Duser.language=en -Duser.variant -javaagent:C:\Users\chill\.gradle\wrapper\dists\gradle-8.8-bin\dl7vupf4psengwqhwktix4v1\gradle-8.8\lib\agents\gradle-instrumentation-agent-8.8.jar 
java_command: org.gradle.launcher.daemon.bootstrap.GradleDaemon 8.8
java_class_path (initial): C:\Users\chill\.gradle\wrapper\dists\gradle-8.8-bin\dl7vupf4psengwqhwktix4v1\gradle-8.8\lib\gradle-launcher-8.8.jar
Launcher Type: SUN_STANDARD

[Global flags]
     intx CICompilerCount                          = 4                                         {product} {ergonomic}
     uint ConcGCThreads                            = 2                                         {product} {ergonomic}
     uint G1ConcRefinementThreads                  = 8                                         {product} {ergonomic}
   size_t G1HeapRegionSize                         = 2097152                                   {product} {ergonomic}
    uintx GCDrainStackTargetSize                   = 64                                        {product} {ergonomic}
   size_t InitialHeapSize                          = 266338304                                 {product} {ergonomic}
   size_t MarkStackSize                            = 4194304                                   {product} {ergonomic}
   size_t MaxHeapSize                              = 3221225472                                {product} {command line}
   size_t MaxNewSize                               = 1931476992                                {product} {ergonomic}
   size_t MinHeapDeltaBytes                        = 2097152                                   {product} {ergonomic}
   size_t MinHeapSize                              = 8388608                                   {product} {ergonomic}
    uintx NonNMethodCodeHeapSize                   = 5839372                                {pd product} {ergonomic}
    uintx NonProfiledCodeHeapSize                  = 122909434                              {pd product} {ergonomic}
    uintx ProfiledCodeHeapSize                     = 122909434                              {pd product} {ergonomic}
    uintx ReservedCodeCacheSize                    = 251658240                              {pd product} {ergonomic}
     bool SegmentedCodeCache                       = true                                      {product} {ergonomic}
   size_t SoftMaxHeapSize                          = 3221225472                             {manageable} {ergonomic}
     bool UseCompressedClassPointers               = true                           {product lp64_product} {ergonomic}
     bool UseCompressedOops                        = true                           {product lp64_product} {ergonomic}
     bool UseG1GC                                  = true                                      {product} {ergonomic}
     bool UseLargePagesIndividualAllocation        = false                                  {pd product} {ergonomic}

Logging:
Log output configuration:
 #0: stdout all=warning uptime,level,tags
 #1: stderr all=off uptime,level,tags

Environment Variables:
JAVA_HOME=C:\Users\chill\AppData\Local\Programs\Eclipse Adoptium\jdk-17.0.15.6-hotspot
CLASSPATH=C:\Users\chill\Downloads\ZooTycoonSimulation\\gradle\wrapper\gradle-wrapper.jar
PATH=C:\Program Files (x86)\VMware\VMware Workstation\bin\;C:\Users\chill\AppData\Local\Programs\Eclipse Adoptium\jdk-17.0.15.6-hotspot\bin;C:\Program Files\Zulu\zulu-23\bin\;C:\Program Files\Common Files\Oracle\Java\javapath;C:\Program Files (x86)\Common Files\Oracle\Java\java8path;C:\Program Files (x86)\Common Files\Oracle\Java\javapath;C:\WINDOWS\system32;C:\WINDOWS;C:\WINDOWS\System32\Wbem;C:\WINDOWS\System32\WindowsPowerShell\v1.0\;C:\WINDOWS\System32\OpenSSH\;C:\Program Files\Intel\WiFi\bin\;C:\Program Files\Common Files\Intel\WirelessCommon\;C:\Program Files\Git\cmd;C:\Program Files\playit_gg\bin\;C:\Users\chill\.config\herd\bin\nvm;C:\Program Files\nodejs;C:\Program Files\nodejs\;C:\Users\chill\Downloads\platform-tools-latest-windows\platform-tools;C:\Windows\system32;C:\Windows;C:\Windows\System32\Wbem;C:\Windows\System32\WindowsPowerShell\v1.0\;C:\Windows\System32\OpenSSH\;C:\Program Files\dotnet\;C:\Users\chill\AppData\Local\Muse Hub\lib;C:\Windows\AtlasModules;C:\Windows\AtlasModules\Tools;C:\Windows\AtlasModules\Scripts;C:\Users\chill\AppData\Local\pnpm;C:\Users\chill\AppData\Local\Programs\Python\Python313\Scripts\;C:\Users\chill\AppData\Local\Programs\Python\Python313\;C:\Users\chill\.config\herd\bin;C:\Users\chill\AppData\Local\Microsoft\WindowsApps;C:\Users\chill\AppData\Local\Programs\Microsoft VS Code Insiders\bin;C:\Users\chill\AppData\Roaming\npm;C:\Users\chill\Downloads\kotlin-compiler-2.1.0\kotlinc\bin;C:\Program Files\kotlin-compiler-2.1.0\kotlinc\bin;C:\Users\chill\AppData\Local\Muse Hub\lib;C:\Users\chill\AppData\Local\Programs\Microsoft VS Code\bin;C:\Users\chill\AppData\Local\Programs\Antigravity\bin
USERNAME=chill
LANG=en_US.UTF-8
OS=Windows_NT
PROCESSOR_IDENTIFIER=Intel64 Family 6 Model 142 Stepping 12, GenuineIntel
TMP=C:\Users\chill\AppData\Local\Temp
TEMP=C:\Users\chill\AppData\Local\Temp



Periodic native trim disabled


---------------  S Y S T E M  ---------------

OS:
 Windows 11 , 64 bit Build 26100 (10.0.26100.6725)
OS uptime: 0 days 6:57 hours

CPU: total 8 (initial active 8) (4 cores per cpu, 2 threads per core) family 6 model 142 stepping 12 microcode 0xf8, cx8, cmov, fxsr, ht, mmx, 3dnowpref, sse, sse2, sse3, ssse3, sse4.1, sse4.2, popcnt, lzcnt, tsc, tscinvbit, avx, avx2, aes, erms, clmul, bmi1, bmi2, adx, fma, vzeroupper, clflush, clflushopt
Processor Information for all 8 processors :
  Max Mhz: 1896, Current Mhz: 798, Mhz Limit: 796

Memory: 4k page, system-wide physical 16131M (4334M free)
TotalPageFile size 16131M (AvailPageFile size 590M)
current process WorkingSet (physical memory assigned to process): 605M, peak: 645M
current process commit charge ("private bytes"): 666M, peak: 1322M

vm_info: OpenJDK 64-Bit Server VM (17.0.15+6) for windows-amd64 JRE (17.0.15+6), built on Apr 15 2025 21:25:47 by "admin" with MS VC++ 17.7 (VS2022)

END.
