#
# There is insufficient memory for the Java Runtime Environment to continue.
# Native memory allocation (malloc) failed to allocate 302320 bytes. Error detail: Chunk::new
# Possible reasons:
#   The system is out of physical RAM or swap space
#   This process is running with CompressedOops enabled, and the Java Heap may be blocking the growth of the native heap
# Possible solutions:
#   Reduce memory load on the system
#   Increase physical memory or swap space
#   Check if swap backing store is full
#   Decrease Java heap size (-Xmx/-Xms)
#   Decrease number of Java threads
#   Decrease Java thread stack sizes (-Xss)
#   Set larger code cache with -XX:ReservedCodeCacheSize=
#   JVM is running with Unscaled Compressed Oops mode in which the Java heap is
#     placed in the first 4GB address space. The Java Heap base address is the
#     maximum limit for the native heap growth. Please use -XX:HeapBaseMinAddress
#     to set the Java Heap base and to place the Java Heap above 4GB virtual address.
# This output file may be truncated or incomplete.
#
#  Out of Memory Error (arena.cpp:191), pid=18188, tid=4136
#
# JRE version: OpenJDK Runtime Environment Temurin-17.0.15+6 (17.0.15+6) (build 17.0.15+6)
# Java VM: OpenJDK 64-Bit Server VM Temurin-17.0.15+6 (17.0.15+6, mixed mode, sharing, tiered, compressed oops, compressed class ptrs, g1 gc, windows-amd64)
# No core dump will be written. Minidumps are not enabled by default on client versions of Windows
#

---------------  S U M M A R Y ------------

Command Line: --add-opens=java.base/java.util=ALL-UNNAMED --add-opens=java.base/java.lang=ALL-UNNAMED --add-opens=java.base/java.lang.invoke=ALL-UNNAMED --add-opens=java.prefs/java.util.prefs=ALL-UNNAMED --add-opens=java.base/java.nio.charset=ALL-UNNAMED --add-opens=java.base/java.net=ALL-UNNAMED --add-opens=java.base/java.util.concurrent.atomic=ALL-UNNAMED -Xmx2G -Dfile.encoding=windows-1252 -Duser.country=US -Duser.language=en -Duser.variant -javaagent:C:\Users\chill\.gradle\wrapper\dists\gradle-8.8-bin\dl7vupf4psengwqhwktix4v1\gradle-8.8\lib\agents\gradle-instrumentation-agent-8.8.jar org.gradle.launcher.daemon.bootstrap.GradleDaemon 8.8

Host: Intel(R) Core(TM) i5-8365U CPU @ 1.60GHz, 8 cores, 15G,  Windows 11 , 64 bit Build 26100 (10.0.26100.6725)
Time: Tue Feb 17 20:30:27 2026 SE Asia Standard Time elapsed time: 18.142817 seconds (0d 0h 0m 18s)

---------------  T H R E A D  ---------------

Current thread (0x000001ed79aeba10):  JavaThread "C2 CompilerThread0" daemon [_thread_in_native, id=4136, stack(0x000000c530400000,0x000000c530500000)]


Current CompileTask:
C2:  18142 2367   !   4       java.net.URLClassLoader::findClass (47 bytes)

Stack: [0x000000c530400000,0x000000c530500000]
Native frames: (J=compiled Java code, j=interpreted, Vv=VM code, C=native code)
V  [jvm.dll+0x682fc9]
V  [jvm.dll+0x839878]
V  [jvm.dll+0x83b323]
V  [jvm.dll+0x83b993]
V  [jvm.dll+0x24725f]
V  [jvm.dll+0xacea4]
V  [jvm.dll+0xad53c]
V  [jvm.dll+0x11de64]
V  [jvm.dll+0x60f682]
V  [jvm.dll+0x6135f7]
V  [jvm.dll+0x2180ce]
V  [jvm.dll+0x21768f]
V  [jvm.dll+0x1a31b0]
V  [jvm.dll+0x227a9c]
V  [jvm.dll+0x225bfb]
V  [jvm.dll+0x7ef018]
V  [jvm.dll+0x7e94dc]
V  [jvm.dll+0x681ea7]
C  [ucrtbase.dll+0x37b0]
C  [KERNEL32.DLL+0x2e8d7]
C  [ntdll.dll+0x8c53c]


---------------  P R O C E S S  ---------------

Threads class SMR info:
_java_thread_list=0x000001ed7ea62a20, length=26, elements={
0x000001ed68164930, 0x000001ed799c28a0, 0x000001ed799c4380, 0x000001ed79ae6650,
0x000001ed79ae8f30, 0x000001ed79ae9800, 0x000001ed79aea0d0, 0x000001ed79aeba10,
0x000001ed79afed00, 0x000001ed79aff610, 0x000001ed79c06e10, 0x000001ed79ce1030,
0x000001ed7f79abb0, 0x000001ed50068090, 0x000001ed7e0a96c0, 0x000001ed7e9d61f0,
0x000001ed7f5fa080, 0x000001ed7e819f50, 0x000001ed7e81a970, 0x000001ed7e81b390,
0x000001ed7e81b8a0, 0x000001ed7e8180f0, 0x000001ed7e819a40, 0x000001ed7e818600,
0x000001ed7e81a460, 0x000001ed506cf640
}

Java Threads: ( => current thread )
  0x000001ed68164930 JavaThread "main" [_thread_blocked, id=20068, stack(0x000000c52f700000,0x000000c52f800000)]
  0x000001ed799c28a0 JavaThread "Reference Handler" daemon [_thread_blocked, id=1864, stack(0x000000c52fe00000,0x000000c52ff00000)]
  0x000001ed799c4380 JavaThread "Finalizer" daemon [_thread_blocked, id=10464, stack(0x000000c52ff00000,0x000000c530000000)]
  0x000001ed79ae6650 JavaThread "Signal Dispatcher" daemon [_thread_blocked, id=19208, stack(0x000000c530000000,0x000000c530100000)]
  0x000001ed79ae8f30 JavaThread "Attach Listener" daemon [_thread_blocked, id=2528, stack(0x000000c530100000,0x000000c530200000)]
  0x000001ed79ae9800 JavaThread "Service Thread" daemon [_thread_blocked, id=8216, stack(0x000000c530200000,0x000000c530300000)]
  0x000001ed79aea0d0 JavaThread "Monitor Deflation Thread" daemon [_thread_blocked, id=12888, stack(0x000000c530300000,0x000000c530400000)]
=>0x000001ed79aeba10 JavaThread "C2 CompilerThread0" daemon [_thread_in_native, id=4136, stack(0x000000c530400000,0x000000c530500000)]
  0x000001ed79afed00 JavaThread "C1 CompilerThread0" daemon [_thread_blocked, id=6404, stack(0x000000c530500000,0x000000c530600000)]
  0x000001ed79aff610 JavaThread "Sweeper thread" daemon [_thread_blocked, id=5384, stack(0x000000c530600000,0x000000c530700000)]
  0x000001ed79c06e10 JavaThread "Common-Cleaner" daemon [_thread_blocked, id=11436, stack(0x000000c530700000,0x000000c530800000)]
  0x000001ed79ce1030 JavaThread "Notification Thread" daemon [_thread_blocked, id=9648, stack(0x000000c530900000,0x000000c530a00000)]
  0x000001ed7f79abb0 JavaThread "Daemon health stats" [_thread_blocked, id=22524, stack(0x000000c531000000,0x000000c531100000)]
  0x000001ed50068090 JavaThread "Incoming local TCP Connector on port 52273" [_thread_in_native, id=20192, stack(0x000000c530800000,0x000000c530900000)]
  0x000001ed7e0a96c0 JavaThread "Daemon periodic checks" [_thread_blocked, id=22184, stack(0x000000c531100000,0x000000c531200000)]
  0x000001ed7e9d61f0 JavaThread "Daemon" [_thread_blocked, id=22292, stack(0x000000c531200000,0x000000c531300000)]
  0x000001ed7f5fa080 JavaThread "Handler for socket connection from /127.0.0.1:52273 to /127.0.0.1:56348" [_thread_in_native, id=1512, stack(0x000000c531300000,0x000000c531400000)]
  0x000001ed7e819f50 JavaThread "Cancel handler" [_thread_blocked, id=22256, stack(0x000000c531400000,0x000000c531500000)]
  0x000001ed7e81a970 JavaThread "Daemon worker" [_thread_in_Java, id=19444, stack(0x000000c531500000,0x000000c531600000)]
  0x000001ed7e81b390 JavaThread "Asynchronous log dispatcher for DefaultDaemonConnection: socket connection from /127.0.0.1:52273 to /127.0.0.1:56348" [_thread_blocked, id=11032, stack(0x000000c531600000,0x000000c531700000)]
  0x000001ed7e81b8a0 JavaThread "Stdin handler" [_thread_blocked, id=23488, stack(0x000000c531700000,0x000000c531800000)]
  0x000001ed7e8180f0 JavaThread "Daemon client event forwarder" [_thread_blocked, id=11900, stack(0x000000c531800000,0x000000c531900000)]
  0x000001ed7e819a40 JavaThread "Cache worker for journal cache (C:\Users\chill\.gradle\caches\journal-1)" [_thread_blocked, id=11972, stack(0x000000c531900000,0x000000c531a00000)]
  0x000001ed7e818600 JavaThread "File lock request listener" [_thread_in_native, id=12260, stack(0x000000c531a00000,0x000000c531b00000)]
  0x000001ed7e81a460 JavaThread "Cache worker for file hash cache (C:\Users\chill\.gradle\caches\8.8\fileHashes)" [_thread_blocked, id=18616, stack(0x000000c531b00000,0x000000c531c00000)]
  0x000001ed506cf640 JavaThread "C2 CompilerThread1" daemon [_thread_in_native, id=10428, stack(0x000000c531c00000,0x000000c531d00000)]

Other Threads:
  0x000001ed799bd7a0 VMThread "VM Thread" [stack: 0x000000c52fd00000,0x000000c52fe00000] [id=11472]
  0x000001ed79cbcbe0 WatcherThread [stack: 0x000000c530a00000,0x000000c530b00000] [id=17740]
  0x000001ed6a52adb0 GCTaskThread "GC Thread#0" [stack: 0x000000c52f800000,0x000000c52f900000] [id=11308]
  0x000001ed7e4c7fb0 GCTaskThread "GC Thread#1" [stack: 0x000000c530b00000,0x000000c530c00000] [id=11068]
  0x000001ed7e4c8270 GCTaskThread "GC Thread#2" [stack: 0x000000c530c00000,0x000000c530d00000] [id=21028]
  0x000001ed7e4c8530 GCTaskThread "GC Thread#3" [stack: 0x000000c530d00000,0x000000c530e00000] [id=2648]
  0x000001ed7e4f4180 GCTaskThread "GC Thread#4" [stack: 0x000000c530e00000,0x000000c530f00000] [id=9996]
  0x000001ed7e4f4850 GCTaskThread "GC Thread#5" [stack: 0x000000c530f00000,0x000000c531000000] [id=2904]
  0x000001ed6a53d8f0 ConcurrentGCThread "G1 Main Marker" [stack: 0x000000c52f900000,0x000000c52fa00000] [id=16608]
  0x000001ed6a53e9c0 ConcurrentGCThread "G1 Conc#0" [stack: 0x000000c52fa00000,0x000000c52fb00000] [id=18496]
  0x000001ed6a57d810 ConcurrentGCThread "G1 Refine#0" [stack: 0x000000c52fb00000,0x000000c52fc00000] [id=22416]
  0x000001ed6a57dff0 ConcurrentGCThread "G1 Service" [stack: 0x000000c52fc00000,0x000000c52fd00000] [id=11952]

Threads with active compile tasks:
C2 CompilerThread0    18192 2367   !   4       java.net.URLClassLoader::findClass (47 bytes)
C2 CompilerThread1    18192 2370   !   4       java.lang.ClassLoader::loadClass (121 bytes)

VM state: not at safepoint (normal execution)

VM Mutex/Monitor currently owned by a thread: None

Heap address: 0x0000000080000000, size: 2048 MB, Compressed Oops mode: 32-bit

CDS archive(s) mapped at: [0x000001ed0f000000-0x000001ed0fbb0000-0x000001ed0fbb0000), size 12255232, SharedBaseAddress: 0x000001ed0f000000, ArchiveRelocationMode: 1.
Compressed class space mapped at: 0x000001ed10000000-0x000001ed50000000, reserved size: 1073741824
Narrow klass base: 0x000001ed0f000000, Narrow klass shift: 0, Narrow klass range: 0x100000000

GC Precious Log:
 CPUs: 8 total, 8 available
 Memory: 16131M
 Large Page Support: Disabled
 NUMA Support: Disabled
 Compressed Oops: Enabled (32-bit)
 Heap Region Size: 1M
 Heap Min Capacity: 8M
 Heap Initial Capacity: 254M
 Heap Max Capacity: 2G
 Pre-touch: Disabled
 Parallel Workers: 8
 Concurrent Workers: 2
 Concurrent Refinement Workers: 8
 Periodic GC: Disabled

Heap:
 garbage-first heap   total 260096K, used 107254K [0x0000000080000000, 0x0000000100000000)
  region size 1024K, 94 young (96256K), 2 survivors (2048K)
 Metaspace       used 16584K, committed 16896K, reserved 1114112K
  class space    used 2345K, committed 2496K, reserved 1048576K

Heap Regions: E=young(eden), S=young(survivor), O=old, HS=humongous(starts), HC=humongous(continues), CS=collection set, F=free, OA=open archive, CA=closed archive, TAMS=top-at-mark-start (previous, next)
|   0|0x0000000080000000, 0x0000000080100000, 0x0000000080100000|100%|HS|  |TAMS 0x0000000080000000, 0x0000000080000000| Complete 
|   1|0x0000000080100000, 0x0000000080200000, 0x0000000080200000|100%|HC|  |TAMS 0x0000000080100000, 0x0000000080100000| Complete 
|   2|0x0000000080200000, 0x0000000080300000, 0x0000000080300000|100%|HC|  |TAMS 0x0000000080200000, 0x0000000080200000| Complete 
|   3|0x0000000080300000, 0x0000000080400000, 0x0000000080400000|100%|HC|  |TAMS 0x0000000080300000, 0x0000000080300000| Complete 
|   4|0x0000000080400000, 0x0000000080500000, 0x0000000080500000|100%| O|  |TAMS 0x0000000080400000, 0x0000000080400000| Untracked 
|   5|0x0000000080500000, 0x0000000080600000, 0x0000000080600000|100%| O|  |TAMS 0x0000000080500000, 0x0000000080500000| Untracked 
|   6|0x0000000080600000, 0x0000000080700000, 0x0000000080700000|100%| O|  |TAMS 0x0000000080600000, 0x0000000080600000| Untracked 
|   7|0x0000000080700000, 0x0000000080800000, 0x0000000080800000|100%| O|  |TAMS 0x0000000080700000, 0x0000000080700000| Untracked 
|   8|0x0000000080800000, 0x0000000080900000, 0x0000000080900000|100%| O|  |TAMS 0x0000000080800000, 0x0000000080800000| Untracked 
|   9|0x0000000080900000, 0x0000000080a00000, 0x0000000080a00000|100%| O|  |TAMS 0x0000000080900000, 0x0000000080900000| Untracked 
|  10|0x0000000080a00000, 0x0000000080a91c00, 0x0000000080b00000| 56%| O|  |TAMS 0x0000000080a00000, 0x0000000080a00000| Untracked 
|  11|0x0000000080b00000, 0x0000000080c00000, 0x0000000080c00000|100%|HS|  |TAMS 0x0000000080b00000, 0x0000000080b00000| Complete 
|  12|0x0000000080c00000, 0x0000000080d00000, 0x0000000080d00000|100%|HS|  |TAMS 0x0000000080c00000, 0x0000000080c00000| Complete 
|  13|0x0000000080d00000, 0x0000000080d00000, 0x0000000080e00000|  0%| F|  |TAMS 0x0000000080d00000, 0x0000000080d00000| Untracked 
|  14|0x0000000080e00000, 0x0000000080e00000, 0x0000000080f00000|  0%| F|  |TAMS 0x0000000080e00000, 0x0000000080e00000| Untracked 
|  15|0x0000000080f00000, 0x0000000080f00000, 0x0000000081000000|  0%| F|  |TAMS 0x0000000080f00000, 0x0000000080f00000| Untracked 
|  16|0x0000000081000000, 0x0000000081000000, 0x0000000081100000|  0%| F|  |TAMS 0x0000000081000000, 0x0000000081000000| Untracked 
|  17|0x0000000081100000, 0x0000000081100000, 0x0000000081200000|  0%| F|  |TAMS 0x0000000081100000, 0x0000000081100000| Untracked 
|  18|0x0000000081200000, 0x0000000081200000, 0x0000000081300000|  0%| F|  |TAMS 0x0000000081200000, 0x0000000081200000| Untracked 
|  19|0x0000000081300000, 0x0000000081300000, 0x0000000081400000|  0%| F|  |TAMS 0x0000000081300000, 0x0000000081300000| Untracked 
|  20|0x0000000081400000, 0x0000000081400000, 0x0000000081500000|  0%| F|  |TAMS 0x0000000081400000, 0x0000000081400000| Untracked 
|  21|0x0000000081500000, 0x0000000081500000, 0x0000000081600000|  0%| F|  |TAMS 0x0000000081500000, 0x0000000081500000| Untracked 
|  22|0x0000000081600000, 0x0000000081600000, 0x0000000081700000|  0%| F|  |TAMS 0x0000000081600000, 0x0000000081600000| Untracked 
|  23|0x0000000081700000, 0x0000000081700000, 0x0000000081800000|  0%| F|  |TAMS 0x0000000081700000, 0x0000000081700000| Untracked 
|  24|0x0000000081800000, 0x0000000081800000, 0x0000000081900000|  0%| F|  |TAMS 0x0000000081800000, 0x0000000081800000| Untracked 
|  25|0x0000000081900000, 0x0000000081900000, 0x0000000081a00000|  0%| F|  |TAMS 0x0000000081900000, 0x0000000081900000| Untracked 
|  26|0x0000000081a00000, 0x0000000081a00000, 0x0000000081b00000|  0%| F|  |TAMS 0x0000000081a00000, 0x0000000081a00000| Untracked 
|  27|0x0000000081b00000, 0x0000000081b00000, 0x0000000081c00000|  0%| F|  |TAMS 0x0000000081b00000, 0x0000000081b00000| Untracked 
|  28|0x0000000081c00000, 0x0000000081c00000, 0x0000000081d00000|  0%| F|  |TAMS 0x0000000081c00000, 0x0000000081c00000| Untracked 
|  29|0x0000000081d00000, 0x0000000081d00000, 0x0000000081e00000|  0%| F|  |TAMS 0x0000000081d00000, 0x0000000081d00000| Untracked 
|  30|0x0000000081e00000, 0x0000000081e00000, 0x0000000081f00000|  0%| F|  |TAMS 0x0000000081e00000, 0x0000000081e00000| Untracked 
|  31|0x0000000081f00000, 0x0000000081f00000, 0x0000000082000000|  0%| F|  |TAMS 0x0000000081f00000, 0x0000000081f00000| Untracked 
|  32|0x0000000082000000, 0x0000000082000000, 0x0000000082100000|  0%| F|  |TAMS 0x0000000082000000, 0x0000000082000000| Untracked 
|  33|0x0000000082100000, 0x0000000082100000, 0x0000000082200000|  0%| F|  |TAMS 0x0000000082100000, 0x0000000082100000| Untracked 
|  34|0x0000000082200000, 0x0000000082200000, 0x0000000082300000|  0%| F|  |TAMS 0x0000000082200000, 0x0000000082200000| Untracked 
|  35|0x0000000082300000, 0x0000000082300000, 0x0000000082400000|  0%| F|  |TAMS 0x0000000082300000, 0x0000000082300000| Untracked 
|  36|0x0000000082400000, 0x0000000082400000, 0x0000000082500000|  0%| F|  |TAMS 0x0000000082400000, 0x0000000082400000| Untracked 
|  37|0x0000000082500000, 0x0000000082500000, 0x0000000082600000|  0%| F|  |TAMS 0x0000000082500000, 0x0000000082500000| Untracked 
|  38|0x0000000082600000, 0x0000000082600000, 0x0000000082700000|  0%| F|  |TAMS 0x0000000082600000, 0x0000000082600000| Untracked 
|  39|0x0000000082700000, 0x0000000082700000, 0x0000000082800000|  0%| F|  |TAMS 0x0000000082700000, 0x0000000082700000| Untracked 
|  40|0x0000000082800000, 0x0000000082800000, 0x0000000082900000|  0%| F|  |TAMS 0x0000000082800000, 0x0000000082800000| Untracked 
|  41|0x0000000082900000, 0x0000000082900000, 0x0000000082a00000|  0%| F|  |TAMS 0x0000000082900000, 0x0000000082900000| Untracked 
|  42|0x0000000082a00000, 0x0000000082a00000, 0x0000000082b00000|  0%| F|  |TAMS 0x0000000082a00000, 0x0000000082a00000| Untracked 
|  43|0x0000000082b00000, 0x0000000082b00000, 0x0000000082c00000|  0%| F|  |TAMS 0x0000000082b00000, 0x0000000082b00000| Untracked 
|  44|0x0000000082c00000, 0x0000000082c00000, 0x0000000082d00000|  0%| F|  |TAMS 0x0000000082c00000, 0x0000000082c00000| Untracked 
|  45|0x0000000082d00000, 0x0000000082d00000, 0x0000000082e00000|  0%| F|  |TAMS 0x0000000082d00000, 0x0000000082d00000| Untracked 
|  46|0x0000000082e00000, 0x0000000082e00000, 0x0000000082f00000|  0%| F|  |TAMS 0x0000000082e00000, 0x0000000082e00000| Untracked 
|  47|0x0000000082f00000, 0x0000000082f00000, 0x0000000083000000|  0%| F|  |TAMS 0x0000000082f00000, 0x0000000082f00000| Untracked 
|  48|0x0000000083000000, 0x0000000083000000, 0x0000000083100000|  0%| F|  |TAMS 0x0000000083000000, 0x0000000083000000| Untracked 
|  49|0x0000000083100000, 0x0000000083100000, 0x0000000083200000|  0%| F|  |TAMS 0x0000000083100000, 0x0000000083100000| Untracked 
|  50|0x0000000083200000, 0x0000000083200000, 0x0000000083300000|  0%| F|  |TAMS 0x0000000083200000, 0x0000000083200000| Untracked 
|  51|0x0000000083300000, 0x0000000083300000, 0x0000000083400000|  0%| F|  |TAMS 0x0000000083300000, 0x0000000083300000| Untracked 
|  52|0x0000000083400000, 0x0000000083400000, 0x0000000083500000|  0%| F|  |TAMS 0x0000000083400000, 0x0000000083400000| Untracked 
|  53|0x0000000083500000, 0x0000000083500000, 0x0000000083600000|  0%| F|  |TAMS 0x0000000083500000, 0x0000000083500000| Untracked 
|  54|0x0000000083600000, 0x0000000083600000, 0x0000000083700000|  0%| F|  |TAMS 0x0000000083600000, 0x0000000083600000| Untracked 
|  55|0x0000000083700000, 0x0000000083700000, 0x0000000083800000|  0%| F|  |TAMS 0x0000000083700000, 0x0000000083700000| Untracked 
|  56|0x0000000083800000, 0x0000000083800000, 0x0000000083900000|  0%| F|  |TAMS 0x0000000083800000, 0x0000000083800000| Untracked 
|  57|0x0000000083900000, 0x0000000083900000, 0x0000000083a00000|  0%| F|  |TAMS 0x0000000083900000, 0x0000000083900000| Untracked 
|  58|0x0000000083a00000, 0x0000000083a00000, 0x0000000083b00000|  0%| F|  |TAMS 0x0000000083a00000, 0x0000000083a00000| Untracked 
|  59|0x0000000083b00000, 0x0000000083b00000, 0x0000000083c00000|  0%| F|  |TAMS 0x0000000083b00000, 0x0000000083b00000| Untracked 
|  60|0x0000000083c00000, 0x0000000083c00000, 0x0000000083d00000|  0%| F|  |TAMS 0x0000000083c00000, 0x0000000083c00000| Untracked 
|  61|0x0000000083d00000, 0x0000000083d00000, 0x0000000083e00000|  0%| F|  |TAMS 0x0000000083d00000, 0x0000000083d00000| Untracked 
|  62|0x0000000083e00000, 0x0000000083e00000, 0x0000000083f00000|  0%| F|  |TAMS 0x0000000083e00000, 0x0000000083e00000| Untracked 
|  63|0x0000000083f00000, 0x0000000083f00000, 0x0000000084000000|  0%| F|  |TAMS 0x0000000083f00000, 0x0000000083f00000| Untracked 
|  64|0x0000000084000000, 0x0000000084000000, 0x0000000084100000|  0%| F|  |TAMS 0x0000000084000000, 0x0000000084000000| Untracked 
|  65|0x0000000084100000, 0x0000000084100000, 0x0000000084200000|  0%| F|  |TAMS 0x0000000084100000, 0x0000000084100000| Untracked 
|  66|0x0000000084200000, 0x0000000084200000, 0x0000000084300000|  0%| F|  |TAMS 0x0000000084200000, 0x0000000084200000| Untracked 
|  67|0x0000000084300000, 0x0000000084300000, 0x0000000084400000|  0%| F|  |TAMS 0x0000000084300000, 0x0000000084300000| Untracked 
|  68|0x0000000084400000, 0x0000000084400000, 0x0000000084500000|  0%| F|  |TAMS 0x0000000084400000, 0x0000000084400000| Untracked 
|  69|0x0000000084500000, 0x0000000084500000, 0x0000000084600000|  0%| F|  |TAMS 0x0000000084500000, 0x0000000084500000| Untracked 
|  70|0x0000000084600000, 0x0000000084600000, 0x0000000084700000|  0%| F|  |TAMS 0x0000000084600000, 0x0000000084600000| Untracked 
|  71|0x0000000084700000, 0x0000000084700000, 0x0000000084800000|  0%| F|  |TAMS 0x0000000084700000, 0x0000000084700000| Untracked 
|  72|0x0000000084800000, 0x0000000084800000, 0x0000000084900000|  0%| F|  |TAMS 0x0000000084800000, 0x0000000084800000| Untracked 
|  73|0x0000000084900000, 0x0000000084900000, 0x0000000084a00000|  0%| F|  |TAMS 0x0000000084900000, 0x0000000084900000| Untracked 
|  74|0x0000000084a00000, 0x0000000084a00000, 0x0000000084b00000|  0%| F|  |TAMS 0x0000000084a00000, 0x0000000084a00000| Untracked 
|  75|0x0000000084b00000, 0x0000000084b00000, 0x0000000084c00000|  0%| F|  |TAMS 0x0000000084b00000, 0x0000000084b00000| Untracked 
|  76|0x0000000084c00000, 0x0000000084c00000, 0x0000000084d00000|  0%| F|  |TAMS 0x0000000084c00000, 0x0000000084c00000| Untracked 
|  77|0x0000000084d00000, 0x0000000084d00000, 0x0000000084e00000|  0%| F|  |TAMS 0x0000000084d00000, 0x0000000084d00000| Untracked 
|  78|0x0000000084e00000, 0x0000000084e00000, 0x0000000084f00000|  0%| F|  |TAMS 0x0000000084e00000, 0x0000000084e00000| Untracked 
|  79|0x0000000084f00000, 0x0000000084f00000, 0x0000000085000000|  0%| F|  |TAMS 0x0000000084f00000, 0x0000000084f00000| Untracked 
|  80|0x0000000085000000, 0x0000000085000000, 0x0000000085100000|  0%| F|  |TAMS 0x0000000085000000, 0x0000000085000000| Untracked 
|  81|0x0000000085100000, 0x0000000085100000, 0x0000000085200000|  0%| F|  |TAMS 0x0000000085100000, 0x0000000085100000| Untracked 
|  82|0x0000000085200000, 0x0000000085200000, 0x0000000085300000|  0%| F|  |TAMS 0x0000000085200000, 0x0000000085200000| Untracked 
|  83|0x0000000085300000, 0x0000000085300000, 0x0000000085400000|  0%| F|  |TAMS 0x0000000085300000, 0x0000000085300000| Untracked 
|  84|0x0000000085400000, 0x0000000085400000, 0x0000000085500000|  0%| F|  |TAMS 0x0000000085400000, 0x0000000085400000| Untracked 
|  85|0x0000000085500000, 0x0000000085500000, 0x0000000085600000|  0%| F|  |TAMS 0x0000000085500000, 0x0000000085500000| Untracked 
|  86|0x0000000085600000, 0x0000000085600000, 0x0000000085700000|  0%| F|  |TAMS 0x0000000085600000, 0x0000000085600000| Untracked 
|  87|0x0000000085700000, 0x0000000085700000, 0x0000000085800000|  0%| F|  |TAMS 0x0000000085700000, 0x0000000085700000| Untracked 
|  88|0x0000000085800000, 0x0000000085800000, 0x0000000085900000|  0%| F|  |TAMS 0x0000000085800000, 0x0000000085800000| Untracked 
|  89|0x0000000085900000, 0x0000000085900000, 0x0000000085a00000|  0%| F|  |TAMS 0x0000000085900000, 0x0000000085900000| Untracked 
|  90|0x0000000085a00000, 0x0000000085a00000, 0x0000000085b00000|  0%| F|  |TAMS 0x0000000085a00000, 0x0000000085a00000| Untracked 
|  91|0x0000000085b00000, 0x0000000085b00000, 0x0000000085c00000|  0%| F|  |TAMS 0x0000000085b00000, 0x0000000085b00000| Untracked 
|  92|0x0000000085c00000, 0x0000000085c00000, 0x0000000085d00000|  0%| F|  |TAMS 0x0000000085c00000, 0x0000000085c00000| Untracked 
|  93|0x0000000085d00000, 0x0000000085d00000, 0x0000000085e00000|  0%| F|  |TAMS 0x0000000085d00000, 0x0000000085d00000| Untracked 
|  94|0x0000000085e00000, 0x0000000085e00000, 0x0000000085f00000|  0%| F|  |TAMS 0x0000000085e00000, 0x0000000085e00000| Untracked 
|  95|0x0000000085f00000, 0x0000000085f00000, 0x0000000086000000|  0%| F|  |TAMS 0x0000000085f00000, 0x0000000085f00000| Untracked 
|  96|0x0000000086000000, 0x0000000086000000, 0x0000000086100000|  0%| F|  |TAMS 0x0000000086000000, 0x0000000086000000| Untracked 
|  97|0x0000000086100000, 0x0000000086100000, 0x0000000086200000|  0%| F|  |TAMS 0x0000000086100000, 0x0000000086100000| Untracked 
|  98|0x0000000086200000, 0x0000000086200000, 0x0000000086300000|  0%| F|  |TAMS 0x0000000086200000, 0x0000000086200000| Untracked 
|  99|0x0000000086300000, 0x0000000086300000, 0x0000000086400000|  0%| F|  |TAMS 0x0000000086300000, 0x0000000086300000| Untracked 
| 100|0x0000000086400000, 0x0000000086400000, 0x0000000086500000|  0%| F|  |TAMS 0x0000000086400000, 0x0000000086400000| Untracked 
| 101|0x0000000086500000, 0x0000000086500000, 0x0000000086600000|  0%| F|  |TAMS 0x0000000086500000, 0x0000000086500000| Untracked 
| 102|0x0000000086600000, 0x0000000086600000, 0x0000000086700000|  0%| F|  |TAMS 0x0000000086600000, 0x0000000086600000| Untracked 
| 103|0x0000000086700000, 0x0000000086700000, 0x0000000086800000|  0%| F|  |TAMS 0x0000000086700000, 0x0000000086700000| Untracked 
| 104|0x0000000086800000, 0x0000000086800000, 0x0000000086900000|  0%| F|  |TAMS 0x0000000086800000, 0x0000000086800000| Untracked 
| 105|0x0000000086900000, 0x0000000086900000, 0x0000000086a00000|  0%| F|  |TAMS 0x0000000086900000, 0x0000000086900000| Untracked 
| 106|0x0000000086a00000, 0x0000000086a00000, 0x0000000086b00000|  0%| F|  |TAMS 0x0000000086a00000, 0x0000000086a00000| Untracked 
| 107|0x0000000086b00000, 0x0000000086b00000, 0x0000000086c00000|  0%| F|  |TAMS 0x0000000086b00000, 0x0000000086b00000| Untracked 
| 108|0x0000000086c00000, 0x0000000086c00000, 0x0000000086d00000|  0%| F|  |TAMS 0x0000000086c00000, 0x0000000086c00000| Untracked 
| 109|0x0000000086d00000, 0x0000000086d00000, 0x0000000086e00000|  0%| F|  |TAMS 0x0000000086d00000, 0x0000000086d00000| Untracked 
| 110|0x0000000086e00000, 0x0000000086e00000, 0x0000000086f00000|  0%| F|  |TAMS 0x0000000086e00000, 0x0000000086e00000| Untracked 
| 111|0x0000000086f00000, 0x0000000086f00000, 0x0000000087000000|  0%| F|  |TAMS 0x0000000086f00000, 0x0000000086f00000| Untracked 
| 112|0x0000000087000000, 0x0000000087000000, 0x0000000087100000|  0%| F|  |TAMS 0x0000000087000000, 0x0000000087000000| Untracked 
| 113|0x0000000087100000, 0x0000000087100000, 0x0000000087200000|  0%| F|  |TAMS 0x0000000087100000, 0x0000000087100000| Untracked 
| 114|0x0000000087200000, 0x0000000087200000, 0x0000000087300000|  0%| F|  |TAMS 0x0000000087200000, 0x0000000087200000| Untracked 
| 115|0x0000000087300000, 0x0000000087300000, 0x0000000087400000|  0%| F|  |TAMS 0x0000000087300000, 0x0000000087300000| Untracked 
| 116|0x0000000087400000, 0x0000000087400000, 0x0000000087500000|  0%| F|  |TAMS 0x0000000087400000, 0x0000000087400000| Untracked 
| 117|0x0000000087500000, 0x0000000087500000, 0x0000000087600000|  0%| F|  |TAMS 0x0000000087500000, 0x0000000087500000| Untracked 
| 118|0x0000000087600000, 0x0000000087600000, 0x0000000087700000|  0%| F|  |TAMS 0x0000000087600000, 0x0000000087600000| Untracked 
| 119|0x0000000087700000, 0x0000000087700000, 0x0000000087800000|  0%| F|  |TAMS 0x0000000087700000, 0x0000000087700000| Untracked 
| 120|0x0000000087800000, 0x0000000087800000, 0x0000000087900000|  0%| F|  |TAMS 0x0000000087800000, 0x0000000087800000| Untracked 
| 121|0x0000000087900000, 0x0000000087900000, 0x0000000087a00000|  0%| F|  |TAMS 0x0000000087900000, 0x0000000087900000| Untracked 
| 122|0x0000000087a00000, 0x0000000087a00000, 0x0000000087b00000|  0%| F|  |TAMS 0x0000000087a00000, 0x0000000087a00000| Untracked 
| 123|0x0000000087b00000, 0x0000000087b00000, 0x0000000087c00000|  0%| F|  |TAMS 0x0000000087b00000, 0x0000000087b00000| Untracked 
| 124|0x0000000087c00000, 0x0000000087c00000, 0x0000000087d00000|  0%| F|  |TAMS 0x0000000087c00000, 0x0000000087c00000| Untracked 
| 125|0x0000000087d00000, 0x0000000087d00000, 0x0000000087e00000|  0%| F|  |TAMS 0x0000000087d00000, 0x0000000087d00000| Untracked 
| 126|0x0000000087e00000, 0x0000000087e00000, 0x0000000087f00000|  0%| F|  |TAMS 0x0000000087e00000, 0x0000000087e00000| Untracked 
| 127|0x0000000087f00000, 0x0000000087f00000, 0x0000000088000000|  0%| F|  |TAMS 0x0000000087f00000, 0x0000000087f00000| Untracked 
| 128|0x0000000088000000, 0x0000000088000000, 0x0000000088100000|  0%| F|  |TAMS 0x0000000088000000, 0x0000000088000000| Untracked 
| 129|0x0000000088100000, 0x0000000088100000, 0x0000000088200000|  0%| F|  |TAMS 0x0000000088100000, 0x0000000088100000| Untracked 
| 130|0x0000000088200000, 0x0000000088200000, 0x0000000088300000|  0%| F|  |TAMS 0x0000000088200000, 0x0000000088200000| Untracked 
| 131|0x0000000088300000, 0x0000000088300000, 0x0000000088400000|  0%| F|  |TAMS 0x0000000088300000, 0x0000000088300000| Untracked 
| 132|0x0000000088400000, 0x0000000088400000, 0x0000000088500000|  0%| F|  |TAMS 0x0000000088400000, 0x0000000088400000| Untracked 
| 133|0x0000000088500000, 0x0000000088500000, 0x0000000088600000|  0%| F|  |TAMS 0x0000000088500000, 0x0000000088500000| Untracked 
| 134|0x0000000088600000, 0x0000000088600000, 0x0000000088700000|  0%| F|  |TAMS 0x0000000088600000, 0x0000000088600000| Untracked 
| 135|0x0000000088700000, 0x0000000088700000, 0x0000000088800000|  0%| F|  |TAMS 0x0000000088700000, 0x0000000088700000| Untracked 
| 136|0x0000000088800000, 0x0000000088800000, 0x0000000088900000|  0%| F|  |TAMS 0x0000000088800000, 0x0000000088800000| Untracked 
| 137|0x0000000088900000, 0x0000000088900000, 0x0000000088a00000|  0%| F|  |TAMS 0x0000000088900000, 0x0000000088900000| Untracked 
| 138|0x0000000088a00000, 0x0000000088a00000, 0x0000000088b00000|  0%| F|  |TAMS 0x0000000088a00000, 0x0000000088a00000| Untracked 
| 139|0x0000000088b00000, 0x0000000088b00000, 0x0000000088c00000|  0%| F|  |TAMS 0x0000000088b00000, 0x0000000088b00000| Untracked 
| 140|0x0000000088c00000, 0x0000000088c00000, 0x0000000088d00000|  0%| F|  |TAMS 0x0000000088c00000, 0x0000000088c00000| Untracked 
| 141|0x0000000088d00000, 0x0000000088d00000, 0x0000000088e00000|  0%| F|  |TAMS 0x0000000088d00000, 0x0000000088d00000| Untracked 
| 142|0x0000000088e00000, 0x0000000088e00000, 0x0000000088f00000|  0%| F|  |TAMS 0x0000000088e00000, 0x0000000088e00000| Untracked 
| 143|0x0000000088f00000, 0x0000000088f00000, 0x0000000089000000|  0%| F|  |TAMS 0x0000000088f00000, 0x0000000088f00000| Untracked 
| 144|0x0000000089000000, 0x0000000089000000, 0x0000000089100000|  0%| F|  |TAMS 0x0000000089000000, 0x0000000089000000| Untracked 
| 145|0x0000000089100000, 0x0000000089100000, 0x0000000089200000|  0%| F|  |TAMS 0x0000000089100000, 0x0000000089100000| Untracked 
| 146|0x0000000089200000, 0x0000000089200000, 0x0000000089300000|  0%| F|  |TAMS 0x0000000089200000, 0x0000000089200000| Untracked 
| 147|0x0000000089300000, 0x0000000089300000, 0x0000000089400000|  0%| F|  |TAMS 0x0000000089300000, 0x0000000089300000| Untracked 
| 148|0x0000000089400000, 0x0000000089400000, 0x0000000089500000|  0%| F|  |TAMS 0x0000000089400000, 0x0000000089400000| Untracked 
| 149|0x0000000089500000, 0x0000000089500000, 0x0000000089600000|  0%| F|  |TAMS 0x0000000089500000, 0x0000000089500000| Untracked 
| 150|0x0000000089600000, 0x0000000089600000, 0x0000000089700000|  0%| F|  |TAMS 0x0000000089600000, 0x0000000089600000| Untracked 
| 151|0x0000000089700000, 0x0000000089700000, 0x0000000089800000|  0%| F|  |TAMS 0x0000000089700000, 0x0000000089700000| Untracked 
| 152|0x0000000089800000, 0x0000000089800000, 0x0000000089900000|  0%| F|  |TAMS 0x0000000089800000, 0x0000000089800000| Untracked 
| 153|0x0000000089900000, 0x0000000089900000, 0x0000000089a00000|  0%| F|  |TAMS 0x0000000089900000, 0x0000000089900000| Untracked 
| 154|0x0000000089a00000, 0x0000000089a00000, 0x0000000089b00000|  0%| F|  |TAMS 0x0000000089a00000, 0x0000000089a00000| Untracked 
| 155|0x0000000089b00000, 0x0000000089b00000, 0x0000000089c00000|  0%| F|  |TAMS 0x0000000089b00000, 0x0000000089b00000| Untracked 
| 156|0x0000000089c00000, 0x0000000089c00000, 0x0000000089d00000|  0%| F|  |TAMS 0x0000000089c00000, 0x0000000089c00000| Untracked 
| 157|0x0000000089d00000, 0x0000000089d00000, 0x0000000089e00000|  0%| F|  |TAMS 0x0000000089d00000, 0x0000000089d00000| Untracked 
| 158|0x0000000089e00000, 0x0000000089e00000, 0x0000000089f00000|  0%| F|  |TAMS 0x0000000089e00000, 0x0000000089e00000| Untracked 
| 159|0x0000000089f00000, 0x0000000089f00000, 0x000000008a000000|  0%| F|  |TAMS 0x0000000089f00000, 0x0000000089f00000| Untracked 
| 160|0x000000008a000000, 0x000000008a080000, 0x000000008a100000| 50%| E|  |TAMS 0x000000008a000000, 0x000000008a000000| Complete 
| 161|0x000000008a100000, 0x000000008a200000, 0x000000008a200000|100%| E|CS|TAMS 0x000000008a100000, 0x000000008a100000| Complete 
| 162|0x000000008a200000, 0x000000008a300000, 0x000000008a300000|100%| E|CS|TAMS 0x000000008a200000, 0x000000008a200000| Complete 
| 163|0x000000008a300000, 0x000000008a400000, 0x000000008a400000|100%| E|CS|TAMS 0x000000008a300000, 0x000000008a300000| Complete 
| 164|0x000000008a400000, 0x000000008a500000, 0x000000008a500000|100%| E|CS|TAMS 0x000000008a400000, 0x000000008a400000| Complete 
| 165|0x000000008a500000, 0x000000008a600000, 0x000000008a600000|100%| E|CS|TAMS 0x000000008a500000, 0x000000008a500000| Complete 
| 166|0x000000008a600000, 0x000000008a700000, 0x000000008a700000|100%| E|CS|TAMS 0x000000008a600000, 0x000000008a600000| Complete 
| 167|0x000000008a700000, 0x000000008a800000, 0x000000008a800000|100%| E|CS|TAMS 0x000000008a700000, 0x000000008a700000| Complete 
| 168|0x000000008a800000, 0x000000008a900000, 0x000000008a900000|100%| E|CS|TAMS 0x000000008a800000, 0x000000008a800000| Complete 
| 169|0x000000008a900000, 0x000000008aa00000, 0x000000008aa00000|100%| E|CS|TAMS 0x000000008a900000, 0x000000008a900000| Complete 
| 170|0x000000008aa00000, 0x000000008ab00000, 0x000000008ab00000|100%| E|CS|TAMS 0x000000008aa00000, 0x000000008aa00000| Complete 
| 171|0x000000008ab00000, 0x000000008ac00000, 0x000000008ac00000|100%| E|CS|TAMS 0x000000008ab00000, 0x000000008ab00000| Complete 
| 172|0x000000008ac00000, 0x000000008ad00000, 0x000000008ad00000|100%| E|CS|TAMS 0x000000008ac00000, 0x000000008ac00000| Complete 
| 173|0x000000008ad00000, 0x000000008ae00000, 0x000000008ae00000|100%| E|CS|TAMS 0x000000008ad00000, 0x000000008ad00000| Complete 
| 174|0x000000008ae00000, 0x000000008af00000, 0x000000008af00000|100%| E|CS|TAMS 0x000000008ae00000, 0x000000008ae00000| Complete 
| 175|0x000000008af00000, 0x000000008b000000, 0x000000008b000000|100%| E|CS|TAMS 0x000000008af00000, 0x000000008af00000| Complete 
| 176|0x000000008b000000, 0x000000008b100000, 0x000000008b100000|100%| E|CS|TAMS 0x000000008b000000, 0x000000008b000000| Complete 
| 177|0x000000008b100000, 0x000000008b200000, 0x000000008b200000|100%| E|CS|TAMS 0x000000008b100000, 0x000000008b100000| Complete 
| 178|0x000000008b200000, 0x000000008b300000, 0x000000008b300000|100%| E|CS|TAMS 0x000000008b200000, 0x000000008b200000| Complete 
| 179|0x000000008b300000, 0x000000008b400000, 0x000000008b400000|100%| E|CS|TAMS 0x000000008b300000, 0x000000008b300000| Complete 
| 180|0x000000008b400000, 0x000000008b500000, 0x000000008b500000|100%| E|CS|TAMS 0x000000008b400000, 0x000000008b400000| Complete 
| 181|0x000000008b500000, 0x000000008b600000, 0x000000008b600000|100%| E|CS|TAMS 0x000000008b500000, 0x000000008b500000| Complete 
| 182|0x000000008b600000, 0x000000008b700000, 0x000000008b700000|100%| E|CS|TAMS 0x000000008b600000, 0x000000008b600000| Complete 
| 183|0x000000008b700000, 0x000000008b800000, 0x000000008b800000|100%| E|CS|TAMS 0x000000008b700000, 0x000000008b700000| Complete 
| 184|0x000000008b800000, 0x000000008b900000, 0x000000008b900000|100%| E|CS|TAMS 0x000000008b800000, 0x000000008b800000| Complete 
| 185|0x000000008b900000, 0x000000008ba00000, 0x000000008ba00000|100%| E|CS|TAMS 0x000000008b900000, 0x000000008b900000| Complete 
| 186|0x000000008ba00000, 0x000000008bb00000, 0x000000008bb00000|100%| E|CS|TAMS 0x000000008ba00000, 0x000000008ba00000| Complete 
| 187|0x000000008bb00000, 0x000000008bc00000, 0x000000008bc00000|100%| E|CS|TAMS 0x000000008bb00000, 0x000000008bb00000| Complete 
| 188|0x000000008bc00000, 0x000000008bd00000, 0x000000008bd00000|100%| E|CS|TAMS 0x000000008bc00000, 0x000000008bc00000| Complete 
| 189|0x000000008bd00000, 0x000000008be00000, 0x000000008be00000|100%| E|CS|TAMS 0x000000008bd00000, 0x000000008bd00000| Complete 
| 190|0x000000008be00000, 0x000000008bf00000, 0x000000008bf00000|100%| E|CS|TAMS 0x000000008be00000, 0x000000008be00000| Complete 
| 191|0x000000008bf00000, 0x000000008c000000, 0x000000008c000000|100%| E|CS|TAMS 0x000000008bf00000, 0x000000008bf00000| Complete 
| 192|0x000000008c000000, 0x000000008c100000, 0x000000008c100000|100%| E|CS|TAMS 0x000000008c000000, 0x000000008c000000| Complete 
| 193|0x000000008c100000, 0x000000008c200000, 0x000000008c200000|100%| E|CS|TAMS 0x000000008c100000, 0x000000008c100000| Complete 
| 194|0x000000008c200000, 0x000000008c300000, 0x000000008c300000|100%| E|CS|TAMS 0x000000008c200000, 0x000000008c200000| Complete 
| 195|0x000000008c300000, 0x000000008c400000, 0x000000008c400000|100%| E|CS|TAMS 0x000000008c300000, 0x000000008c300000| Complete 
| 196|0x000000008c400000, 0x000000008c500000, 0x000000008c500000|100%| E|CS|TAMS 0x000000008c400000, 0x000000008c400000| Complete 
| 197|0x000000008c500000, 0x000000008c600000, 0x000000008c600000|100%| E|CS|TAMS 0x000000008c500000, 0x000000008c500000| Complete 
| 198|0x000000008c600000, 0x000000008c700000, 0x000000008c700000|100%| E|CS|TAMS 0x000000008c600000, 0x000000008c600000| Complete 
| 199|0x000000008c700000, 0x000000008c800000, 0x000000008c800000|100%| E|CS|TAMS 0x000000008c700000, 0x000000008c700000| Complete 
| 200|0x000000008c800000, 0x000000008c900000, 0x000000008c900000|100%| E|CS|TAMS 0x000000008c800000, 0x000000008c800000| Complete 
| 201|0x000000008c900000, 0x000000008ca00000, 0x000000008ca00000|100%| E|CS|TAMS 0x000000008c900000, 0x000000008c900000| Complete 
| 202|0x000000008ca00000, 0x000000008cb00000, 0x000000008cb00000|100%| E|CS|TAMS 0x000000008ca00000, 0x000000008ca00000| Complete 
| 203|0x000000008cb00000, 0x000000008cc00000, 0x000000008cc00000|100%| E|CS|TAMS 0x000000008cb00000, 0x000000008cb00000| Complete 
| 204|0x000000008cc00000, 0x000000008cd00000, 0x000000008cd00000|100%| E|CS|TAMS 0x000000008cc00000, 0x000000008cc00000| Complete 
| 205|0x000000008cd00000, 0x000000008ce00000, 0x000000008ce00000|100%| E|CS|TAMS 0x000000008cd00000, 0x000000008cd00000| Complete 
| 206|0x000000008ce00000, 0x000000008cf00000, 0x000000008cf00000|100%| E|CS|TAMS 0x000000008ce00000, 0x000000008ce00000| Complete 
| 207|0x000000008cf00000, 0x000000008d000000, 0x000000008d000000|100%| E|CS|TAMS 0x000000008cf00000, 0x000000008cf00000| Complete 
| 208|0x000000008d000000, 0x000000008d100000, 0x000000008d100000|100%| E|CS|TAMS 0x000000008d000000, 0x000000008d000000| Complete 
| 209|0x000000008d100000, 0x000000008d200000, 0x000000008d200000|100%| E|CS|TAMS 0x000000008d100000, 0x000000008d100000| Complete 
| 210|0x000000008d200000, 0x000000008d300000, 0x000000008d300000|100%| E|CS|TAMS 0x000000008d200000, 0x000000008d200000| Complete 
| 211|0x000000008d300000, 0x000000008d400000, 0x000000008d400000|100%| E|CS|TAMS 0x000000008d300000, 0x000000008d300000| Complete 
| 212|0x000000008d400000, 0x000000008d500000, 0x000000008d500000|100%| E|CS|TAMS 0x000000008d400000, 0x000000008d400000| Complete 
| 213|0x000000008d500000, 0x000000008d600000, 0x000000008d600000|100%| E|CS|TAMS 0x000000008d500000, 0x000000008d500000| Complete 
| 214|0x000000008d600000, 0x000000008d700000, 0x000000008d700000|100%| E|CS|TAMS 0x000000008d600000, 0x000000008d600000| Complete 
| 215|0x000000008d700000, 0x000000008d800000, 0x000000008d800000|100%| E|CS|TAMS 0x000000008d700000, 0x000000008d700000| Complete 
| 216|0x000000008d800000, 0x000000008d900000, 0x000000008d900000|100%| E|CS|TAMS 0x000000008d800000, 0x000000008d800000| Complete 
| 217|0x000000008d900000, 0x000000008da00000, 0x000000008da00000|100%| E|CS|TAMS 0x000000008d900000, 0x000000008d900000| Complete 
| 218|0x000000008da00000, 0x000000008db00000, 0x000000008db00000|100%| E|CS|TAMS 0x000000008da00000, 0x000000008da00000| Complete 
| 219|0x000000008db00000, 0x000000008dc00000, 0x000000008dc00000|100%| E|CS|TAMS 0x000000008db00000, 0x000000008db00000| Complete 
| 220|0x000000008dc00000, 0x000000008dd00000, 0x000000008dd00000|100%| E|CS|TAMS 0x000000008dc00000, 0x000000008dc00000| Complete 
| 221|0x000000008dd00000, 0x000000008de00000, 0x000000008de00000|100%| E|CS|TAMS 0x000000008dd00000, 0x000000008dd00000| Complete 
| 222|0x000000008de00000, 0x000000008de2bf00, 0x000000008df00000| 17%| S|CS|TAMS 0x000000008de00000, 0x000000008de00000| Complete 
| 223|0x000000008df00000, 0x000000008e000000, 0x000000008e000000|100%| S|CS|TAMS 0x000000008df00000, 0x000000008df00000| Complete 
| 224|0x000000008e000000, 0x000000008e100000, 0x000000008e100000|100%| E|CS|TAMS 0x000000008e000000, 0x000000008e000000| Complete 
| 225|0x000000008e100000, 0x000000008e200000, 0x000000008e200000|100%| E|CS|TAMS 0x000000008e100000, 0x000000008e100000| Complete 
| 226|0x000000008e200000, 0x000000008e300000, 0x000000008e300000|100%| E|CS|TAMS 0x000000008e200000, 0x000000008e200000| Complete 
| 227|0x000000008e300000, 0x000000008e400000, 0x000000008e400000|100%| E|CS|TAMS 0x000000008e300000, 0x000000008e300000| Complete 
| 228|0x000000008e400000, 0x000000008e500000, 0x000000008e500000|100%| E|CS|TAMS 0x000000008e400000, 0x000000008e400000| Complete 
| 229|0x000000008e500000, 0x000000008e600000, 0x000000008e600000|100%| E|CS|TAMS 0x000000008e500000, 0x000000008e500000| Complete 
| 230|0x000000008e600000, 0x000000008e700000, 0x000000008e700000|100%| E|CS|TAMS 0x000000008e600000, 0x000000008e600000| Complete 
| 231|0x000000008e700000, 0x000000008e800000, 0x000000008e800000|100%| E|CS|TAMS 0x000000008e700000, 0x000000008e700000| Complete 
| 232|0x000000008e800000, 0x000000008e900000, 0x000000008e900000|100%| E|CS|TAMS 0x000000008e800000, 0x000000008e800000| Complete 
| 233|0x000000008e900000, 0x000000008ea00000, 0x000000008ea00000|100%| E|CS|TAMS 0x000000008e900000, 0x000000008e900000| Complete 
| 234|0x000000008ea00000, 0x000000008eb00000, 0x000000008eb00000|100%| E|CS|TAMS 0x000000008ea00000, 0x000000008ea00000| Complete 
| 235|0x000000008eb00000, 0x000000008ec00000, 0x000000008ec00000|100%| E|CS|TAMS 0x000000008eb00000, 0x000000008eb00000| Complete 
| 236|0x000000008ec00000, 0x000000008ed00000, 0x000000008ed00000|100%| E|CS|TAMS 0x000000008ec00000, 0x000000008ec00000| Complete 
| 237|0x000000008ed00000, 0x000000008ee00000, 0x000000008ee00000|100%| E|CS|TAMS 0x000000008ed00000, 0x000000008ed00000| Complete 
| 238|0x000000008ee00000, 0x000000008ef00000, 0x000000008ef00000|100%| E|CS|TAMS 0x000000008ee00000, 0x000000008ee00000| Complete 
| 239|0x000000008ef00000, 0x000000008f000000, 0x000000008f000000|100%| E|CS|TAMS 0x000000008ef00000, 0x000000008ef00000| Complete 
| 240|0x000000008f000000, 0x000000008f100000, 0x000000008f100000|100%| E|CS|TAMS 0x000000008f000000, 0x000000008f000000| Complete 
| 241|0x000000008f100000, 0x000000008f200000, 0x000000008f200000|100%| E|CS|TAMS 0x000000008f100000, 0x000000008f100000| Complete 
| 242|0x000000008f200000, 0x000000008f300000, 0x000000008f300000|100%| E|CS|TAMS 0x000000008f200000, 0x000000008f200000| Complete 
| 243|0x000000008f300000, 0x000000008f400000, 0x000000008f400000|100%| E|CS|TAMS 0x000000008f300000, 0x000000008f300000| Complete 
| 244|0x000000008f400000, 0x000000008f500000, 0x000000008f500000|100%| E|CS|TAMS 0x000000008f400000, 0x000000008f400000| Complete 
| 245|0x000000008f500000, 0x000000008f600000, 0x000000008f600000|100%| E|CS|TAMS 0x000000008f500000, 0x000000008f500000| Complete 
| 246|0x000000008f600000, 0x000000008f700000, 0x000000008f700000|100%| E|CS|TAMS 0x000000008f600000, 0x000000008f600000| Complete 
| 247|0x000000008f700000, 0x000000008f800000, 0x000000008f800000|100%| E|CS|TAMS 0x000000008f700000, 0x000000008f700000| Complete 
| 248|0x000000008f800000, 0x000000008f900000, 0x000000008f900000|100%| E|CS|TAMS 0x000000008f800000, 0x000000008f800000| Complete 
| 249|0x000000008f900000, 0x000000008fa00000, 0x000000008fa00000|100%| E|CS|TAMS 0x000000008f900000, 0x000000008f900000| Complete 
| 250|0x000000008fa00000, 0x000000008fb00000, 0x000000008fb00000|100%| E|CS|TAMS 0x000000008fa00000, 0x000000008fa00000| Complete 
| 251|0x000000008fb00000, 0x000000008fc00000, 0x000000008fc00000|100%| E|CS|TAMS 0x000000008fb00000, 0x000000008fb00000| Complete 
| 252|0x000000008fc00000, 0x000000008fd00000, 0x000000008fd00000|100%| E|CS|TAMS 0x000000008fc00000, 0x000000008fc00000| Complete 
| 253|0x000000008fd00000, 0x000000008fe00000, 0x000000008fe00000|100%| E|CS|TAMS 0x000000008fd00000, 0x000000008fd00000| Complete 

Card table byte_map: [0x000001ed72750000,0x000001ed72b50000] _byte_map_base: 0x000001ed72350000

Marking Bits (Prev, Next): (CMBitMap*) 0x000001ed6a52c2f0, (CMBitMap*) 0x000001ed6a52c330
 Prev Bits: [0x000001ed72f50000, 0x000001ed74f50000)
 Next Bits: [0x000001ed74f50000, 0x000001ed76f50000)

Polling page: 0x000001ed683f0000

Metaspace:

Usage:
  Non-class:     13.91 MB used.
      Class:      2.29 MB used.
       Both:     16.21 MB used.

Virtual space:
  Non-class space:       64.00 MB reserved,      14.06 MB ( 22%) committed,  1 nodes.
      Class space:        1.00 GB reserved,       2.44 MB ( <1%) committed,  1 nodes.
             Both:        1.06 GB reserved,      16.50 MB (  2%) committed. 

Chunk freelists:
   Non-Class:  1.76 MB
       Class:  13.58 MB
        Both:  15.34 MB

MaxMetaspaceSize: unlimited
CompressedClassSpaceSize: 1.00 GB
Initial GC threshold: 21.00 MB
Current GC threshold: 21.00 MB
CDS: on
MetaspaceReclaimPolicy: balanced
 - commit_granule_bytes: 65536.
 - commit_granule_words: 8192.
 - virtual_space_node_default_size: 8388608.
 - enlarge_chunks_in_place: 1.
 - new_chunks_are_fully_committed: 0.
 - uncommit_free_chunks: 1.
 - use_allocation_guard: 0.
 - handle_deallocations: 1.


Internal statistics:

num_allocs_failed_limit: 0.
num_arena_births: 212.
num_arena_deaths: 0.
num_vsnodes_births: 2.
num_vsnodes_deaths: 0.
num_space_committed: 264.
num_space_uncommitted: 0.
num_chunks_returned_to_freelist: 0.
num_chunks_taken_from_freelist: 761.
num_chunk_merges: 0.
num_chunk_splits: 502.
num_chunks_enlarged: 372.
num_inconsistent_stats: 0.

CodeHeap 'non-profiled nmethods': size=120000Kb used=1228Kb max_used=1228Kb free=118771Kb
 bounds [0x000001ed07ad0000, 0x000001ed07d40000, 0x000001ed0f000000]
CodeHeap 'profiled nmethods': size=120000Kb used=4775Kb max_used=4775Kb free=115224Kb
 bounds [0x000001ed00000000, 0x000001ed004b0000, 0x000001ed07530000]
CodeHeap 'non-nmethods': size=5760Kb used=1220Kb max_used=1286Kb free=4539Kb
 bounds [0x000001ed07530000, 0x000001ed077a0000, 0x000001ed07ad0000]
 total_blobs=2929 nmethods=2406 adapters=435
 compilation: enabled
              stopped_count=0, restarted_count=0
 full_count=0

Compilation events (20 events):
Event: 16.059 Thread 0x000001ed506cf640 2387       4       java.lang.StringLatin1::compareToCI (108 bytes)
Event: 16.059 Thread 0x000001ed79afed00 2389       3       java.lang.reflect.Proxy::newProxyInstance (35 bytes)
Event: 16.061 Thread 0x000001ed79afed00 nmethod 2389 0x000001ed00499e90 code [0x000001ed0049a080, 0x000001ed0049a4d8]
Event: 16.061 Thread 0x000001ed79afed00 2390       3       java.lang.reflect.Proxy::getProxyConstructor (92 bytes)
Event: 16.063 Thread 0x000001ed79afed00 nmethod 2390 0x000001ed0049a690 code [0x000001ed0049a9a0, 0x000001ed0049c048]
Event: 16.063 Thread 0x000001ed79afed00 2391   !   3       java.lang.reflect.Proxy::newProxyInstance (75 bytes)
Event: 16.064 Thread 0x000001ed79afed00 nmethod 2391 0x000001ed0049c610 code [0x000001ed0049c860, 0x000001ed0049d438]
Event: 16.078 Thread 0x000001ed506cf640 nmethod 2387 0x000001ed07c01d90 code [0x000001ed07c01f40, 0x000001ed07c02598]
Event: 16.078 Thread 0x000001ed506cf640 2369       4       java.util.concurrent.ConcurrentHashMap::get (162 bytes)
Event: 16.083 Thread 0x000001ed79afed00 2392       3       sun.reflect.annotation.AnnotationInvocationHandler::<init> (71 bytes)
Event: 16.085 Thread 0x000001ed79afed00 nmethod 2392 0x000001ed0049d890 code [0x000001ed0049db20, 0x000001ed0049e578]
Event: 16.085 Thread 0x000001ed506cf640 nmethod 2369 0x000001ed07c02910 code [0x000001ed07c02aa0, 0x000001ed07c02d78]
Event: 16.085 Thread 0x000001ed506cf640 2370   !   4       java.lang.ClassLoader::loadClass (121 bytes)
Event: 16.100 Thread 0x000001ed79afed00 2393       3       sun.reflect.annotation.AnnotationParser::parseArray (220 bytes)
Event: 16.102 Thread 0x000001ed79afed00 nmethod 2393 0x000001ed0049e990 code [0x000001ed0049ed00, 0x000001ed0049fbf8]
Event: 16.102 Thread 0x000001ed79afed00 2394       3       jdk.internal.loader.AbstractClassLoaderValue$Sub::equals (55 bytes)
Event: 16.102 Thread 0x000001ed79afed00 nmethod 2394 0x000001ed004a0010 code [0x000001ed004a0200, 0x000001ed004a0938]
Event: 16.111 Thread 0x000001ed79afed00 2395       3       java.nio.HeapByteBuffer::<init> (23 bytes)
Event: 16.111 Thread 0x000001ed79afed00 nmethod 2395 0x000001ed004a0a90 code [0x000001ed004a0c40, 0x000001ed004a0dc8]
Event: 16.232 Thread 0x000001ed79afed00 2396       3       javax.management.ObjectName::construct (1135 bytes)

GC Heap History (4 events):
Event: 1.361 GC heap before
{Heap before GC invocations=0 (full 0):
 garbage-first heap   total 260096K, used 26624K [0x0000000080000000, 0x0000000100000000)
  region size 1024K, 23 young (23552K), 0 survivors (0K)
 Metaspace       used 1978K, committed 2112K, reserved 1114112K
  class space    used 209K, committed 320K, reserved 1048576K
}
Event: 1.368 GC heap after
{Heap after GC invocations=1 (full 0):
 garbage-first heap   total 260096K, used 10932K [0x0000000080000000, 0x0000000100000000)
  region size 1024K, 3 young (3072K), 3 survivors (3072K)
 Metaspace       used 1978K, committed 2112K, reserved 1114112K
  class space    used 209K, committed 320K, reserved 1048576K
}
Event: 2.630 GC heap before
{Heap before GC invocations=1 (full 0):
 garbage-first heap   total 260096K, used 38580K [0x0000000080000000, 0x0000000100000000)
  region size 1024K, 30 young (30720K), 3 survivors (3072K)
 Metaspace       used 4045K, committed 4224K, reserved 1114112K
  class space    used 503K, committed 640K, reserved 1048576K
}
Event: 2.637 GC heap after
{Heap after GC invocations=2 (full 0):
 garbage-first heap   total 260096K, used 12022K [0x0000000080000000, 0x0000000100000000)
  region size 1024K, 2 young (2048K), 2 survivors (2048K)
 Metaspace       used 4045K, committed 4224K, reserved 1114112K
  class space    used 503K, committed 640K, reserved 1048576K
}

Dll operation events (15 events):
Event: 0.019 Loaded shared library C:\Users\chill\AppData\Local\Programs\Eclipse Adoptium\jdk-17.0.15.6-hotspot\bin\java.dll
Event: 0.051 Loaded shared library C:\Users\chill\AppData\Local\Programs\Eclipse Adoptium\jdk-17.0.15.6-hotspot\bin\jsvml.dll
Event: 0.176 Loaded shared library C:\Users\chill\AppData\Local\Programs\Eclipse Adoptium\jdk-17.0.15.6-hotspot\bin\zip.dll
Event: 0.182 Loaded shared library C:\Users\chill\AppData\Local\Programs\Eclipse Adoptium\jdk-17.0.15.6-hotspot\bin\instrument.dll
Event: 0.192 Loaded shared library C:\Users\chill\AppData\Local\Programs\Eclipse Adoptium\jdk-17.0.15.6-hotspot\bin\net.dll
Event: 0.196 Loaded shared library C:\Users\chill\AppData\Local\Programs\Eclipse Adoptium\jdk-17.0.15.6-hotspot\bin\nio.dll
Event: 0.205 Loaded shared library C:\Users\chill\AppData\Local\Programs\Eclipse Adoptium\jdk-17.0.15.6-hotspot\bin\zip.dll
Event: 0.793 Loaded shared library C:\Users\chill\AppData\Local\Programs\Eclipse Adoptium\jdk-17.0.15.6-hotspot\bin\jimage.dll
Event: 1.086 Loaded shared library C:\Users\chill\AppData\Local\Programs\Eclipse Adoptium\jdk-17.0.15.6-hotspot\bin\verify.dll
Event: 1.473 Loaded shared library C:\Users\chill\.gradle\native\c067742578af261105cb4f569cf0c3c89f3d7b1fecec35dd04571415982c5e48\windows-amd64\native-platform.dll
Event: 1.486 Loaded shared library C:\Users\chill\.gradle\native\100fb08df4bc3b14c8652ba06237920a3bd2aa13389f12d3474272988ae205f9\windows-amd64\native-platform-file-events.dll
Event: 4.136 Loaded shared library C:\Users\chill\AppData\Local\Programs\Eclipse Adoptium\jdk-17.0.15.6-hotspot\bin\management.dll
Event: 4.141 Loaded shared library C:\Users\chill\AppData\Local\Programs\Eclipse Adoptium\jdk-17.0.15.6-hotspot\bin\management_ext.dll
Event: 4.896 Loaded shared library C:\Users\chill\AppData\Local\Programs\Eclipse Adoptium\jdk-17.0.15.6-hotspot\bin\extnet.dll
Event: 10.119 Loaded shared library C:\Users\chill\AppData\Local\Programs\Eclipse Adoptium\jdk-17.0.15.6-hotspot\bin\sunmscapi.dll

Deoptimization events (20 events):
Event: 14.019 Thread 0x000001ed7e81a970 Uncommon trap: trap_request=0xffffff45 fr.pc=0x000001ed07af0ef0 relative=0x00000000000001d0
Event: 14.019 Thread 0x000001ed7e81a970 Uncommon trap: reason=unstable_if action=reinterpret pc=0x000001ed07af0ef0 method=java.util.regex.Matcher.reset()Ljava/util/regex/Matcher; @ 47 c2
Event: 14.019 Thread 0x000001ed7e81a970 DEOPT PACKING pc=0x000001ed07af0ef0 sp=0x000000c5315fad40
Event: 14.019 Thread 0x000001ed7e81a970 DEOPT UNPACKING pc=0x000001ed075869a3 sp=0x000000c5315facd0 mode 2
Event: 14.134 Thread 0x000001ed7e81a970 Uncommon trap: trap_request=0xffffff45 fr.pc=0x000001ed07af4b04 relative=0x0000000000000b04
Event: 14.134 Thread 0x000001ed7e81a970 Uncommon trap: reason=unstable_if action=reinterpret pc=0x000001ed07af4b04 method=java.io.WinNTFileSystem.resolve(Ljava/lang/String;Ljava/lang/String;)Ljava/lang/String; @ 19 c2
Event: 14.135 Thread 0x000001ed7e81a970 DEOPT PACKING pc=0x000001ed07af4b04 sp=0x000000c5315fb820
Event: 14.135 Thread 0x000001ed7e81a970 DEOPT UNPACKING pc=0x000001ed075869a3 sp=0x000000c5315fb7c8 mode 2
Event: 14.137 Thread 0x000001ed7e81a970 Uncommon trap: trap_request=0xffffff45 fr.pc=0x000001ed07b5d3f4 relative=0x0000000000000634
Event: 14.137 Thread 0x000001ed7e81a970 Uncommon trap: reason=unstable_if action=reinterpret pc=0x000001ed07b5d3f4 method=java.io.File.getName()Ljava/lang/String; @ 16 c2
Event: 14.137 Thread 0x000001ed7e81a970 DEOPT PACKING pc=0x000001ed07b5d3f4 sp=0x000000c5315fb7c0
Event: 14.137 Thread 0x000001ed7e81a970 DEOPT UNPACKING pc=0x000001ed075869a3 sp=0x000000c5315fb790 mode 2
Event: 14.352 Thread 0x000001ed7e81a970 Uncommon trap: trap_request=0xffffff45 fr.pc=0x000001ed07b777fc relative=0x000000000000075c
Event: 14.352 Thread 0x000001ed7e81a970 Uncommon trap: reason=unstable_if action=reinterpret pc=0x000001ed07b777fc method=java.util.ArrayList.grow(I)[Ljava/lang/Object; @ 17 c2
Event: 14.352 Thread 0x000001ed7e81a970 DEOPT PACKING pc=0x000001ed07b777fc sp=0x000000c5315fd150
Event: 14.352 Thread 0x000001ed7e81a970 DEOPT UNPACKING pc=0x000001ed075869a3 sp=0x000000c5315fcfe8 mode 2
Event: 16.036 Thread 0x000001ed7e0a96c0 Uncommon trap: trap_request=0xffffff45 fr.pc=0x000001ed07b01378 relative=0x00000000000002d8
Event: 16.036 Thread 0x000001ed7e0a96c0 Uncommon trap: reason=unstable_if action=reinterpret pc=0x000001ed07b01378 method=java.lang.StringLatin1.compareToCI([B[B)I @ 31 c2
Event: 16.037 Thread 0x000001ed7e0a96c0 DEOPT PACKING pc=0x000001ed07b01378 sp=0x000000c5311fec50
Event: 16.037 Thread 0x000001ed7e0a96c0 DEOPT UNPACKING pc=0x000001ed075869a3 sp=0x000000c5311febf8 mode 2

Classes loaded (20 events):
Event: 14.210 Loading class java/util/concurrent/Semaphore
Event: 14.211 Loading class java/util/concurrent/Semaphore done
Event: 14.214 Loading class java/nio/file/FileVisitOption
Event: 14.215 Loading class java/nio/file/FileVisitOption done
Event: 14.223 Loading class java/util/stream/ReduceOps$1
Event: 14.223 Loading class java/util/stream/ReduceOps$1 done
Event: 14.223 Loading class java/util/stream/ReduceOps$1ReducingSink
Event: 14.223 Loading class java/util/stream/ReduceOps$1ReducingSink done
Event: 14.840 Loading class java/util/function/LongFunction
Event: 14.840 Loading class java/util/function/LongFunction done
Event: 15.999 Loading class java/security/InvalidKeyException
Event: 15.999 Loading class java/security/KeyException
Event: 15.999 Loading class java/security/KeyException done
Event: 15.999 Loading class java/security/InvalidKeyException done
Event: 16.029 Loading class java/util/concurrent/LinkedBlockingDeque$Itr
Event: 16.029 Loading class java/util/concurrent/LinkedBlockingDeque$AbstractItr
Event: 16.029 Loading class java/util/concurrent/LinkedBlockingDeque$AbstractItr done
Event: 16.029 Loading class java/util/concurrent/LinkedBlockingDeque$Itr done
Event: 16.031 Loading class java/math/MathContext
Event: 16.031 Loading class java/math/MathContext done

Classes unloaded (0 events):
No events

Classes redefined (0 events):
No events

Internal exceptions (20 events):
Event: 12.840 Thread 0x000001ed7e81a970 Exception <a 'java/lang/NoSuchMethodError'{0x000000008c626238}: 'long java.lang.invoke.DirectMethodHandle$Holder.invokeInterface(java.lang.Object, java.lang.Object)'> (0x000000008c626238) 
thrown [s\src\hotspot\share\interpreter\linkResolver.cpp, line 759]
Event: 13.084 Thread 0x000001ed7e81a970 Exception <a 'java/lang/NoSuchMethodError'{0x000000008c270f10}: 'void java.lang.invoke.DirectMethodHandle$Holder.invokeStatic(java.lang.Object, java.lang.Object)'> (0x000000008c270f10) 
thrown [s\src\hotspot\share\interpreter\linkResolver.cpp, line 759]
Event: 13.237 Thread 0x000001ed7e81a970 Exception <a 'java/lang/NoSuchMethodError'{0x000000008c02f328}: 'java.lang.Object java.lang.invoke.DirectMethodHandle$Holder.newInvokeSpecial(java.lang.Object, java.lang.Object, java.lang.Object, java.lang.Object, java.lang.Object)'> (0x000000008c02f328) 
thrown [s\src\hotspot\share\interpreter\linkResolver.cpp, line 759]
Event: 13.481 Thread 0x000001ed7e81a970 Exception <a 'java/lang/NoSuchMethodError'{0x000000008bd10d68}: 'java.lang.Object java.lang.invoke.DirectMethodHandle$Holder.newInvokeSpecial(java.lang.Object, java.lang.Object, java.lang.Object, java.lang.Object, java.lang.Object, java.lang.Object)'> (0x000000008bd10d68) 
thrown [s\src\hotspot\share\interpreter\linkResolver.cpp, line 759]
Event: 13.486 Thread 0x000001ed7e81a970 Exception <a 'java/lang/NoSuchMethodError'{0x000000008bd29368}: 'void java.lang.invoke.DirectMethodHandle$Holder.invokeSpecial(java.lang.Object, java.lang.Object, java.lang.Object, java.lang.Object, java.lang.Object)'> (0x000000008bd29368) 
thrown [s\src\hotspot\share\interpreter\linkResolver.cpp, line 759]
Event: 13.492 Thread 0x000001ed7e81a970 Exception <a 'java/lang/NoSuchMethodError'{0x000000008bd3db18}: 'void java.lang.invoke.DirectMethodHandle$Holder.invokeStaticInit(java.lang.Object, java.lang.Object)'> (0x000000008bd3db18) 
thrown [s\src\hotspot\share\interpreter\linkResolver.cpp, line 759]
Event: 13.664 Thread 0x000001ed7e81a970 Exception <a 'java/lang/NoSuchMethodError'{0x000000008ba193b8}: 'void java.lang.invoke.DelegatingMethodHandle$Holder.reinvoke_L(java.lang.Object, java.lang.Object, java.lang.Object, java.lang.Object, java.lang.Object, java.lang.Object, java.lang.Object, java.lang.Object, java.lang.Object, java.lang.Object)'> (0x000000008ba193b8) 
thrown [s\src\hotspot\share\interpreter\linkResolver.cpp, line 759]
Event: 13.667 Thread 0x000001ed7e81a970 Exception <a 'java/lang/NoSuchMethodError'{0x000000008ba21828}: 'java.lang.Object java.lang.invoke.DirectMethodHandle$Holder.invokeSpecial(java.lang.Object, java.lang.Object, java.lang.Object, java.lang.Object, java.lang.Object, java.lang.Object, java.lang.Object, java.lang.Object, java.lang.Object, java.lang.Object)'> (0x000000008ba21828) 
thrown [s\src\hotspot\share\interpreter\linkResolver.cpp, line 759]
Event: 13.668 Thread 0x000001ed7e81a970 Exception <a 'java/lang/NoSuchMethodError'{0x000000008ba260f8}: 'java.lang.Object java.lang.invoke.Invokers$Holder.invoker(java.lang.Object, java.lang.Object, java.lang.Object, java.lang.Object, java.lang.Object, java.lang.Object, java.lang.Object, java.lang.Object, java.lang.Object, java.lang.Object)'> (0x000000008ba260f8) 
thrown [s\src\hotspot\share\interpreter\linkResolver.cpp, line 759]
Event: 13.670 Thread 0x000001ed7e81a970 Exception <a 'java/lang/NoSuchMethodError'{0x000000008ba2bc80}: 'java.lang.Object java.lang.invoke.DirectMethodHandle$Holder.invokeSpecial(java.lang.Object, java.lang.Object, java.lang.Object, java.lang.Object, java.lang.Object, java.lang.Object, java.lang.Object, java.lang.Object, java.lang.Object, java.lang.Object, java.lang.Object)'> (0x000000008ba2bc80) 
thrown [s\src\hotspot\share\interpreter\linkResolver.cpp, line 759]
Event: 13.954 Thread 0x000001ed7e81a970 Exception <a 'java/lang/NoSuchMethodError'{0x000000008b41cd08}: 'void java.lang.invoke.DirectMethodHandle$Holder.invokeStaticInit(java.lang.Object)'> (0x000000008b41cd08) 
thrown [s\src\hotspot\share\interpreter\linkResolver.cpp, line 759]
Event: 13.981 Thread 0x000001ed7e81a970 Exception <a 'java/lang/NoSuchMethodError'{0x000000008b4cf598}: 'java.lang.Object java.lang.invoke.DirectMethodHandle$Holder.newInvokeSpecial(java.lang.Object, java.lang.Object, java.lang.Object, int)'> (0x000000008b4cf598) 
thrown [s\src\hotspot\share\interpreter\linkResolver.cpp, line 759]
Event: 13.983 Thread 0x000001ed7e81a970 Exception <a 'java/lang/NoSuchMethodError'{0x000000008b4d3ec8}: 'java.lang.Object java.lang.invoke.DirectMethodHandle$Holder.invokeSpecial(java.lang.Object, java.lang.Object, java.lang.Object, java.lang.Object, int)'> (0x000000008b4d3ec8) 
thrown [s\src\hotspot\share\interpreter\linkResolver.cpp, line 759]
Event: 13.983 Thread 0x000001ed7e81a970 Exception <a 'java/lang/NoSuchMethodError'{0x000000008b4d7fe0}: 'java.lang.Object java.lang.invoke.Invokers$Holder.linkToTargetMethod(java.lang.Object, java.lang.Object, int, java.lang.Object)'> (0x000000008b4d7fe0) 
thrown [s\src\hotspot\share\interpreter\linkResolver.cpp, line 759]
Event: 14.174 Thread 0x000001ed7e81a970 Exception <a 'java/lang/NoSuchMethodError'{0x000000008ae7bbb0}: 'int java.lang.invoke.DirectMethodHandle$Holder.invokeVirtual(java.lang.Object, java.lang.Object, java.lang.Object)'> (0x000000008ae7bbb0) 
thrown [s\src\hotspot\share\interpreter\linkResolver.cpp, line 759]
Event: 14.219 Thread 0x000001ed7e81a970 Exception <a 'java/lang/NoSuchMethodError'{0x000000008ad84330}: 'int java.lang.invoke.DirectMethodHandle$Holder.invokeSpecialIFC(java.lang.Object, java.lang.Object, java.lang.Object, java.lang.Object)'> (0x000000008ad84330) 
thrown [s\src\hotspot\share\interpreter\linkResolver.cpp, line 759]
Event: 14.222 Thread 0x000001ed7e81a970 Exception <a 'java/lang/NoSuchMethodError'{0x000000008ad93170}: 'java.lang.Object java.lang.invoke.DirectMethodHandle$Holder.invokeInterface(java.lang.Object, java.lang.Object, java.lang.Object)'> (0x000000008ad93170) 
thrown [s\src\hotspot\share\interpreter\linkResolver.cpp, line 759]
Event: 14.222 Thread 0x000001ed7e81a970 Exception <a 'java/lang/IncompatibleClassChangeError'{0x000000008ad96d88}: Found class java.lang.Object, but interface was expected> (0x000000008ad96d88) 
thrown [s\src\hotspot\share\interpreter\linkResolver.cpp, line 826]
Event: 14.303 Thread 0x000001ed7e81a970 Exception <a 'java/lang/NoSuchMethodError'{0x000000008ab81c88}: 'int java.lang.invoke.DirectMethodHandle$Holder.invokeStatic(java.lang.Object, java.lang.Object, java.lang.Object, java.lang.Object)'> (0x000000008ab81c88) 
thrown [s\src\hotspot\share\interpreter\linkResolver.cpp, line 759]
Event: 14.304 Thread 0x000001ed7e81a970 Exception <a 'java/lang/NoSuchMethodError'{0x000000008ab85b28}: 'java.lang.Object java.lang.invoke.Invokers$Holder.invokeExact_MT(java.lang.Object, java.lang.Object, java.lang.Object, java.lang.Object, java.lang.Object, java.lang.Object)'> (0x000000008ab85b28) 
thrown [s\src\hotspot\share\interpreter\linkResolver.cpp, line 759]

VM Operations (20 events):
Event: 10.814 Executing VM operation: Cleanup done
Event: 12.820 Executing VM operation: Cleanup
Event: 12.820 Executing VM operation: Cleanup done
Event: 13.591 Executing VM operation: HandshakeAllThreads
Event: 13.591 Executing VM operation: HandshakeAllThreads done
Event: 14.144 Executing VM operation: HandshakeAllThreads
Event: 14.144 Executing VM operation: HandshakeAllThreads done
Event: 14.144 Executing VM operation: Cleanup
Event: 14.145 Executing VM operation: Cleanup done
Event: 14.145 Executing VM operation: HandshakeAllThreads
Event: 14.145 Executing VM operation: HandshakeAllThreads done
Event: 14.392 Executing VM operation: HandshakeAllThreads
Event: 14.392 Executing VM operation: HandshakeAllThreads done
Event: 14.393 Executing VM operation: HandshakeAllThreads
Event: 14.393 Executing VM operation: HandshakeAllThreads done
Event: 15.403 Executing VM operation: Cleanup
Event: 15.403 Executing VM operation: Cleanup done
Event: 16.038 Executing VM operation: HandshakeAllThreads
Event: 16.039 Executing VM operation: HandshakeAllThreads done
Event: 17.048 Executing VM operation: Cleanup

Memory protections (0 events):
No events

Nmethod flushes (0 events):
No events

Events (20 events):
Event: 1.719 Thread 0x000001ed7eba8d60 Thread exited: 0x000001ed7eba8d60
Event: 1.722 Thread 0x000001ed79c53aa0 Thread exited: 0x000001ed79c53aa0
Event: 1.913 Thread 0x000001ed79afed00 Thread added: 0x000001ed79c539f0
Event: 2.574 Thread 0x000001ed79c539f0 Thread exited: 0x000001ed79c539f0
Event: 3.209 Thread 0x000001ed79afed00 Thread added: 0x000001ed7efab580
Event: 4.229 Thread 0x000001ed68164930 Thread added: 0x000001ed7f79abb0
Event: 4.629 Thread 0x000001ed7efab580 Thread exited: 0x000001ed7efab580
Event: 5.729 Thread 0x000001ed68164930 Thread added: 0x000001ed50068090
Event: 6.020 Thread 0x000001ed68164930 Thread added: 0x000001ed7e0a96c0
Event: 10.412 Thread 0x000001ed50068090 Thread added: 0x000001ed7e9d61f0
Event: 10.466 Thread 0x000001ed7e9d61f0 Thread added: 0x000001ed7f5fa080
Event: 12.560 Thread 0x000001ed7e9d61f0 Thread added: 0x000001ed7e819f50
Event: 12.585 Thread 0x000001ed7e9d61f0 Thread added: 0x000001ed7e81a970
Event: 12.621 Thread 0x000001ed7e81a970 Thread added: 0x000001ed7e81b390
Event: 12.629 Thread 0x000001ed7e81a970 Thread added: 0x000001ed7e81b8a0
Event: 12.648 Thread 0x000001ed7e81a970 Thread added: 0x000001ed7e8180f0
Event: 13.978 Thread 0x000001ed7e81a970 Thread added: 0x000001ed7e819a40
Event: 14.002 Thread 0x000001ed7e81a970 Thread added: 0x000001ed7e818600
Event: 14.065 Thread 0x000001ed7e81a970 Thread added: 0x000001ed7e81a460
Event: 16.058 Thread 0x000001ed79afed00 Thread added: 0x000001ed506cf640


Dynamic libraries:
0x00007ff6a75c0000 - 0x00007ff6a75ce000 	C:\Users\chill\AppData\Local\Programs\Eclipse Adoptium\jdk-17.0.15.6-hotspot\bin\java.exe
0x00007ffe2d3a0000 - 0x00007ffe2d608000 	C:\Windows\SYSTEM32\ntdll.dll
0x00007ffe2b6a0000 - 0x00007ffe2b769000 	C:\Windows\System32\KERNEL32.DLL
0x00007ffe2aaa0000 - 0x00007ffe2ae92000 	C:\Windows\System32\KERNELBASE.dll
0x00007ffe2a950000 - 0x00007ffe2aa9b000 	C:\Windows\System32\ucrtbase.dll
0x00007ffe22e50000 - 0x00007ffe22e67000 	C:\Users\chill\AppData\Local\Programs\Eclipse Adoptium\jdk-17.0.15.6-hotspot\bin\jli.dll
0x00007ffe2d010000 - 0x00007ffe2d1d5000 	C:\Windows\System32\USER32.dll
0x00007ffe22de0000 - 0x00007ffe22dfe000 	C:\Users\chill\AppData\Local\Programs\Eclipse Adoptium\jdk-17.0.15.6-hotspot\bin\VCRUNTIME140.dll
0x00007ffe2a5e0000 - 0x00007ffe2a607000 	C:\Windows\System32\win32u.dll
0x00007ffe2b310000 - 0x00007ffe2b33b000 	C:\Windows\System32\GDI32.dll
0x00007ffe17490000 - 0x00007ffe17723000 	C:\Windows\WinSxS\amd64_microsoft.windows.common-controls_6595b64144ccf1df_6.0.26100.6899_none_3e0efeeae32e88c1\COMCTL32.dll
0x00007ffe2a780000 - 0x00007ffe2a8ad000 	C:\Windows\System32\gdi32full.dll
0x00007ffe2a530000 - 0x00007ffe2a5d3000 	C:\Windows\System32\msvcp_win.dll
0x00007ffe2b340000 - 0x00007ffe2b3e9000 	C:\Windows\System32\msvcrt.dll
0x00007ffe2d260000 - 0x00007ffe2d28f000 	C:\Windows\System32\IMM32.DLL
0x00007ffe22dd0000 - 0x00007ffe22ddc000 	C:\Users\chill\AppData\Local\Programs\Eclipse Adoptium\jdk-17.0.15.6-hotspot\bin\vcruntime140_1.dll
0x00007ffdf5500000 - 0x00007ffdf558d000 	C:\Users\chill\AppData\Local\Programs\Eclipse Adoptium\jdk-17.0.15.6-hotspot\bin\msvcp140.dll
0x00007ffd7c440000 - 0x00007ffd7d0ab000 	C:\Users\chill\AppData\Local\Programs\Eclipse Adoptium\jdk-17.0.15.6-hotspot\bin\server\jvm.dll
0x00007ffe2d2a0000 - 0x00007ffe2d354000 	C:\Windows\System32\ADVAPI32.dll
0x00007ffe2cd30000 - 0x00007ffe2cdd6000 	C:\Windows\System32\sechost.dll
0x00007ffe2b770000 - 0x00007ffe2b888000 	C:\Windows\System32\RPCRT4.dll
0x00007ffe2d1e0000 - 0x00007ffe2d254000 	C:\Windows\System32\WS2_32.dll
0x00007ffe2a390000 - 0x00007ffe2a3ee000 	C:\Windows\SYSTEM32\POWRPROF.dll
0x00007ffe17ba0000 - 0x00007ffe17bd5000 	C:\Windows\SYSTEM32\WINMM.dll
0x00007ffe23320000 - 0x00007ffe2332b000 	C:\Windows\SYSTEM32\VERSION.dll
0x00007ffe2a370000 - 0x00007ffe2a384000 	C:\Windows\SYSTEM32\UMPDC.dll
0x00007ffe29300000 - 0x00007ffe2931b000 	C:\Windows\SYSTEM32\kernel.appcore.dll
0x00007ffe1c870000 - 0x00007ffe1c87a000 	C:\Users\chill\AppData\Local\Programs\Eclipse Adoptium\jdk-17.0.15.6-hotspot\bin\jimage.dll
0x00007ffe17e70000 - 0x00007ffe180b2000 	C:\Windows\SYSTEM32\DBGHELP.DLL
0x00007ffe2ba70000 - 0x00007ffe2bdeb000 	C:\Windows\System32\combase.dll
0x00007ffe2ca90000 - 0x00007ffe2cb67000 	C:\Windows\System32\OLEAUT32.dll
0x00007ffdffb20000 - 0x00007ffdffb5c000 	C:\Windows\SYSTEM32\dbgcore.DLL
0x00007ffe2a8b0000 - 0x00007ffe2a948000 	C:\Windows\System32\bcryptPrimitives.dll
0x00007ffe0b170000 - 0x00007ffe0b17e000 	C:\Users\chill\AppData\Local\Programs\Eclipse Adoptium\jdk-17.0.15.6-hotspot\bin\instrument.dll
0x00007ffe1c840000 - 0x00007ffe1c865000 	C:\Users\chill\AppData\Local\Programs\Eclipse Adoptium\jdk-17.0.15.6-hotspot\bin\java.dll
0x00007ffdbe7a0000 - 0x00007ffdbe877000 	C:\Users\chill\AppData\Local\Programs\Eclipse Adoptium\jdk-17.0.15.6-hotspot\bin\jsvml.dll
0x00007ffe2c310000 - 0x00007ffe2ca5d000 	C:\Windows\System32\SHELL32.dll
0x00007ffe2a610000 - 0x00007ffe2a77b000 	C:\Windows\System32\wintypes.dll
0x00007ffe28220000 - 0x00007ffe28a7d000 	C:\Windows\SYSTEM32\windows.storage.dll
0x00007ffe2cc30000 - 0x00007ffe2cd22000 	C:\Windows\System32\SHCORE.dll
0x00007ffe2b400000 - 0x00007ffe2b462000 	C:\Windows\System32\shlwapi.dll
0x00007ffe2a450000 - 0x00007ffe2a479000 	C:\Windows\SYSTEM32\profapi.dll
0x00007ffdf6530000 - 0x00007ffdf6548000 	C:\Users\chill\AppData\Local\Programs\Eclipse Adoptium\jdk-17.0.15.6-hotspot\bin\zip.dll
0x00007ffe1c820000 - 0x00007ffe1c839000 	C:\Users\chill\AppData\Local\Programs\Eclipse Adoptium\jdk-17.0.15.6-hotspot\bin\net.dll
0x00007ffe224b0000 - 0x00007ffe225cf000 	C:\Windows\SYSTEM32\WINHTTP.dll
0x00007ffe29870000 - 0x00007ffe298db000 	C:\Windows\system32\mswsock.dll
0x00007ffdffb60000 - 0x00007ffdffb76000 	C:\Users\chill\AppData\Local\Programs\Eclipse Adoptium\jdk-17.0.15.6-hotspot\bin\nio.dll
0x00007ffe17d50000 - 0x00007ffe17d60000 	C:\Users\chill\AppData\Local\Programs\Eclipse Adoptium\jdk-17.0.15.6-hotspot\bin\verify.dll
0x00007ffe15eb0000 - 0x00007ffe15ed7000 	C:\Users\chill\.gradle\native\c067742578af261105cb4f569cf0c3c89f3d7b1fecec35dd04571415982c5e48\windows-amd64\native-platform.dll
0x00007ffdb4de0000 - 0x00007ffdb4f24000 	C:\Users\chill\.gradle\native\100fb08df4bc3b14c8652ba06237920a3bd2aa13389f12d3474272988ae205f9\windows-amd64\native-platform-file-events.dll
0x00007ffe13e70000 - 0x00007ffe13e7a000 	C:\Users\chill\AppData\Local\Programs\Eclipse Adoptium\jdk-17.0.15.6-hotspot\bin\management.dll
0x00007ffe0b290000 - 0x00007ffe0b29b000 	C:\Users\chill\AppData\Local\Programs\Eclipse Adoptium\jdk-17.0.15.6-hotspot\bin\management_ext.dll
0x00007ffe2cf40000 - 0x00007ffe2cf48000 	C:\Windows\System32\PSAPI.DLL
0x00007ffe29b30000 - 0x00007ffe29b4b000 	C:\Windows\SYSTEM32\CRYPTSP.dll
0x00007ffe29260000 - 0x00007ffe2929b000 	C:\Windows\system32\rsaenh.dll
0x00007ffe29910000 - 0x00007ffe2993b000 	C:\Windows\SYSTEM32\USERENV.dll
0x00007ffe2a420000 - 0x00007ffe2a446000 	C:\Windows\SYSTEM32\bcrypt.dll
0x00007ffe29b20000 - 0x00007ffe29b2c000 	C:\Windows\SYSTEM32\CRYPTBASE.dll
0x00007ffe28dd0000 - 0x00007ffe28e04000 	C:\Windows\SYSTEM32\IPHLPAPI.DLL
0x00007ffe2b470000 - 0x00007ffe2b47a000 	C:\Windows\System32\NSI.dll
0x00007ffe221f0000 - 0x00007ffe2220e000 	C:\Windows\SYSTEM32\dhcpcsvc6.DLL
0x00007ffe221c0000 - 0x00007ffe221e3000 	C:\Windows\SYSTEM32\dhcpcsvc.DLL
0x00007ffe28e70000 - 0x00007ffe28f96000 	C:\Windows\SYSTEM32\DNSAPI.dll
0x00007ffe098d0000 - 0x00007ffe098d9000 	C:\Users\chill\AppData\Local\Programs\Eclipse Adoptium\jdk-17.0.15.6-hotspot\bin\extnet.dll
0x00007ffe08580000 - 0x00007ffe0858e000 	C:\Users\chill\AppData\Local\Programs\Eclipse Adoptium\jdk-17.0.15.6-hotspot\bin\sunmscapi.dll
0x00007ffe2aea0000 - 0x00007ffe2b017000 	C:\Windows\System32\CRYPT32.dll
0x00007ffe29d40000 - 0x00007ffe29d70000 	C:\Windows\SYSTEM32\ncrypt.dll
0x00007ffe29cf0000 - 0x00007ffe29d2f000 	C:\Windows\SYSTEM32\NTASN1.dll
0x00007ffdb0d60000 - 0x00007ffdb0d68000 	C:\Windows\system32\wshunix.dll

dbghelp: loaded successfully - version: 4.0.5 - missing functions: none
symbol engine: initialized successfully - sym options: 0x614 - pdb path: .;C:\Users\chill\AppData\Local\Programs\Eclipse Adoptium\jdk-17.0.15.6-hotspot\bin;C:\Windows\SYSTEM32;C:\Windows\WinSxS\amd64_microsoft.windows.common-controls_6595b64144ccf1df_6.0.26100.6899_none_3e0efeeae32e88c1;C:\Users\chill\AppData\Local\Programs\Eclipse Adoptium\jdk-17.0.15.6-hotspot\bin\server;C:\Users\chill\.gradle\native\c067742578af261105cb4f569cf0c3c89f3d7b1fecec35dd04571415982c5e48\windows-amd64;C:\Users\chill\.gradle\native\100fb08df4bc3b14c8652ba06237920a3bd2aa13389f12d3474272988ae205f9\windows-amd64

VM Arguments:
jvm_args: --add-opens=java.base/java.util=ALL-UNNAMED --add-opens=java.base/java.lang=ALL-UNNAMED --add-opens=java.base/java.lang.invoke=ALL-UNNAMED --add-opens=java.prefs/java.util.prefs=ALL-UNNAMED --add-opens=java.base/java.nio.charset=ALL-UNNAMED --add-opens=java.base/java.net=ALL-UNNAMED --add-opens=java.base/java.util.concurrent.atomic=ALL-UNNAMED -Xmx2G -Dfile.encoding=windows-1252 -Duser.country=US -Duser.language=en -Duser.variant -javaagent:C:\Users\chill\.gradle\wrapper\dists\gradle-8.8-bin\dl7vupf4psengwqhwktix4v1\gradle-8.8\lib\agents\gradle-instrumentation-agent-8.8.jar 
java_command: org.gradle.launcher.daemon.bootstrap.GradleDaemon 8.8
java_class_path (initial): C:\Users\chill\.gradle\wrapper\dists\gradle-8.8-bin\dl7vupf4psengwqhwktix4v1\gradle-8.8\lib\gradle-launcher-8.8.jar
Launcher Type: SUN_STANDARD

[Global flags]
     intx CICompilerCount                          = 4                                         {product} {ergonomic}
     uint ConcGCThreads                            = 2                                         {product} {ergonomic}
     uint G1ConcRefinementThreads                  = 8                                         {product} {ergonomic}
   size_t G1HeapRegionSize                         = 1048576                                   {product} {ergonomic}
    uintx GCDrainStackTargetSize                   = 64                                        {product} {ergonomic}
   size_t InitialHeapSize                          = 266338304                                 {product} {ergonomic}
   size_t MarkStackSize                            = 4194304                                   {product} {ergonomic}
   size_t MaxHeapSize                              = 2147483648                                {product} {command line}
   size_t MaxNewSize                               = 1287651328                                {product} {ergonomic}
   size_t MinHeapDeltaBytes                        = 1048576                                   {product} {ergonomic}
   size_t MinHeapSize                              = 8388608                                   {product} {ergonomic}
    uintx NonNMethodCodeHeapSize                   = 5839372                                {pd product} {ergonomic}
    uintx NonProfiledCodeHeapSize                  = 122909434                              {pd product} {ergonomic}
    uintx ProfiledCodeHeapSize                     = 122909434                              {pd product} {ergonomic}
    uintx ReservedCodeCacheSize                    = 251658240                              {pd product} {ergonomic}
     bool SegmentedCodeCache                       = true                                      {product} {ergonomic}
   size_t SoftMaxHeapSize                          = 2147483648                             {manageable} {ergonomic}
     bool UseCompressedClassPointers               = true                           {product lp64_product} {ergonomic}
     bool UseCompressedOops                        = true                           {product lp64_product} {ergonomic}
     bool UseG1GC                                  = true                                      {product} {ergonomic}
     bool UseLargePagesIndividualAllocation        = false                                  {pd product} {ergonomic}

Logging:
Log output configuration:
 #0: stdout all=warning uptime,level,tags
 #1: stderr all=off uptime,level,tags

Environment Variables:
JAVA_HOME=C:\Users\chill\AppData\Local\Programs\Eclipse Adoptium\jdk-17.0.15.6-hotspot
CLASSPATH=C:\Users\chill\Downloads\ZooTycoonSimulation\\gradle\wrapper\gradle-wrapper.jar
PATH=C:\Program Files (x86)\VMware\VMware Workstation\bin\;C:\Users\chill\AppData\Local\Programs\Eclipse Adoptium\jdk-17.0.15.6-hotspot\bin;C:\Program Files\Zulu\zulu-23\bin\;C:\Program Files\Common Files\Oracle\Java\javapath;C:\Program Files (x86)\Common Files\Oracle\Java\java8path;C:\Program Files (x86)\Common Files\Oracle\Java\javapath;C:\WINDOWS\system32;C:\WINDOWS;C:\WINDOWS\System32\Wbem;C:\WINDOWS\System32\WindowsPowerShell\v1.0\;C:\WINDOWS\System32\OpenSSH\;C:\Program Files\Intel\WiFi\bin\;C:\Program Files\Common Files\Intel\WirelessCommon\;C:\Program Files\Git\cmd;C:\Program Files\playit_gg\bin\;C:\Users\chill\.config\herd\bin\nvm;C:\Program Files\nodejs;C:\Program Files\nodejs\;C:\Users\chill\Downloads\platform-tools-latest-windows\platform-tools;C:\Windows\system32;C:\Windows;C:\Windows\System32\Wbem;C:\Windows\System32\WindowsPowerShell\v1.0\;C:\Windows\System32\OpenSSH\;C:\Program Files\dotnet\;C:\Users\chill\AppData\Local\Muse Hub\lib;C:\Windows\AtlasModules;C:\Windows\AtlasModules\Tools;C:\Windows\AtlasModules\Scripts;C:\Users\chill\AppData\Local\pnpm;C:\Users\chill\AppData\Local\Programs\Python\Python313\Scripts\;C:\Users\chill\AppData\Local\Programs\Python\Python313\;C:\Users\chill\.config\herd\bin;C:\Users\chill\AppData\Local\Microsoft\WindowsApps;C:\Users\chill\AppData\Local\Programs\Microsoft VS Code Insiders\bin;C:\Users\chill\AppData\Roaming\npm;C:\Users\chill\Downloads\kotlin-compiler-2.1.0\kotlinc\bin;C:\Program Files\kotlin-compiler-2.1.0\kotlinc\bin;C:\Users\chill\AppData\Local\Muse Hub\lib;C:\Users\chill\AppData\Local\Programs\Microsoft VS Code\bin;C:\Users\chill\AppData\Local\Programs\Antigravity\bin
USERNAME=chill
LANG=en_US.UTF-8
OS=Windows_NT
PROCESSOR_IDENTIFIER=Intel64 Family 6 Model 142 Stepping 12, GenuineIntel
TMP=C:\Users\chill\AppData\Local\Temp
TEMP=C:\Users\chill\AppData\Local\Temp



Periodic native trim disabled


---------------  S Y S T E M  ---------------

OS:
 Windows 11 , 64 bit Build 26100 (10.0.26100.6725)
OS uptime: 0 days 7:39 hours

CPU: total 8 (initial active 8) (4 cores per cpu, 2 threads per core) family 6 model 142 stepping 12 microcode 0xf8, cx8, cmov, fxsr, ht, mmx, 3dnowpref, sse, sse2, sse3, ssse3, sse4.1, sse4.2, popcnt, lzcnt, tsc, tscinvbit, avx, avx2, aes, erms, clmul, bmi1, bmi2, adx, fma, vzeroupper, clflush, clflushopt
Processor Information for all 8 processors :
  Max Mhz: 1896, Current Mhz: 798, Mhz Limit: 796

Memory: 4k page, system-wide physical 16131M (3926M free)
TotalPageFile size 16131M (AvailPageFile size 77M)
current process WorkingSet (physical memory assigned to process): 204M, peak: 204M
current process commit charge ("private bytes"): 405M, peak: 405M

vm_info: OpenJDK 64-Bit Server VM (17.0.15+6) for windows-amd64 JRE (17.0.15+6), built on Apr 15 2025 21:25:47 by "admin" with MS VC++ 17.7 (VS2022)

END.
